<?xml version="1.0" encoding="UTF-8" ?>
<testsuite errors="12" failures="0" hostname="NUFLCNU417CBJ1" name="TempRunner" skipped="249" tests="1474" time="1987.243" timestamp="2016-09-16T13:37:53">
  <properties>
    <property name="java.vendor" value="Oracle Corporation" />
    <property name="env.JENKINS_SERVER_COOKIE" value="1aa8fba696c6dd4d" />
    <property name="sun.java.launcher" value="SUN_STANDARD" />
    <property name="sun.management.compiler" value="HotSpot 64-Bit Tiered Compilers" />
    <property name="env.PROMPT" value="$P$G" />
    <property name="os.name" value="Windows 7" />
    <property name="env.FP_NO_HOST_CHECK" value="NO" />
    <property name="sun.boot.class.path" value="C:\Program Files\Java\jdk1.8.0_65\jre\lib\resources.jar;C:\Program Files\Java\jdk1.8.0_65\jre\lib\rt.jar;C:\Program Files\Java\jdk1.8.0_65\jre\lib\sunrsasign.jar;C:\Program Files\Java\jdk1.8.0_65\jre\lib\jsse.jar;C:\Program Files\Java\jdk1.8.0_65\jre\lib\jce.jar;C:\Program Files\Java\jdk1.8.0_65\jre\lib\charsets.jar;C:\Program Files\Java\jdk1.8.0_65\jre\lib\jfr.jar;C:\Program Files\Java\jdk1.8.0_65\jre\classes" />
    <property name="env.COMPUTERNAME" value="NUFLCNU417CBJ1" />
    <property name="env.CommonProgramW6432" value="C:\Program Files\Common Files" />
    <property name="env.ALLUSERSPROFILE" value="C:\ProgramData" />
    <property name="sun.desktop" value="windows" />
    <property name="java.vm.specification.vendor" value="Oracle Corporation" />
    <property name="ant.home" value="C:\apache-ant-1.9.7" />
    <property name="java.runtime.version" value="1.8.0_65-b17" />
    <property name="env.BUILD_DISPLAY_NAME" value="#30" />
    <property name="env.HOMEPATH" value="\" />
    <property name="env.HOMESHARE" value="\\svr-corpdata\users$\Maxkarpov" />
    <property name="ant.file.type.Simple" value="file" />
    <property name="user.name" value="Maxkarpov" />
    <property name="user.language" value="en" />
    <property name="env.windows_tracing_flags" value="3" />
    <property name="sun.boot.library.path" value="C:\Program Files\Java\jdk1.8.0_65\jre\bin" />
    <property name="ant.project.default-target" value="build" />
    <property name="ant.project.name" value="Simple" />
    <property name="java.version" value="1.8.0_65" />
    <property name="env.PROCESSOR_IDENTIFIER" value="Intel64 Family 6 Model 58 Stepping 9, GenuineIntel" />
    <property name="user.timezone" value="" />
    <property name="env.NODE_NAME" value="master" />
    <property name="env.TEMP" value="C:\Users\maxkarpov\AppData\Local\Temp" />
    <property name="sun.arch.data.model" value="64" />
    <property name="java.endorsed.dirs" value="C:\Program Files\Java\jdk1.8.0_65\jre\lib\endorsed" />
    <property name="env._JAVACMD" value="C:\Program Files\Java\jdk1.8.0_65\bin\java.exe" />
    <property name="sun.cpu.isalist" value="amd64" />
    <property name="env.JOB_BASE_NAME" value="Simple" />
    <property name="env.HOMEDRIVE" value="G:" />
    <property name="sun.jnu.encoding" value="Cp1252" />
    <property name="file.encoding.pkg" value="sun.io" />
    <property name="file.separator" value="\" />
    <property name="java.specification.name" value="Java Platform API Specification" />
    <property name="java.class.version" value="52.0" />
    <property name="user.country" value="GB" />
    <property name="env.BUILD_NUMBER" value="30" />
    <property name="java.home" value="C:\Program Files\Java\jdk1.8.0_65\jre" />
    <property name="env.PSModulePath" value="C:\Windows\system32\WindowsPowerShell\v1.0\Modules\;C:\Program Files (x86)\AutoIt3\AutoItX" />
    <property name="env.APPDATA" value="C:\Users\maxkarpov\AppData\Roaming" />
    <property name="env.PUBLIC" value="C:\Users\Public" />
    <property name="env.windows_tracing_logfile" value="C:\BVTBin\Tests\installpackage\csilogfile.log" />
    <property name="java.vm.info" value="mixed mode" />
    <property name="env.ComSpec" value="C:\Windows\system32\cmd.exe" />
    <property name="env.OS" value="Windows_NT" />
    <property name="env.CommonProgramFiles" value="C:\Program Files\Common Files" />
    <property name="ant.file" value="C:\git\Simple\build.xml" />
    <property name="os.version" value="6.1" />
    <property name="env.ProgramW6432" value="C:\Program Files" />
    <property name="env._USE_CLASSPATH" value="no" />
    <property name="env.HUDSON_COOKIE" value="1e582f0e-7649-4cf1-9e86-97e78979d5b4" />
    <property name="env.SCITE_USERHOME" value="C:\Users\maxkarpov\AppData\Local\AutoIt v3\SciTE" />
    <property name="path.separator" value=";" />
    <property name="java.vm.version" value="25.65-b01" />
    <property name="env.APR_ICONV1_PATH" value="C:\csvn\bin\iconv\" />
    <property name="env.USERPROFILE" value="C:\Users\maxkarpov" />
    <property name="user.variant" value="" />
    <property name="ant.library.dir" value="C:\apache-ant-1.9.7\lib" />
    <property name="junit.output.dir" value="junit" />
    <property name="env.JOB_NAME" value="Simple" />
    <property name="env.JAVA_HOME" value="C:\Program Files\Java\jdk1.8.0_65" />
    <property name="java.awt.printerjob" value="sun.awt.windows.WPrinterJob" />
    <property name="env.TMP" value="C:\Users\maxkarpov\AppData\Local\Temp" />
    <property name="sun.io.unicode.encoding" value="UnicodeLittle" />
    <property name="awt.toolkit" value="sun.awt.windows.WToolkit" />
    <property name="user.script" value="" />
    <property name="env.HUDSON_URL" value="http://localhost:8080/" />
    <property name="env.BUILD_TAG" value="jenkins-Simple-30" />
    <property name="env.PYTHONHOME" value="C:\csvn\Python25\" />
    <property name="user.home" value="C:\Users\maxkarpov" />
    <property name="target" value="1.7" />
    <property name="env.JENKINS_HOME" value="C:\Users\maxkarpov\.jenkins" />
    <property name="env.JOB_URL" value="http://localhost:8080/job/Simple/" />
    <property name="env.ProgramData" value="C:\ProgramData" />
    <property name="env.ProgramFiles(x86)" value="C:\Program Files (x86)" />
    <property name="env.SESSIONNAME" value="Console" />
    <property name="java.specification.vendor" value="Oracle Corporation" />
    <property name="java.library.path" value="C:\Program Files\Java\jdk1.8.0_65\jre\bin;C:\Windows\Sun\Java\bin;C:\Windows\system32;C:\Windows;C:\csvn\bin\;C:\csvn\Python25\;C:\ProgramData\Oracle\Java\javapath;C:\Windows\system32;C:\Windows;C:\Windows\System32\Wbem;C:\Windows\System32\WindowsPowerShell\v1.0\;C:\Program Files (x86)\Skype\Phone\;C:\Program Files\TortoiseSVN\bin;C:\Program Files\nodejs\;C:\Program Files\Git\cmd;C:\Users\maxkarpov\AppData\Roaming\npm; C:\apache-maven-3.3.9-bin\apache-maven-3.3.9\bin;C:\apache-ant-1.9.7\bin;." />
    <property name="java.vendor.url" value="http://java.oracle.com/" />
    <property name="env.NUMBER_OF_PROCESSORS" value="4" />
    <property name="env.SiteID" value="HOEPM" />
    <property name="env.USERDNSDOMAIN" value="NUFFIELDHOSPITALS.ORG.UK" />
    <property name="env.HUDSON_HOME" value="C:\Users\maxkarpov\.jenkins" />
    <property name="env.HUDSON_SERVER_COOKIE" value="1aa8fba696c6dd4d" />
    <property name="java.vm.vendor" value="Oracle Corporation" />
    <property name="java.runtime.name" value="Java(TM) SE Runtime Environment" />
    <property name="ant.version" value="Apache Ant(TM) version 1.9.7 compiled on April 9 2016" />
    <property name="sun.java.command" value="org.apache.tools.ant.taskdefs.optional.junit.JUnitTestRunner TempRunner skipNonTests=false filtertrace=true haltOnError=false haltOnFailure=false formatter=org.apache.tools.ant.taskdefs.optional.junit.OutErrSummaryJUnitResultFormatter showoutput=false outputtoformatters=true logfailedtests=true threadid=0 logtestlistenerevents=false formatter=org.apache.tools.ant.taskdefs.optional.junit.XMLJUnitResultFormatter,C:\git\Simple\junit\TEST-TempRunner.xml crashfile=C:\git\Simple\junitvmwatcher5253678886580211311.properties propsfile=C:\git\Simple\junit3124521574962280602.properties" />
    <property name="java.class.path" value="C:\git\Simple\target\classes;C:\git\Simple\target\test-classes;C:\Users\maxkarpov\.m2\repository\org\seleniumhq\selenium\selenium-java\2.53.1\selenium-java-2.53.1.jar;C:\Users\maxkarpov\.m2\repository\org\seleniumhq\selenium\selenium-chrome-driver\2.53.1\selenium-chrome-driver-2.53.1.jar;C:\Users\maxkarpov\.m2\repository\org\seleniumhq\selenium\selenium-remote-driver\2.53.1\selenium-remote-driver-2.53.1.jar;C:\Users\maxkarpov\.m2\repository\cglib\cglib-nodep\2.1_3\cglib-nodep-2.1_3.jar;C:\Users\maxkarpov\.m2\repository\com\google\code\gson\gson\2.3.1\gson-2.3.1.jar;C:\Users\maxkarpov\.m2\repository\org\seleniumhq\selenium\selenium-api\2.53.1\selenium-api-2.53.1.jar;C:\Users\maxkarpov\.m2\repository\org\apache\httpcomponents\httpclient\4.5.1\httpclient-4.5.1.jar;C:\Users\maxkarpov\.m2\repository\org\apache\httpcomponents\httpcore\4.4.3\httpcore-4.4.3.jar;C:\Users\maxkarpov\.m2\repository\com\google\guava\guava\19.0\guava-19.0.jar;C:\Users\maxkarpov\.m2\repository\org\seleniumhq\selenium\selenium-edge-driver\2.53.1\selenium-edge-driver-2.53.1.jar;C:\Users\maxkarpov\.m2\repository\commons-io\commons-io\2.4\commons-io-2.4.jar;C:\Users\maxkarpov\.m2\repository\org\apache\commons\commons-exec\1.3\commons-exec-1.3.jar;C:\Users\maxkarpov\.m2\repository\org\seleniumhq\selenium\htmlunit-driver\2.21\htmlunit-driver-2.21.jar;C:\Users\maxkarpov\.m2\repository\net\sourceforge\htmlunit\htmlunit\2.21\htmlunit-2.21.jar;C:\Users\maxkarpov\.m2\repository\xalan\xalan\2.7.2\xalan-2.7.2.jar;C:\Users\maxkarpov\.m2\repository\xalan\serializer\2.7.2\serializer-2.7.2.jar;C:\Users\maxkarpov\.m2\repository\org\apache\commons\commons-lang3\3.4\commons-lang3-3.4.jar;C:\Users\maxkarpov\.m2\repository\org\apache\httpcomponents\httpmime\4.5.2\httpmime-4.5.2.jar;C:\Users\maxkarpov\.m2\repository\commons-codec\commons-codec\1.10\commons-codec-1.10.jar;C:\Users\maxkarpov\.m2\repository\net\sourceforge\htmlunit\htmlunit-core-js\2.17\htmlunit-core-js-2.17.jar;C:\Users\maxkarpov\.m2\repository\net\sourceforge\htmlunit\neko-htmlunit\2.21\neko-htmlunit-2.21.jar;C:\Users\maxkarpov\.m2\repository\xerces\xercesImpl\2.11.0\xercesImpl-2.11.0.jar;C:\Users\maxkarpov\.m2\repository\xml-apis\xml-apis\1.4.01\xml-apis-1.4.01.jar;C:\Users\maxkarpov\.m2\repository\net\sourceforge\cssparser\cssparser\0.9.18\cssparser-0.9.18.jar;C:\Users\maxkarpov\.m2\repository\org\w3c\css\sac\1.3\sac-1.3.jar;C:\Users\maxkarpov\.m2\repository\commons-logging\commons-logging\1.2\commons-logging-1.2.jar;C:\Users\maxkarpov\.m2\repository\org\eclipse\jetty\websocket\websocket-client\9.2.15.v20160210\websocket-client-9.2.15.v20160210.jar;C:\Users\maxkarpov\.m2\repository\org\eclipse\jetty\jetty-util\9.2.15.v20160210\jetty-util-9.2.15.v20160210.jar;C:\Users\maxkarpov\.m2\repository\org\eclipse\jetty\jetty-io\9.2.15.v20160210\jetty-io-9.2.15.v20160210.jar;C:\Users\maxkarpov\.m2\repository\org\eclipse\jetty\websocket\websocket-common\9.2.15.v20160210\websocket-common-9.2.15.v20160210.jar;C:\Users\maxkarpov\.m2\repository\org\eclipse\jetty\websocket\websocket-api\9.2.15.v20160210\websocket-api-9.2.15.v20160210.jar;C:\Users\maxkarpov\.m2\repository\commons-collections\commons-collections\3.2.2\commons-collections-3.2.2.jar;C:\Users\maxkarpov\.m2\repository\org\seleniumhq\selenium\selenium-firefox-driver\2.53.1\selenium-firefox-driver-2.53.1.jar;C:\Users\maxkarpov\.m2\repository\org\seleniumhq\selenium\selenium-ie-driver\2.53.1\selenium-ie-driver-2.53.1.jar;C:\Users\maxkarpov\.m2\repository\net\java\dev\jna\jna\4.1.0\jna-4.1.0.jar;C:\Users\maxkarpov\.m2\repository\net\java\dev\jna\jna-platform\4.1.0\jna-platform-4.1.0.jar;C:\Users\maxkarpov\.m2\repository\org\seleniumhq\selenium\selenium-safari-driver\2.53.1\selenium-safari-driver-2.53.1.jar;C:\Users\maxkarpov\.m2\repository\io\netty\netty\3.5.7.Final\netty-3.5.7.Final.jar;C:\Users\maxkarpov\.m2\repository\org\seleniumhq\selenium\selenium-support\2.53.1\selenium-support-2.53.1.jar;C:\Users\maxkarpov\.m2\repository\org\seleniumhq\selenium\selenium-leg-rc\2.53.1\selenium-leg-rc-2.53.1.jar;C:\Users\maxkarpov\.m2\repository\info\cukes\cucumber-java\1.2.4\cucumber-java-1.2.4.jar;C:\Users\maxkarpov\.m2\repository\info\cukes\cucumber-core\1.2.4\cucumber-core-1.2.4.jar;C:\Users\maxkarpov\.m2\repository\info\cukes\cucumber-html\0.2.3\cucumber-html-0.2.3.jar;C:\Users\maxkarpov\.m2\repository\info\cukes\cucumber-jvm-deps\1.0.5\cucumber-jvm-deps-1.0.5.jar;C:\Users\maxkarpov\.m2\repository\info\cukes\gherkin\2.12.2\gherkin-2.12.2.jar;C:\Users\maxkarpov\.m2\repository\info\cukes\cucumber-junit\1.2.4\cucumber-junit-1.2.4.jar;C:\Users\maxkarpov\.m2\repository\junit\junit\4.12\junit-4.12.jar;C:\Users\maxkarpov\.m2\repository\org\hamcrest\hamcrest-core\1.3\hamcrest-core-1.3.jar;C:\NetBeansProjects\junit-4.12.jar;C:\NetBeansProjects\hamcrest-core-1.3.jar;C:\apache-ant-1.9.7\lib\ant-launcher.jar;C:\apache-ant-1.9.7\lib\ant.jar;C:\apache-ant-1.9.7\lib\ant-junit.jar;C:\apache-ant-1.9.7\lib\ant-junit4.jar" />
    <property name="env.EXECUTOR_NUMBER" value="0" />
    <property name="java.vm.specification.name" value="Java Virtual Machine Specification" />
    <property name="ant.file.type" value="file" />
    <property name="env.windir" value="C:\Windows" />
    <property name="env.LOGONSERVER" value="\\GDCSADC16" />
    <property name="env.PROCESSOR_ARCHITECTURE" value="AMD64" />
    <property name="java.vm.specification.version" value="1.8" />
    <property name="sun.os.patch.level" value="Service Pack 1" />
    <property name="sun.cpu.endian" value="little" />
    <property name="debuglevel" value="source,lines,vars" />
    <property name="env.ProgramFiles" value="C:\Program Files" />
    <property name="env.ANT_HOME" value="C:\apache-ant-1.9.7" />
    <property name="java.io.tmpdir" value="C:\Users\maxkarpov\AppData\Local\Temp\" />
    <property name="env.BUILD_URL" value="http://localhost:8080/job/Simple/30/" />
    <property name="env.UATDATA" value="C:\Windows\CCM\UATData\D9F8C395-CAB8-491d-B8AC-179A1FE1BE77" />
    <property name="env.PROCESSOR_REVISION" value="3a09" />
    <property name="env.CommonProgramFiles(x86)" value="C:\Program Files (x86)\Common Files" />
    <property name="java.vendor.url.bug" value="http://bugreport.sun.com/bugreport/" />
    <property name="env.SystemRoot" value="C:\Windows" />
    <property name="java.awt.graphicsenv" value="sun.awt.Win32GraphicsEnvironment" />
    <property name="os.arch" value="amd64" />
    <property name="env.ANT_CMD_LINE_ARGS" value=" -file build.xml Simple" />
    <property name="java.ext.dirs" value="C:\Program Files\Java\jdk1.8.0_65\jre\lib\ext;C:\Windows\Sun\Java\lib\ext" />
    <property name="user.dir" value="C:\git\Simple" />
    <property name="env.LOCALAPPDATA" value="C:\Users\maxkarpov\AppData\Local" />
    <property name="env.BUILD_ID" value="30" />
    <property name="ant.file.Simple" value="C:\git\Simple\build.xml" />
    <property name="dist.link" value="../../git/Simple" />
    <property name="line.separator" value="&#xd;&#xa;" />
    <property name="java.vm.name" value="Java HotSpot(TM) 64-Bit Server VM" />
    <property name="env.JENKINS_URL" value="http://localhost:8080/" />
    <property name="env.PATHEXT" value=".COM;.EXE;.BAT;.CMD;.VBS;.VBE;.JS;.JSE;.WSF;.WSH;.MSC" />
    <property name="env.Path" value="C:\csvn\bin\;C:\csvn\Python25\;C:\ProgramData\Oracle\Java\javapath;C:\Windows\system32;C:\Windows;C:\Windows\System32\Wbem;C:\Windows\System32\WindowsPowerShell\v1.0\;C:\Program Files (x86)\Skype\Phone\;C:\Program Files\TortoiseSVN\bin;C:\Program Files\nodejs\;C:\Program Files\Git\cmd;C:\Users\maxkarpov\AppData\Roaming\npm; C:\apache-maven-3.3.9-bin\apache-maven-3.3.9\bin;C:\apache-ant-1.9.7\bin" />
    <property name="basedir" value="C:\git\Simple" />
    <property name="ant.java.version" value="1.8" />
    <property name="ant.core.lib" value="C:\apache-ant-1.9.7\lib\ant.jar" />
    <property name="env.USERNAME" value="Maxkarpov" />
    <property name="env.SystemDrive" value="C:" />
    <property name="source" value="1.7" />
    <property name="file.encoding" value="Cp1252" />
    <property name="env.WORKSPACE" value="C:\Users\maxkarpov\.jenkins\workspace\Simple" />
    <property name="env.USERDOMAIN" value="DMN_NUFF1" />
    <property name="java.specification.version" value="1.8" />
    <property name="env.=C:" value="C:\git\Simple" />
    <property name="ant.project.invoked-targets" value="Simple" />
    <property name="env.PROCESSOR_LEVEL" value="6" />
    <property name="env.NODE_LABELS" value="master" />
  </properties>
  <testcase classname="Scenario: Anytime  12 months current - One Time Payment - success" name="Given I open the page &quot;waf&quot;" time="0.001" />
  <testcase classname="Scenario: Anytime  12 months current - One Time Payment - success" name="Then I am on page &quot;aber&quot;" time="0.0" />
  <testcase classname="Scenario: Anytime  12 months current - One Time Payment - success" name="When I click on fieldset element &quot;choose_membership_package_form_payment_type_once&quot;" time="0.001" />
  <testcase classname="Scenario: Anytime  12 months current - One Time Payment - success" name="When I click on fieldset element &quot;choose_membership_package_form_commitment_12&quot;" time="0.0" />
  <testcase classname="Scenario: Anytime  12 months current - One Time Payment - success" name="When I click on basket" time="0.0" />
  <testcase classname="Scenario: Anytime  12 months current - One Time Payment - success" name="Then I wait" time="0.0" />
  <testcase classname="Scenario: Anytime  12 months current - One Time Payment - success" name="Then I get amount value &quot;total&quot;" time="0.0" />
  <testcase classname="Scenario: Anytime  12 months current - One Time Payment - success" name="Then I get amount &quot;member&quot;" time="0.0" />
  <testcase classname="Scenario: Anytime  12 months current - One Time Payment - success" name="Then I grab amount &quot;fee&quot;" time="0.0" />
  <testcase classname="Scenario: Anytime  12 months current - One Time Payment - success" name="Then I grab amount &quot;prorata&quot;" time="0.0" />
  <testcase classname="Scenario: Anytime  12 months current - One Time Payment - success" name="Then I get amount &quot;monthly&quot;" time="0.0" />
  <testcase classname="Scenario: Anytime  12 months current - One Time Payment - success" name="Then I can see all figures good &quot;12&quot;" time="0.0" />
  <testcase classname="Scenario: Anytime  12 months current - One Time Payment - success" name="When I press button named &quot;commit&quot;" time="0.0" />
  <testcase classname="Scenario: Anytime  12 months current - One Time Payment - success" name="Then I am on page &quot;aber&quot;" time="0.0" />
  <testcase classname="Scenario: Anytime  12 months current - One Time Payment - success" name="When I select &quot;Mr&quot; in menu &quot;personal_details_form_title&quot;" time="0.0" />
  <testcase classname="Scenario: Anytime  12 months current - One Time Payment - success" name="When I fill dynamic field &quot;personal_details_form_first_name&quot; with &quot;firstname&quot;" time="0.0" />
  <testcase classname="Scenario: Anytime  12 months current - One Time Payment - success" name="When I fill dynamic field &quot;personal_details_form_last_name&quot; with &quot;lastname&quot;" time="0.0" />
  <testcase classname="Scenario: Anytime  12 months current - One Time Payment - success" name="When I click on element with id &quot;personal_details_form_date_of_birth_day&quot;" time="0.0" />
  <testcase classname="Scenario: Anytime  12 months current - One Time Payment - success" name="When I set to date &quot;1/1/1970&quot;" time="0.0" />
  <testcase classname="Scenario: Anytime  12 months current - One Time Payment - success" name="When I select &quot;Male&quot; in menu &quot;personal_details_form_gender&quot;" time="0.0" />
  <testcase classname="Scenario: Anytime  12 months current - One Time Payment - success" name="When I fill &quot;housenumber&quot; with &quot;473&quot;" time="0.0" />
  <testcase classname="Scenario: Anytime  12 months current - One Time Payment - success" name="When I fill &quot;postcode&quot; with &quot;IV448TZ&quot;" time="0.0" />
  <testcase classname="Scenario: Anytime  12 months current - One Time Payment - success" name="When I click on button name &quot;btn&quot;" time="0.0" />
  <testcase classname="Scenario: Anytime  12 months current - One Time Payment - success" name="When I fill &quot;mail&quot; with &quot;max.karpov@nuffieldhealth.com&quot;" time="0.0" />
  <testcase classname="Scenario: Anytime  12 months current - One Time Payment - success" name="When I fill &quot;emailconfirmation&quot; with &quot;max.karpov@nuffieldhealth.com&quot;" time="0.0" />
  <testcase classname="Scenario: Anytime  12 months current - One Time Payment - success" name="When I fill &quot;phone&quot; with &quot;07482716718&quot;" time="0.0" />
  <testcase classname="Scenario: Anytime  12 months current - One Time Payment - success" name="When I fill &quot;mobile&quot; with &quot;07482716718&quot;" time="0.0" />
  <testcase classname="Scenario: Anytime  12 months current - One Time Payment - success" name="When I click on fieldset element &quot;personal_details_form_unable_to_exercise_no&quot;" time="0.0" />
  <testcase classname="Scenario: Anytime  12 months current - One Time Payment - success" name="Then I wait" time="0.0" />
  <testcase classname="Scenario: Anytime  12 months current - One Time Payment - success" name="When I press button named &quot;commit&quot;" time="0.0" />
  <testcase classname="Scenario: Anytime  12 months current - One Time Payment - success" name="Then I am on page &quot;aber&quot;" time="0.0" />
  <testcase classname="Scenario: Anytime  12 months current - One Time Payment - success" name="When I scroll down" time="0.0" />
  <testcase classname="Scenario: Anytime  12 months current - One Time Payment - success" name="When I click on fieldset element &quot;summary_form_marketing_email&quot;" time="0.0" />
  <testcase classname="Scenario: Anytime  12 months current - One Time Payment - success" name="When I scroll down &quot;900&quot;" time="0.0" />
  <testcase classname="Scenario: Anytime  12 months current - One Time Payment - success" name="When I click on class &quot;form__row form__row--limestone form__custom-check&quot;" time="0.0" />
  <testcase classname="Scenario: Anytime  12 months current - One Time Payment - success" name="When I click on button name &quot;commit&quot;" time="0.0" />
  <testcase classname="Scenario: Anytime  12 months current - One Time Payment - success" name="Then I wait" time="0.0" />
  <testcase classname="Scenario: Anytime  12 months current - One Time Payment - success" name="When I click on button name &quot;VISA_brand&quot;" time="0.0" />
  <testcase classname="Scenario: Anytime  12 months current - One Time Payment - success" name="When I fill &quot;cardname&quot; with &quot;xyz&quot;" time="0.0" />
  <testcase classname="Scenario: Anytime  12 months current - One Time Payment - success" name="When I fill &quot;cardnumber&quot; with &quot;4111111111111111&quot;" time="0.0" />
  <testcase classname="Scenario: Anytime  12 months current - One Time Payment - success" name="When I select item &quot;2&quot; in menu &quot;Ecom_Payment_Card_ExpDate_Month&quot;" time="0.0">
    <error message="Unable to locate element: {&quot;method&quot;:&quot;id&quot;,&quot;selector&quot;:&quot;Ecom_Payment_Card_ExpDate_Month&quot;}&#xa;Command duration or timeout: 20 milliseconds&#xa;For documentation on this error, please visit: http://seleniumhq.org/exceptions/no_such_element.html&#xa;Build info: version: &apos;2.53.1&apos;, revision: &apos;a36b8b1cd5757287168e54b817830adce9b0158d&apos;, time: &apos;2016-06-30 19:26:09&apos;&#xa;System info: host: &apos;NUFLCNU417CBJ1&apos;, ip: &apos;10.252.0.43&apos;, os.name: &apos;Windows 7&apos;, os.arch: &apos;amd64&apos;, os.version: &apos;6.1&apos;, java.version: &apos;1.8.0_65&apos;&#xa;Driver info: org.openqa.selenium.firefox.FirefoxDriver&#xa;Capabilities [{applicationCacheEnabled=true, rotatable=false, handlesAlerts=true, databaseEnabled=true, version=47.0.1, platform=WINDOWS, nativeEvents=false, acceptSslCerts=true, webStorageEnabled=true, locationContextEnabled=true, browserName=firefox, takesScreenshot=true, javascriptEnabled=true, cssSelectorsEnabled=true}]&#xa;Session ID: ed856127-fa79-41cb-ac53-a154c013f6bd&#xa;*** Element info: {Using=id, value=Ecom_Payment_Card_ExpDate_Month}" type="org.openqa.selenium.NoSuchElementException">org.openqa.selenium.NoSuchElementException: Unable to locate element: {&quot;method&quot;:&quot;id&quot;,&quot;selector&quot;:&quot;Ecom_Payment_Card_ExpDate_Month&quot;}
Command duration or timeout: 20 milliseconds
For documentation on this error, please visit: http://seleniumhq.org/exceptions/no_such_element.html
Build info: version: &apos;2.53.1&apos;, revision: &apos;a36b8b1cd5757287168e54b817830adce9b0158d&apos;, time: &apos;2016-06-30 19:26:09&apos;
System info: host: &apos;NUFLCNU417CBJ1&apos;, ip: &apos;10.252.0.43&apos;, os.name: &apos;Windows 7&apos;, os.arch: &apos;amd64&apos;, os.version: &apos;6.1&apos;, java.version: &apos;1.8.0_65&apos;
Driver info: org.openqa.selenium.firefox.FirefoxDriver
Capabilities [{applicationCacheEnabled=true, rotatable=false, handlesAlerts=true, databaseEnabled=true, version=47.0.1, platform=WINDOWS, nativeEvents=false, acceptSslCerts=true, webStorageEnabled=true, locationContextEnabled=true, browserName=firefox, takesScreenshot=true, javascriptEnabled=true, cssSelectorsEnabled=true}]
Session ID: ed856127-fa79-41cb-ac53-a154c013f6bd
*** Element info: {Using=id, value=Ecom_Payment_Card_ExpDate_Month}
	at java.lang.reflect.Constructor.newInstance(Constructor.java:422)
	at org.openqa.selenium.remote.ErrorHandler.createThrowable(ErrorHandler.java:206)
	at org.openqa.selenium.remote.ErrorHandler.throwIfResponseFailed(ErrorHandler.java:158)
	at org.openqa.selenium.remote.RemoteWebDriver.execute(RemoteWebDriver.java:678)
	at org.openqa.selenium.remote.RemoteWebDriver.findElement(RemoteWebDriver.java:363)
	at org.openqa.selenium.remote.RemoteWebDriver.findElementById(RemoteWebDriver.java:413)
	at org.openqa.selenium.By$ById.findElement(By.java:218)
	at org.openqa.selenium.remote.RemoteWebDriver.findElement(RemoteWebDriver.java:355)
	at LoginTest.When_I_select_item_in_menu(LoginTest.java:2525)
	at ✽.When I select item &quot;2&quot; in menu &quot;Ecom_Payment_Card_ExpDate_Month&quot;(src/test/olj.feature:47)
Caused by: org.openqa.selenium.NoSuchElementException: Unable to locate element: {&quot;method&quot;:&quot;id&quot;,&quot;selector&quot;:&quot;Ecom_Payment_Card_ExpDate_Month&quot;}
For documentation on this error, please visit: http://seleniumhq.org/exceptions/no_such_element.html
Build info: version: &apos;2.53.1&apos;, revision: &apos;a36b8b1cd5757287168e54b817830adce9b0158d&apos;, time: &apos;2016-06-30 19:26:09&apos;
System info: host: &apos;NUFLCNU417CBJ1&apos;, ip: &apos;10.252.0.43&apos;, os.name: &apos;Windows 7&apos;, os.arch: &apos;amd64&apos;, os.version: &apos;6.1&apos;, java.version: &apos;1.8.0_65&apos;
Driver info: driver.version: unknown
	at &lt;anonymous class&gt;.FirefoxDriver.prototype.findElementInternal_(file:///C:/Users/maxkarpov/AppData/Local/Temp/anonymous8143952084288836662webdriver-profile/extensions/fxdriver@googlecode.com/components/driver-component.js:10770)
	at &lt;anonymous class&gt;.FirefoxDriver.prototype.findElement(file:///C:/Users/maxkarpov/AppData/Local/Temp/anonymous8143952084288836662webdriver-profile/extensions/fxdriver@googlecode.com/components/driver-component.js:10779)
	at &lt;anonymous class&gt;.DelayedCommand.prototype.executeInternal_/h(file:///C:/Users/maxkarpov/AppData/Local/Temp/anonymous8143952084288836662webdriver-profile/extensions/fxdriver@googlecode.com/components/command-processor.js:12661)
	at &lt;anonymous class&gt;.DelayedCommand.prototype.executeInternal_(file:///C:/Users/maxkarpov/AppData/Local/Temp/anonymous8143952084288836662webdriver-profile/extensions/fxdriver@googlecode.com/components/command-processor.js:12666)
	at &lt;anonymous class&gt;.DelayedCommand.prototype.execute/&lt;(file:///C:/Users/maxkarpov/AppData/Local/Temp/anonymous8143952084288836662webdriver-profile/extensions/fxdriver@googlecode.com/components/command-processor.js:12608)
</error>
  </testcase>
  <testcase classname="junit.framework.TestSuite" name="Scenario: Anytime  12 months current - One Time Payment - success" time="62.813">
    <error message="Unable to locate element: {&quot;method&quot;:&quot;id&quot;,&quot;selector&quot;:&quot;Ecom_Payment_Card_ExpDate_Month&quot;}&#xa;Command duration or timeout: 20 milliseconds&#xa;For documentation on this error, please visit: http://seleniumhq.org/exceptions/no_such_element.html&#xa;Build info: version: &apos;2.53.1&apos;, revision: &apos;a36b8b1cd5757287168e54b817830adce9b0158d&apos;, time: &apos;2016-06-30 19:26:09&apos;&#xa;System info: host: &apos;NUFLCNU417CBJ1&apos;, ip: &apos;10.252.0.43&apos;, os.name: &apos;Windows 7&apos;, os.arch: &apos;amd64&apos;, os.version: &apos;6.1&apos;, java.version: &apos;1.8.0_65&apos;&#xa;Driver info: org.openqa.selenium.firefox.FirefoxDriver&#xa;Capabilities [{applicationCacheEnabled=true, rotatable=false, handlesAlerts=true, databaseEnabled=true, version=47.0.1, platform=WINDOWS, nativeEvents=false, acceptSslCerts=true, webStorageEnabled=true, locationContextEnabled=true, browserName=firefox, takesScreenshot=true, javascriptEnabled=true, cssSelectorsEnabled=true}]&#xa;Session ID: ed856127-fa79-41cb-ac53-a154c013f6bd&#xa;*** Element info: {Using=id, value=Ecom_Payment_Card_ExpDate_Month}" type="org.openqa.selenium.NoSuchElementException">org.openqa.selenium.NoSuchElementException: Unable to locate element: {&quot;method&quot;:&quot;id&quot;,&quot;selector&quot;:&quot;Ecom_Payment_Card_ExpDate_Month&quot;}
Command duration or timeout: 20 milliseconds
For documentation on this error, please visit: http://seleniumhq.org/exceptions/no_such_element.html
Build info: version: &apos;2.53.1&apos;, revision: &apos;a36b8b1cd5757287168e54b817830adce9b0158d&apos;, time: &apos;2016-06-30 19:26:09&apos;
System info: host: &apos;NUFLCNU417CBJ1&apos;, ip: &apos;10.252.0.43&apos;, os.name: &apos;Windows 7&apos;, os.arch: &apos;amd64&apos;, os.version: &apos;6.1&apos;, java.version: &apos;1.8.0_65&apos;
Driver info: org.openqa.selenium.firefox.FirefoxDriver
Capabilities [{applicationCacheEnabled=true, rotatable=false, handlesAlerts=true, databaseEnabled=true, version=47.0.1, platform=WINDOWS, nativeEvents=false, acceptSslCerts=true, webStorageEnabled=true, locationContextEnabled=true, browserName=firefox, takesScreenshot=true, javascriptEnabled=true, cssSelectorsEnabled=true}]
Session ID: ed856127-fa79-41cb-ac53-a154c013f6bd
*** Element info: {Using=id, value=Ecom_Payment_Card_ExpDate_Month}
	at java.lang.reflect.Constructor.newInstance(Constructor.java:422)
	at org.openqa.selenium.remote.ErrorHandler.createThrowable(ErrorHandler.java:206)
	at org.openqa.selenium.remote.ErrorHandler.throwIfResponseFailed(ErrorHandler.java:158)
	at org.openqa.selenium.remote.RemoteWebDriver.execute(RemoteWebDriver.java:678)
	at org.openqa.selenium.remote.RemoteWebDriver.findElement(RemoteWebDriver.java:363)
	at org.openqa.selenium.remote.RemoteWebDriver.findElementById(RemoteWebDriver.java:413)
	at org.openqa.selenium.By$ById.findElement(By.java:218)
	at org.openqa.selenium.remote.RemoteWebDriver.findElement(RemoteWebDriver.java:355)
	at LoginTest.When_I_select_item_in_menu(LoginTest.java:2525)
	at ✽.When I select item &quot;2&quot; in menu &quot;Ecom_Payment_Card_ExpDate_Month&quot;(src/test/olj.feature:47)
Caused by: org.openqa.selenium.NoSuchElementException: Unable to locate element: {&quot;method&quot;:&quot;id&quot;,&quot;selector&quot;:&quot;Ecom_Payment_Card_ExpDate_Month&quot;}
For documentation on this error, please visit: http://seleniumhq.org/exceptions/no_such_element.html
Build info: version: &apos;2.53.1&apos;, revision: &apos;a36b8b1cd5757287168e54b817830adce9b0158d&apos;, time: &apos;2016-06-30 19:26:09&apos;
System info: host: &apos;NUFLCNU417CBJ1&apos;, ip: &apos;10.252.0.43&apos;, os.name: &apos;Windows 7&apos;, os.arch: &apos;amd64&apos;, os.version: &apos;6.1&apos;, java.version: &apos;1.8.0_65&apos;
Driver info: driver.version: unknown
	at &lt;anonymous class&gt;.FirefoxDriver.prototype.findElementInternal_(file:///C:/Users/maxkarpov/AppData/Local/Temp/anonymous8143952084288836662webdriver-profile/extensions/fxdriver@googlecode.com/components/driver-component.js:10770)
	at &lt;anonymous class&gt;.FirefoxDriver.prototype.findElement(file:///C:/Users/maxkarpov/AppData/Local/Temp/anonymous8143952084288836662webdriver-profile/extensions/fxdriver@googlecode.com/components/driver-component.js:10779)
	at &lt;anonymous class&gt;.DelayedCommand.prototype.executeInternal_/h(file:///C:/Users/maxkarpov/AppData/Local/Temp/anonymous8143952084288836662webdriver-profile/extensions/fxdriver@googlecode.com/components/command-processor.js:12661)
	at &lt;anonymous class&gt;.DelayedCommand.prototype.executeInternal_(file:///C:/Users/maxkarpov/AppData/Local/Temp/anonymous8143952084288836662webdriver-profile/extensions/fxdriver@googlecode.com/components/command-processor.js:12666)
	at &lt;anonymous class&gt;.DelayedCommand.prototype.execute/&lt;(file:///C:/Users/maxkarpov/AppData/Local/Temp/anonymous8143952084288836662webdriver-profile/extensions/fxdriver@googlecode.com/components/command-processor.js:12608)
</error>
  </testcase>
  <testcase classname="Scenario: Anytime  12 months current - One Time Payment - success" name="When I select item &quot;2&quot; in menu &quot;Ecom_Payment_Card_ExpDate_Year&quot;" time="0.0">
    <skipped />
  </testcase>
  <testcase classname="Scenario: Anytime  12 months current - One Time Payment - success" name="When I fill &quot;cardyear&quot; with &quot;2017&quot;" time="0.0">
    <skipped />
  </testcase>
  <testcase classname="Scenario: Anytime  12 months current - One Time Payment - success" name="When I fill &quot;cardcvs&quot; with &quot;737&quot;" time="0.0">
    <skipped />
  </testcase>
  <testcase classname="Scenario: Anytime  12 months current - One Time Payment - success" name="When I click on button name &quot;payment&quot;" time="0.0">
    <skipped />
  </testcase>
  <testcase classname="Scenario: Anytime  12 months current - One Time Payment - success" name="Then I wait for order id" time="0.0">
    <skipped />
  </testcase>
  <testcase classname="Scenario: Anytime  12 months current - One Time Payment - success" name="Given I navigate to salesforce" time="0.0">
    <skipped />
  </testcase>
  <testcase classname="Scenario: Anytime  12 months current - One Time Payment - success" name="When I enter Login and Password" time="0.0">
    <skipped />
  </testcase>
  <testcase classname="Scenario: Anytime  12 months current - One Time Payment - success" name="Then I should login to Salesforce" time="0.0">
    <skipped />
  </testcase>
  <testcase classname="Scenario: Anytime  12 months current - One Time Payment - success" name="When I switch to tab &quot;Opportunities&quot;" time="0.0">
    <skipped />
  </testcase>
  <testcase classname="Scenario: Anytime  12 months current - One Time Payment - success" name="Then I am on page &quot;Opportunities&quot;" time="0.0">
    <skipped />
    <skipped />
  </testcase>
  <testcase classname="Scenario: Anytime  12 months current - One Time Payment - success" name="When I click on button name &quot;go&quot;" time="0.0">
    <skipped />
  </testcase>
  <testcase classname="Scenario: Anytime  12 months current - One Time Payment - success" name="Then I open opportunity" time="0.0">
    <skipped />
  </testcase>
  <testcase classname="Scenario: Anytime  12 months current - One Time Payment - success" name="Then I am on page &quot;Opportunity&quot;" time="0.0">
    <skipped />
  </testcase>
  <testcase classname="Scenario: Anytime  12 months current - One Time Payment - success" name="Then I can see &quot;Site&quot; filled with &quot;Aberdeen&quot;" time="0.0">
    <skipped />
  </testcase>
  <testcase classname="Scenario: Anytime  12 months current - One Time Payment - success" name="Then I can see &quot;Amount&quot; filled with &quot;total&quot;" time="0.0">
    <skipped />
  </testcase>
  <testcase classname="Scenario: Anytime  12 months current - One Time Payment - success" name="Then I can see &quot;Order Reference&quot; filled with &quot;orid&quot;" time="0.0">
    <skipped />
  </testcase>
  <testcase classname="Scenario: Anytime  12 months current - One Time Payment - success" name="Then I can see &quot;Payment Reference&quot; filled with &quot;pay&quot;" time="0.0">
    <skipped />
  </testcase>
  <testcase classname="Scenario: Anytime  12 months current - One Time Payment - success" name="Then I do save" time="0.0">
    <skipped />
  </testcase>
  <testcase classname="junit.framework.TestSuite" name="Scenario: Anytime  12 months current - One Time Payment - success" time="62.843" />
  <testcase classname="Scenario: Anytime  12 months Wellbeing current - One Time Payment - success" name="Given I open the page &quot;waf&quot;" time="0.0" />
  <testcase classname="Scenario: Anytime  12 months Wellbeing current - One Time Payment - success" name="Then I am on page &quot;aber&quot;" time="0.0" />
  <testcase classname="Scenario: Anytime  12 months Wellbeing current - One Time Payment - success" name="When I scroll down &quot;800&quot;" time="0.0" />
  <testcase classname="Scenario: Anytime  12 months Wellbeing current - One Time Payment - success" name="When I click on fieldset element &quot;choose_membership_package_form_payment_type_once&quot;" time="0.0" />
  <testcase classname="Scenario: Anytime  12 months Wellbeing current - One Time Payment - success" name="When I click on fieldset element &quot;choose_membership_package_form_commitment_12wellbeing&quot;" time="0.0" />
  <testcase classname="Scenario: Anytime  12 months Wellbeing current - One Time Payment - success" name="When I click on basket" time="0.001" />
  <testcase classname="Scenario: Anytime  12 months Wellbeing current - One Time Payment - success" name="Then I wait" time="0.0" />
  <testcase classname="Scenario: Anytime  12 months Wellbeing current - One Time Payment - success" name="Then I get amount value &quot;total&quot;" time="0.0" />
  <testcase classname="Scenario: Anytime  12 months Wellbeing current - One Time Payment - success" name="Then I get amount &quot;member&quot;" time="0.0" />
  <testcase classname="Scenario: Anytime  12 months Wellbeing current - One Time Payment - success" name="Then I grab amount &quot;fee&quot;" time="0.0" />
  <testcase classname="Scenario: Anytime  12 months Wellbeing current - One Time Payment - success" name="Then I grab amount &quot;prorata&quot;" time="0.0" />
  <testcase classname="Scenario: Anytime  12 months Wellbeing current - One Time Payment - success" name="Then I get amount &quot;monthly&quot;" time="0.0" />
  <testcase classname="Scenario: Anytime  12 months Wellbeing current - One Time Payment - success" name="Then I can see all figures good &quot;12&quot;" time="0.0" />
  <testcase classname="Scenario: Anytime  12 months Wellbeing current - One Time Payment - success" name="When I press button named &quot;commit&quot;" time="0.0" />
  <testcase classname="Scenario: Anytime  12 months Wellbeing current - One Time Payment - success" name="Then I am on page &quot;aber&quot;" time="0.0" />
  <testcase classname="Scenario: Anytime  12 months Wellbeing current - One Time Payment - success" name="When I select &quot;Mr&quot; in menu &quot;personal_details_form_title&quot;" time="0.0" />
  <testcase classname="Scenario: Anytime  12 months Wellbeing current - One Time Payment - success" name="When I fill dynamic field &quot;personal_details_form_first_name&quot; with &quot;firstname&quot;" time="0.0" />
  <testcase classname="Scenario: Anytime  12 months Wellbeing current - One Time Payment - success" name="When I fill dynamic field &quot;personal_details_form_last_name&quot; with &quot;lastname&quot;" time="0.01" />
  <testcase classname="Scenario: Anytime  12 months Wellbeing current - One Time Payment - success" name="When I click on element with id &quot;personal_details_form_date_of_birth_day&quot;" time="0.0" />
  <testcase classname="Scenario: Anytime  12 months Wellbeing current - One Time Payment - success" name="When I set to date &quot;1/1/1970&quot;" time="0.0" />
  <testcase classname="Scenario: Anytime  12 months Wellbeing current - One Time Payment - success" name="When I select &quot;Male&quot; in menu &quot;personal_details_form_gender&quot;" time="0.0" />
  <testcase classname="Scenario: Anytime  12 months Wellbeing current - One Time Payment - success" name="When I fill &quot;housenumber&quot; with &quot;473&quot;" time="0.0" />
  <testcase classname="Scenario: Anytime  12 months Wellbeing current - One Time Payment - success" name="When I fill &quot;postcode&quot; with &quot;IV448TZ&quot;" time="0.0" />
  <testcase classname="Scenario: Anytime  12 months Wellbeing current - One Time Payment - success" name="When I click on button name &quot;btn&quot;" time="0.0" />
  <testcase classname="Scenario: Anytime  12 months Wellbeing current - One Time Payment - success" name="When I fill &quot;mail&quot; with &quot;max.karpov@nuffieldhealth.com&quot;" time="0.0" />
  <testcase classname="Scenario: Anytime  12 months Wellbeing current - One Time Payment - success" name="When I fill &quot;emailconfirmation&quot; with &quot;max.karpov@nuffieldhealth.com&quot;" time="0.0" />
  <testcase classname="Scenario: Anytime  12 months Wellbeing current - One Time Payment - success" name="When I fill &quot;phone&quot; with &quot;07482716718&quot;" time="0.0" />
  <testcase classname="Scenario: Anytime  12 months Wellbeing current - One Time Payment - success" name="When I fill &quot;mobile&quot; with &quot;07482716718&quot;" time="0.0" />
  <testcase classname="Scenario: Anytime  12 months Wellbeing current - One Time Payment - success" name="When I click on fieldset element &quot;personal_details_form_unable_to_exercise_no&quot;" time="0.0" />
  <testcase classname="Scenario: Anytime  12 months Wellbeing current - One Time Payment - success" name="Then I wait" time="0.0" />
  <testcase classname="Scenario: Anytime  12 months Wellbeing current - One Time Payment - success" name="When I press button named &quot;commit&quot;" time="0.0" />
  <testcase classname="Scenario: Anytime  12 months Wellbeing current - One Time Payment - success" name="Then I am on page &quot;aber&quot;" time="0.0" />
  <testcase classname="Scenario: Anytime  12 months Wellbeing current - One Time Payment - success" name="When I scroll down" time="0.0" />
  <testcase classname="Scenario: Anytime  12 months Wellbeing current - One Time Payment - success" name="When I click on fieldset element &quot;summary_form_marketing_email&quot;" time="0.0" />
  <testcase classname="Scenario: Anytime  12 months Wellbeing current - One Time Payment - success" name="When I scroll down &quot;900&quot;" time="0.0" />
  <testcase classname="Scenario: Anytime  12 months Wellbeing current - One Time Payment - success" name="When I click on class &quot;form__row form__row--limestone form__custom-check&quot;" time="0.0" />
  <testcase classname="Scenario: Anytime  12 months Wellbeing current - One Time Payment - success" name="When I click on button name &quot;commit&quot;" time="0.0" />
  <testcase classname="Scenario: Anytime  12 months Wellbeing current - One Time Payment - success" name="Then I wait" time="0.0" />
  <testcase classname="Scenario: Anytime  12 months Wellbeing current - One Time Payment - success" name="When I click on button name &quot;VISA_brand&quot;" time="0.0" />
  <testcase classname="Scenario: Anytime  12 months Wellbeing current - One Time Payment - success" name="When I fill &quot;cardname&quot; with &quot;xyz&quot;" time="0.0" />
  <testcase classname="Scenario: Anytime  12 months Wellbeing current - One Time Payment - success" name="When I fill &quot;cardnumber&quot; with &quot;4111111111111111&quot;" time="0.0" />
  <testcase classname="Scenario: Anytime  12 months Wellbeing current - One Time Payment - success" name="When I select item &quot;2&quot; in menu &quot;Ecom_Payment_Card_ExpDate_Month&quot;" time="0.001" />
  <testcase classname="Scenario: Anytime  12 months Wellbeing current - One Time Payment - success" name="When I select item &quot;2&quot; in menu &quot;Ecom_Payment_Card_ExpDate_Year&quot;" time="0.0" />
  <testcase classname="Scenario: Anytime  12 months Wellbeing current - One Time Payment - success" name="When I fill &quot;cardyear&quot; with &quot;2017&quot;" time="0.01" />
  <testcase classname="Scenario: Anytime  12 months Wellbeing current - One Time Payment - success" name="When I fill &quot;cardcvs&quot; with &quot;737&quot;" time="0.0" />
  <testcase classname="Scenario: Anytime  12 months Wellbeing current - One Time Payment - success" name="When I click on button name &quot;payment&quot;" time="0.0" />
  <testcase classname="Scenario: Anytime  12 months Wellbeing current - One Time Payment - success" name="Then I wait for order id" time="0.0" />
  <testcase classname="Scenario: Anytime  12 months Wellbeing current - One Time Payment - success" name="Given I navigate to salesforce" time="0.0" />
  <testcase classname="Scenario: Anytime  12 months Wellbeing current - One Time Payment - success" name="When I enter Login and Password" time="0.0" />
  <testcase classname="Scenario: Anytime  12 months Wellbeing current - One Time Payment - success" name="Then I should login to Salesforce" time="0.0" />
  <testcase classname="Scenario: Anytime  12 months Wellbeing current - One Time Payment - success" name="When I switch to tab &quot;Opportunities&quot;" time="0.0" />
  <testcase classname="Scenario: Anytime  12 months Wellbeing current - One Time Payment - success" name="Then I am on page &quot;Opportunities&quot;" time="0.0" />
  <testcase classname="Scenario: Anytime  12 months Wellbeing current - One Time Payment - success" name="When I click on button name &quot;go&quot;" time="0.0" />
  <testcase classname="Scenario: Anytime  12 months Wellbeing current - One Time Payment - success" name="Then I am on page &quot;Opportunities&quot;" time="0.0" />
  <testcase classname="Scenario: Anytime  12 months Wellbeing current - One Time Payment - success" name="Then I open opportunity" time="0.0" />
  <testcase classname="Scenario: Anytime  12 months Wellbeing current - One Time Payment - success" name="Then I am on page &quot;Opportunity&quot;" time="0.0" />
  <testcase classname="Scenario: Anytime  12 months Wellbeing current - One Time Payment - success" name="Then I can see &quot;Site&quot; filled with &quot;Aberdeen&quot;" time="0.0" />
  <testcase classname="Scenario: Anytime  12 months Wellbeing current - One Time Payment - success" name="Then I can see &quot;Amount&quot; filled with &quot;total&quot;" time="0.01" />
  <testcase classname="Scenario: Anytime  12 months Wellbeing current - One Time Payment - success" name="Then I can see &quot;Order Reference&quot; filled with &quot;orid&quot;" time="0.0" />
  <testcase classname="Scenario: Anytime  12 months Wellbeing current - One Time Payment - success" name="Then I can see &quot;Payment Reference&quot; filled with &quot;pay&quot;" time="0.0" />
  <testcase classname="Scenario: Anytime  12 months Wellbeing current - One Time Payment - success" name="Then I do save" time="0.0" />
  <testcase classname="junit.framework.TestSuite" name="Scenario: Anytime  12 months Wellbeing current - One Time Payment - success" time="232.01" />
  <testcase classname="Scenario: Anytime  3 months current - One Time Payment - success" name="Given I open the page &quot;waf&quot;" time="0.0" />
  <testcase classname="Scenario: Anytime  3 months current - One Time Payment - success" name="Then I am on page &quot;aber&quot;" time="0.001" />
  <testcase classname="Scenario: Anytime  3 months current - One Time Payment - success" name="When I click on fieldset element &quot;choose_membership_package_form_payment_type_once&quot;" time="0.0" />
  <testcase classname="Scenario: Anytime  3 months current - One Time Payment - success" name="When I scroll up" time="0.0" />
  <testcase classname="Scenario: Anytime  3 months current - One Time Payment - success" name="When I click on fieldset element &quot;choose_membership_package_form_commitment_3&quot;" time="0.0" />
  <testcase classname="Scenario: Anytime  3 months current - One Time Payment - success" name="When I click on basket" time="0.0" />
  <testcase classname="Scenario: Anytime  3 months current - One Time Payment - success" name="Then I wait" time="0.0" />
  <testcase classname="Scenario: Anytime  3 months current - One Time Payment - success" name="Then I get amount value &quot;total&quot;" time="0.0" />
  <testcase classname="Scenario: Anytime  3 months current - One Time Payment - success" name="Then I get amount &quot;member&quot;" time="0.0" />
  <testcase classname="Scenario: Anytime  3 months current - One Time Payment - success" name="Then I grab amount &quot;fee&quot;" time="0.0" />
  <testcase classname="Scenario: Anytime  3 months current - One Time Payment - success" name="Then I grab amount &quot;prorata&quot;" time="0.0" />
  <testcase classname="Scenario: Anytime  3 months current - One Time Payment - success" name="Then I get amount &quot;monthly&quot;" time="0.0" />
  <testcase classname="Scenario: Anytime  3 months current - One Time Payment - success" name="Then I can see all figures good &quot;3&quot;" time="0.0" />
  <testcase classname="Scenario: Anytime  3 months current - One Time Payment - success" name="When I press button named &quot;commit&quot;" time="0.001" />
  <testcase classname="Scenario: Anytime  3 months current - One Time Payment - success" name="Then I am on page &quot;aber&quot;" time="0.0" />
  <testcase classname="Scenario: Anytime  3 months current - One Time Payment - success" name="When I select &quot;Mr&quot; in menu &quot;personal_details_form_title&quot;" time="0.0" />
  <testcase classname="Scenario: Anytime  3 months current - One Time Payment - success" name="When I fill dynamic field &quot;personal_details_form_first_name&quot; with &quot;firstname&quot;" time="0.0" />
  <testcase classname="Scenario: Anytime  3 months current - One Time Payment - success" name="When I fill dynamic field &quot;personal_details_form_last_name&quot; with &quot;lastname&quot;" time="0.001" />
  <testcase classname="Scenario: Anytime  3 months current - One Time Payment - success" name="When I click on element with id &quot;personal_details_form_date_of_birth_day&quot;" time="0.0" />
  <testcase classname="Scenario: Anytime  3 months current - One Time Payment - success" name="When I set to date &quot;1/1/1970&quot;" time="0.0" />
  <testcase classname="Scenario: Anytime  3 months current - One Time Payment - success" name="When I select &quot;Male&quot; in menu &quot;personal_details_form_gender&quot;" time="0.0" />
  <testcase classname="Scenario: Anytime  3 months current - One Time Payment - success" name="When I fill &quot;housenumber&quot; with &quot;473&quot;" time="0.0" />
  <testcase classname="Scenario: Anytime  3 months current - One Time Payment - success" name="When I fill &quot;postcode&quot; with &quot;IV448TZ&quot;" time="0.0" />
  <testcase classname="Scenario: Anytime  3 months current - One Time Payment - success" name="When I click on button name &quot;btn&quot;" time="0.0" />
  <testcase classname="Scenario: Anytime  3 months current - One Time Payment - success" name="When I fill &quot;mail&quot; with &quot;max.karpov@nuffieldhealth.com&quot;" time="0.0" />
  <testcase classname="Scenario: Anytime  3 months current - One Time Payment - success" name="When I fill &quot;emailconfirmation&quot; with &quot;max.karpov@nuffieldhealth.com&quot;" time="0.0" />
  <testcase classname="Scenario: Anytime  3 months current - One Time Payment - success" name="When I fill &quot;phone&quot; with &quot;07482716718&quot;" time="0.0" />
  <testcase classname="Scenario: Anytime  3 months current - One Time Payment - success" name="When I fill &quot;mobile&quot; with &quot;07482716718&quot;" time="0.0" />
  <testcase classname="Scenario: Anytime  3 months current - One Time Payment - success" name="When I click on fieldset element &quot;personal_details_form_unable_to_exercise_no&quot;" time="0.0" />
  <testcase classname="Scenario: Anytime  3 months current - One Time Payment - success" name="Then I wait" time="0.0" />
  <testcase classname="Scenario: Anytime  3 months current - One Time Payment - success" name="When I press button named &quot;commit&quot;" time="0.0" />
  <testcase classname="Scenario: Anytime  3 months current - One Time Payment - success" name="Then I am on page &quot;aber&quot;" time="0.0" />
  <testcase classname="Scenario: Anytime  3 months current - One Time Payment - success" name="When I scroll down" time="0.0" />
  <testcase classname="Scenario: Anytime  3 months current - One Time Payment - success" name="When I click on fieldset element &quot;summary_form_marketing_email&quot;" time="0.0" />
  <testcase classname="Scenario: Anytime  3 months current - One Time Payment - success" name="When I scroll down &quot;900&quot;" time="0.0" />
  <testcase classname="Scenario: Anytime  3 months current - One Time Payment - success" name="When I click on class &quot;form__row form__row--limestone form__custom-check&quot;" time="0.0" />
  <testcase classname="Scenario: Anytime  3 months current - One Time Payment - success" name="When I click on button name &quot;commit&quot;" time="0.0" />
  <testcase classname="Scenario: Anytime  3 months current - One Time Payment - success" name="Then I wait" time="0.0" />
  <testcase classname="Scenario: Anytime  3 months current - One Time Payment - success" name="When I click on button name &quot;VISA_brand&quot;" time="0.0" />
  <testcase classname="Scenario: Anytime  3 months current - One Time Payment - success" name="When I fill &quot;cardname&quot; with &quot;xyz&quot;" time="0.0" />
  <testcase classname="Scenario: Anytime  3 months current - One Time Payment - success" name="When I fill &quot;cardnumber&quot; with &quot;4111111111111111&quot;" time="0.0" />
  <testcase classname="Scenario: Anytime  3 months current - One Time Payment - success" name="When I select item &quot;2&quot; in menu &quot;Ecom_Payment_Card_ExpDate_Month&quot;" time="0.0" />
  <testcase classname="Scenario: Anytime  3 months current - One Time Payment - success" name="When I select item &quot;2&quot; in menu &quot;Ecom_Payment_Card_ExpDate_Year&quot;" time="0.0" />
  <testcase classname="Scenario: Anytime  3 months current - One Time Payment - success" name="When I fill &quot;cardyear&quot; with &quot;2017&quot;" time="0.001" />
  <testcase classname="Scenario: Anytime  3 months current - One Time Payment - success" name="When I fill &quot;cardcvs&quot; with &quot;737&quot;" time="0.001" />
  <testcase classname="Scenario: Anytime  3 months current - One Time Payment - success" name="When I click on button name &quot;payment&quot;" time="0.0" />
  <testcase classname="Scenario: Anytime  3 months current - One Time Payment - success" name="Then I wait for order id" time="0.0" />
  <testcase classname="Scenario: Anytime  3 months current - One Time Payment - success" name="Given I navigate to salesforce" time="0.0" />
  <testcase classname="Scenario: Anytime  3 months current - One Time Payment - success" name="When I enter Login and Password" time="0.0" />
  <testcase classname="Scenario: Anytime  3 months current - One Time Payment - success" name="Then I should login to Salesforce" time="0.001" />
  <testcase classname="Scenario: Anytime  3 months current - One Time Payment - success" name="When I switch to tab &quot;Opportunities&quot;" time="0.0" />
  <testcase classname="Scenario: Anytime  3 months current - One Time Payment - success" name="Then I am on page &quot;Opportunities&quot;" time="0.0" />
  <testcase classname="Scenario: Anytime  3 months current - One Time Payment - success" name="When I click on button name &quot;go&quot;" time="0.0" />
  <testcase classname="Scenario: Anytime  3 months current - One Time Payment - success" name="Then I am on page &quot;Opportunities&quot;" time="0.0" />
  <testcase classname="Scenario: Anytime  3 months current - One Time Payment - success" name="Then I open opportunity" time="0.001" />
  <testcase classname="Scenario: Anytime  3 months current - One Time Payment - success" name="Then I am on page &quot;Opportunity&quot;" time="0.001" />
  <testcase classname="Scenario: Anytime  3 months current - One Time Payment - success" name="Then I can see &quot;Site&quot; filled with &quot;Aberdeen&quot;" time="0.0" />
  <testcase classname="Scenario: Anytime  3 months current - One Time Payment - success" name="Then I can see &quot;Amount&quot; filled with &quot;total&quot;" time="0.0" />
  <testcase classname="Scenario: Anytime  3 months current - One Time Payment - success" name="Then I can see &quot;Order Reference&quot; filled with &quot;orid&quot;" time="0.001" />
  <testcase classname="Scenario: Anytime  3 months current - One Time Payment - success" name="Then I can see &quot;Payment Reference&quot; filled with &quot;pay&quot;" time="0.0" />
  <testcase classname="Scenario: Anytime  3 months current - One Time Payment - success" name="Then I do save" time="0.0" />
  <testcase classname="junit.framework.TestSuite" name="Scenario: Anytime  3 months current - One Time Payment - success" time="302.77" />
  <testcase classname="Scenario: Off peak -  12 months current - One Time Payment - success" name="Given I open the page &quot;waf&quot;" time="0.002">
    <error message="Failed to connect to binary FirefoxBinary(C:\NB\firefox-sdk\bin\firefox.exe) on port 7055; process output follows: &#xa;&#xa;Build info: version: &apos;2.53.1&apos;, revision: &apos;a36b8b1cd5757287168e54b817830adce9b0158d&apos;, time: &apos;2016-06-30 19:26:09&apos;&#xa;System info: host: &apos;NUFLCNU417CBJ1&apos;, ip: &apos;10.252.0.43&apos;, os.name: &apos;Windows 7&apos;, os.arch: &apos;amd64&apos;, os.version: &apos;6.1&apos;, java.version: &apos;1.8.0_65&apos;&#xa;Driver info: driver.version: FirefoxDriver" type="org.openqa.selenium.WebDriverException">org.openqa.selenium.WebDriverException: Failed to connect to binary FirefoxBinary(C:\NB\firefox-sdk\bin\firefox.exe) on port 7055; process output follows: 

Build info: version: &apos;2.53.1&apos;, revision: &apos;a36b8b1cd5757287168e54b817830adce9b0158d&apos;, time: &apos;2016-06-30 19:26:09&apos;
System info: host: &apos;NUFLCNU417CBJ1&apos;, ip: &apos;10.252.0.43&apos;, os.name: &apos;Windows 7&apos;, os.arch: &apos;amd64&apos;, os.version: &apos;6.1&apos;, java.version: &apos;1.8.0_65&apos;
Driver info: driver.version: FirefoxDriver
	at org.openqa.selenium.firefox.internal.NewProfileExtensionConnection.start(NewProfileExtensionConnection.java:125)
	at org.openqa.selenium.firefox.FirefoxDriver.startClient(FirefoxDriver.java:271)
	at org.openqa.selenium.remote.RemoteWebDriver.&lt;init&gt;(RemoteWebDriver.java:119)
	at org.openqa.selenium.firefox.FirefoxDriver.&lt;init&gt;(FirefoxDriver.java:216)
	at org.openqa.selenium.firefox.FirefoxDriver.&lt;init&gt;(FirefoxDriver.java:211)
	at org.openqa.selenium.firefox.FirefoxDriver.&lt;init&gt;(FirefoxDriver.java:207)
	at LoginTest.i_open_the_page(LoginTest.java:137)
	at ✽.Given I open the page &quot;waf&quot;(src/test/olj.feature:223)
Caused by: org.openqa.selenium.firefox.NotConnectedException: Unable to connect to host 127.0.0.1 on port 7055 after 45000 ms. Firefox console output:

	at org.openqa.selenium.firefox.internal.NewProfileExtensionConnection.start(NewProfileExtensionConnection.java:113)
	at org.openqa.selenium.firefox.FirefoxDriver.startClient(FirefoxDriver.java:271)
	at org.openqa.selenium.remote.RemoteWebDriver.&lt;init&gt;(RemoteWebDriver.java:119)
	at org.openqa.selenium.firefox.FirefoxDriver.&lt;init&gt;(FirefoxDriver.java:216)
	at org.openqa.selenium.firefox.FirefoxDriver.&lt;init&gt;(FirefoxDriver.java:211)
	at org.openqa.selenium.firefox.FirefoxDriver.&lt;init&gt;(FirefoxDriver.java:207)
	at LoginTest.i_open_the_page(LoginTest.java:137)
	at cucumber.runtime.Utils$1.call(Utils.java:37)
	at cucumber.runtime.Timeout.timeout(Timeout.java:13)
	at cucumber.runtime.Utils.invoke(Utils.java:31)
	at cucumber.runtime.java.JavaStepDefinition.execute(JavaStepDefinition.java:38)
	at cucumber.runtime.StepDefinitionMatch.runStep(StepDefinitionMatch.java:37)
	at cucumber.runtime.Runtime.runStep(Runtime.java:299)
	at cucumber.runtime.model.StepContainer.runStep(StepContainer.java:44)
	at cucumber.runtime.model.StepContainer.runSteps(StepContainer.java:39)
	at cucumber.runtime.model.CucumberScenario.run(CucumberScenario.java:44)
	at cucumber.runtime.junit.ExecutionUnitRunner.run(ExecutionUnitRunner.java:91)
	at cucumber.runtime.junit.FeatureRunner.runChild(FeatureRunner.java:63)
	at cucumber.runtime.junit.FeatureRunner.runChild(FeatureRunner.java:18)
	at cucumber.runtime.junit.FeatureRunner.run(FeatureRunner.java:70)
	at cucumber.api.junit.Cucumber.runChild(Cucumber.java:93)
	at cucumber.api.junit.Cucumber.runChild(Cucumber.java:37)
	at cucumber.api.junit.Cucumber.run(Cucumber.java:98)
</error>
  </testcase>
  <testcase classname="junit.framework.TestSuite" name="Scenario: Off peak -  12 months current - One Time Payment - success" time="90.587">
    <error message="Failed to connect to binary FirefoxBinary(C:\NB\firefox-sdk\bin\firefox.exe) on port 7055; process output follows: &#xa;&#xa;Build info: version: &apos;2.53.1&apos;, revision: &apos;a36b8b1cd5757287168e54b817830adce9b0158d&apos;, time: &apos;2016-06-30 19:26:09&apos;&#xa;System info: host: &apos;NUFLCNU417CBJ1&apos;, ip: &apos;10.252.0.43&apos;, os.name: &apos;Windows 7&apos;, os.arch: &apos;amd64&apos;, os.version: &apos;6.1&apos;, java.version: &apos;1.8.0_65&apos;&#xa;Driver info: driver.version: FirefoxDriver" type="org.openqa.selenium.WebDriverException">org.openqa.selenium.WebDriverException: Failed to connect to binary FirefoxBinary(C:\NB\firefox-sdk\bin\firefox.exe) on port 7055; process output follows: 

Build info: version: &apos;2.53.1&apos;, revision: &apos;a36b8b1cd5757287168e54b817830adce9b0158d&apos;, time: &apos;2016-06-30 19:26:09&apos;
System info: host: &apos;NUFLCNU417CBJ1&apos;, ip: &apos;10.252.0.43&apos;, os.name: &apos;Windows 7&apos;, os.arch: &apos;amd64&apos;, os.version: &apos;6.1&apos;, java.version: &apos;1.8.0_65&apos;
Driver info: driver.version: FirefoxDriver
	at org.openqa.selenium.firefox.internal.NewProfileExtensionConnection.start(NewProfileExtensionConnection.java:125)
	at org.openqa.selenium.firefox.FirefoxDriver.startClient(FirefoxDriver.java:271)
	at org.openqa.selenium.remote.RemoteWebDriver.&lt;init&gt;(RemoteWebDriver.java:119)
	at org.openqa.selenium.firefox.FirefoxDriver.&lt;init&gt;(FirefoxDriver.java:216)
	at org.openqa.selenium.firefox.FirefoxDriver.&lt;init&gt;(FirefoxDriver.java:211)
	at org.openqa.selenium.firefox.FirefoxDriver.&lt;init&gt;(FirefoxDriver.java:207)
	at LoginTest.i_open_the_page(LoginTest.java:137)
	at ✽.Given I open the page &quot;waf&quot;(src/test/olj.feature:223)
Caused by: org.openqa.selenium.firefox.NotConnectedException: Unable to connect to host 127.0.0.1 on port 7055 after 45000 ms. Firefox console output:

	at org.openqa.selenium.firefox.internal.NewProfileExtensionConnection.start(NewProfileExtensionConnection.java:113)
	at org.openqa.selenium.firefox.FirefoxDriver.startClient(FirefoxDriver.java:271)
	at org.openqa.selenium.remote.RemoteWebDriver.&lt;init&gt;(RemoteWebDriver.java:119)
	at org.openqa.selenium.firefox.FirefoxDriver.&lt;init&gt;(FirefoxDriver.java:216)
	at org.openqa.selenium.firefox.FirefoxDriver.&lt;init&gt;(FirefoxDriver.java:211)
	at org.openqa.selenium.firefox.FirefoxDriver.&lt;init&gt;(FirefoxDriver.java:207)
	at LoginTest.i_open_the_page(LoginTest.java:137)
	at cucumber.runtime.Utils$1.call(Utils.java:37)
	at cucumber.runtime.Timeout.timeout(Timeout.java:13)
	at cucumber.runtime.Utils.invoke(Utils.java:31)
	at cucumber.runtime.java.JavaStepDefinition.execute(JavaStepDefinition.java:38)
	at cucumber.runtime.StepDefinitionMatch.runStep(StepDefinitionMatch.java:37)
	at cucumber.runtime.Runtime.runStep(Runtime.java:299)
	at cucumber.runtime.model.StepContainer.runStep(StepContainer.java:44)
	at cucumber.runtime.model.StepContainer.runSteps(StepContainer.java:39)
	at cucumber.runtime.model.CucumberScenario.run(CucumberScenario.java:44)
	at cucumber.runtime.junit.ExecutionUnitRunner.run(ExecutionUnitRunner.java:91)
	at cucumber.runtime.junit.FeatureRunner.runChild(FeatureRunner.java:63)
	at cucumber.runtime.junit.FeatureRunner.runChild(FeatureRunner.java:18)
	at cucumber.runtime.junit.FeatureRunner.run(FeatureRunner.java:70)
	at cucumber.api.junit.Cucumber.runChild(Cucumber.java:93)
	at cucumber.api.junit.Cucumber.runChild(Cucumber.java:37)
	at cucumber.api.junit.Cucumber.run(Cucumber.java:98)
</error>
  </testcase>
  <testcase classname="Scenario: Off peak -  12 months current - One Time Payment - success" name="Then I am on page &quot;aber&quot;" time="0.017">
    <skipped />
    <skipped />
    <skipped />
  </testcase>
  <testcase classname="Scenario: Off peak -  12 months current - One Time Payment - success" name="When I scroll down &quot;390&quot;" time="0.0">
    <skipped />
  </testcase>
  <testcase classname="Scenario: Off peak -  12 months current - One Time Payment - success" name="When I click text &quot;Off peak&quot;" time="0.0">
    <skipped />
  </testcase>
  <testcase classname="Scenario: Off peak -  12 months current - One Time Payment - success" name="When I scroll down &quot;350&quot;" time="0.0">
    <skipped />
  </testcase>
  <testcase classname="Scenario: Off peak -  12 months current - One Time Payment - success" name="When I click on fieldset element &quot;choose_membership_package_form_payment_type_once&quot;" time="0.0">
    <skipped />
  </testcase>
  <testcase classname="Scenario: Off peak -  12 months current - One Time Payment - success" name="When I click on basket" time="0.0">
    <skipped />
  </testcase>
  <testcase classname="Scenario: Off peak -  12 months current - One Time Payment - success" name="Then I wait" time="0.016">
    <skipped />
    <skipped />
    <skipped />
  </testcase>
  <testcase classname="Scenario: Off peak -  12 months current - One Time Payment - success" name="Then I get amount value &quot;total&quot;" time="0.0">
    <skipped />
  </testcase>
  <testcase classname="Scenario: Off peak -  12 months current - One Time Payment - success" name="Then I get amount &quot;member&quot;" time="0.0">
    <skipped />
  </testcase>
  <testcase classname="Scenario: Off peak -  12 months current - One Time Payment - success" name="Then I grab amount &quot;fee&quot;" time="0.0">
    <skipped />
  </testcase>
  <testcase classname="Scenario: Off peak -  12 months current - One Time Payment - success" name="Then I grab amount &quot;prorata&quot;" time="0.0">
    <skipped />
  </testcase>
  <testcase classname="Scenario: Off peak -  12 months current - One Time Payment - success" name="Then I get amount &quot;monthly&quot;" time="0.0">
    <skipped />
  </testcase>
  <testcase classname="Scenario: Off peak -  12 months current - One Time Payment - success" name="Then I can see all figures good &quot;12&quot;" time="0.0">
    <skipped />
  </testcase>
  <testcase classname="Scenario: Off peak -  12 months current - One Time Payment - success" name="When I press button named &quot;commit&quot;" time="0.009">
    <skipped />
    <skipped />
  </testcase>
  <testcase classname="Scenario: Off peak -  12 months current - One Time Payment - success" name="When I select &quot;Mr&quot; in menu &quot;personal_details_form_title&quot;" time="0.0">
    <skipped />
  </testcase>
  <testcase classname="Scenario: Off peak -  12 months current - One Time Payment - success" name="When I fill dynamic field &quot;personal_details_form_first_name&quot; with &quot;firstname&quot;" time="0.0">
    <skipped />
  </testcase>
  <testcase classname="Scenario: Off peak -  12 months current - One Time Payment - success" name="When I fill dynamic field &quot;personal_details_form_last_name&quot; with &quot;lastname&quot;" time="0.0">
    <skipped />
  </testcase>
  <testcase classname="Scenario: Off peak -  12 months current - One Time Payment - success" name="When I click on element with id &quot;personal_details_form_date_of_birth_day&quot;" time="0.0">
    <skipped />
  </testcase>
  <testcase classname="Scenario: Off peak -  12 months current - One Time Payment - success" name="When I set to date &quot;1/1/1970&quot;" time="0.0">
    <skipped />
  </testcase>
  <testcase classname="Scenario: Off peak -  12 months current - One Time Payment - success" name="When I select &quot;Male&quot; in menu &quot;personal_details_form_gender&quot;" time="0.0">
    <skipped />
  </testcase>
  <testcase classname="Scenario: Off peak -  12 months current - One Time Payment - success" name="When I fill &quot;housenumber&quot; with &quot;473&quot;" time="0.0">
    <skipped />
  </testcase>
  <testcase classname="Scenario: Off peak -  12 months current - One Time Payment - success" name="When I fill &quot;postcode&quot; with &quot;IV448TZ&quot;" time="0.0">
    <skipped />
  </testcase>
  <testcase classname="Scenario: Off peak -  12 months current - One Time Payment - success" name="When I click on button name &quot;btn&quot;" time="0.0">
    <skipped />
  </testcase>
  <testcase classname="Scenario: Off peak -  12 months current - One Time Payment - success" name="When I fill &quot;mail&quot; with &quot;max.karpov@nuffieldhealth.com&quot;" time="0.0">
    <skipped />
  </testcase>
  <testcase classname="Scenario: Off peak -  12 months current - One Time Payment - success" name="When I fill &quot;emailconfirmation&quot; with &quot;max.karpov@nuffieldhealth.com&quot;" time="0.0">
    <skipped />
  </testcase>
  <testcase classname="Scenario: Off peak -  12 months current - One Time Payment - success" name="When I fill &quot;phone&quot; with &quot;07482716718&quot;" time="0.0">
    <skipped />
  </testcase>
  <testcase classname="Scenario: Off peak -  12 months current - One Time Payment - success" name="When I fill &quot;mobile&quot; with &quot;07482716718&quot;" time="0.0">
    <skipped />
  </testcase>
  <testcase classname="Scenario: Off peak -  12 months current - One Time Payment - success" name="When I click on fieldset element &quot;personal_details_form_unable_to_exercise_no&quot;" time="0.0">
    <skipped />
  </testcase>
  <testcase classname="Scenario: Off peak -  12 months current - One Time Payment - success" name="When I click on fieldset element &quot;summary_form_marketing_email&quot;" time="0.0">
    <skipped />
  </testcase>
  <testcase classname="Scenario: Off peak -  12 months current - One Time Payment - success" name="When I scroll down &quot;900&quot;" time="0.0">
    <skipped />
  </testcase>
  <testcase classname="Scenario: Off peak -  12 months current - One Time Payment - success" name="When I click on class &quot;form__row form__row--limestone form__custom-check&quot;" time="0.0">
    <skipped />
  </testcase>
  <testcase classname="Scenario: Off peak -  12 months current - One Time Payment - success" name="When I click on button name &quot;commit&quot;" time="0.0">
    <skipped />
  </testcase>
  <testcase classname="Scenario: Off peak -  12 months current - One Time Payment - success" name="When I click on button name &quot;VISA_brand&quot;" time="0.0">
    <skipped />
  </testcase>
  <testcase classname="Scenario: Off peak -  12 months current - One Time Payment - success" name="When I fill &quot;cardname&quot; with &quot;xyz&quot;" time="0.0">
    <skipped />
  </testcase>
  <testcase classname="Scenario: Off peak -  12 months current - One Time Payment - success" name="When I fill &quot;cardnumber&quot; with &quot;4111111111111111&quot;" time="0.0">
    <skipped />
  </testcase>
  <testcase classname="Scenario: Off peak -  12 months current - One Time Payment - success" name="When I select item &quot;2&quot; in menu &quot;Ecom_Payment_Card_ExpDate_Month&quot;" time="0.0">
    <skipped />
  </testcase>
  <testcase classname="Scenario: Off peak -  12 months current - One Time Payment - success" name="When I select item &quot;2&quot; in menu &quot;Ecom_Payment_Card_ExpDate_Year&quot;" time="0.0">
    <skipped />
  </testcase>
  <testcase classname="Scenario: Off peak -  12 months current - One Time Payment - success" name="When I fill &quot;cardyear&quot; with &quot;2017&quot;" time="0.0">
    <skipped />
  </testcase>
  <testcase classname="Scenario: Off peak -  12 months current - One Time Payment - success" name="When I fill &quot;cardcvs&quot; with &quot;737&quot;" time="0.0">
    <skipped />
  </testcase>
  <testcase classname="Scenario: Off peak -  12 months current - One Time Payment - success" name="When I click on button name &quot;payment&quot;" time="0.0">
    <skipped />
  </testcase>
  <testcase classname="Scenario: Off peak -  12 months current - One Time Payment - success" name="Then I wait for order id" time="0.0">
    <skipped />
  </testcase>
  <testcase classname="Scenario: Off peak -  12 months current - One Time Payment - success" name="Given I navigate to salesforce" time="0.0">
    <skipped />
  </testcase>
  <testcase classname="Scenario: Off peak -  12 months current - One Time Payment - success" name="When I enter Login and Password" time="0.0">
    <skipped />
  </testcase>
  <testcase classname="Scenario: Off peak -  12 months current - One Time Payment - success" name="Then I should login to Salesforce" time="0.0">
    <skipped />
  </testcase>
  <testcase classname="Scenario: Off peak -  12 months current - One Time Payment - success" name="When I switch to tab &quot;Opportunities&quot;" time="0.0">
    <skipped />
  </testcase>
  <testcase classname="Scenario: Off peak -  12 months current - One Time Payment - success" name="Then I am on page &quot;Opportunities&quot;" time="0.001">
    <skipped />
    <skipped />
  </testcase>
  <testcase classname="Scenario: Off peak -  12 months current - One Time Payment - success" name="When I click on button name &quot;go&quot;" time="0.0">
    <skipped />
  </testcase>
  <testcase classname="Scenario: Off peak -  12 months current - One Time Payment - success" name="Then I open opportunity" time="0.0">
    <skipped />
  </testcase>
  <testcase classname="Scenario: Off peak -  12 months current - One Time Payment - success" name="Then I am on page &quot;Opportunity&quot;" time="0.0">
    <skipped />
  </testcase>
  <testcase classname="Scenario: Off peak -  12 months current - One Time Payment - success" name="Then I can see &quot;Site&quot; filled with &quot;Aberdeen&quot;" time="0.0">
    <skipped />
  </testcase>
  <testcase classname="Scenario: Off peak -  12 months current - One Time Payment - success" name="Then I can see &quot;Amount&quot; filled with &quot;total&quot;" time="0.0">
    <skipped />
  </testcase>
  <testcase classname="Scenario: Off peak -  12 months current - One Time Payment - success" name="Then I can see &quot;Order Reference&quot; filled with &quot;orid&quot;" time="0.0">
    <skipped />
  </testcase>
  <testcase classname="Scenario: Off peak -  12 months current - One Time Payment - success" name="Then I can see &quot;Payment Reference&quot; filled with &quot;pay&quot;" time="0.0">
    <skipped />
  </testcase>
  <testcase classname="Scenario: Off peak -  12 months current - One Time Payment - success" name="Then I do save" time="0.0">
    <skipped />
  </testcase>
  <testcase classname="junit.framework.TestSuite" name="Scenario: Off peak -  12 months current - One Time Payment - success" time="90.842" />
  <testcase classname="Scenario: Off Peak  12 months Wellbeing current - One Time Payment - success" name="Given I open the page &quot;waf&quot;" time="0.003">
    <error message="Failed to connect to binary FirefoxBinary(C:\NB\firefox-sdk\bin\firefox.exe) on port 7055; process output follows: &#xa;pdating XPIState for {&quot;id&quot;:&quot;{972ce4c6-7e08-4474-a285-3208198ce6fd}&quot;,&quot;syncGUID&quot;:&quot;6VspclCdmIGo&quot;,&quot;location&quot;:&quot;app-global&quot;,&quot;version&quot;:&quot;47.0.1&quot;,&quot;type&quot;:&quot;theme&quot;,&quot;internalName&quot;:&quot;classic/1.0&quot;,&quot;updateURL&quot;:null,&quot;updateKey&quot;:null,&quot;optionsURL&quot;:null,&quot;optionsType&quot;:null,&quot;aboutURL&quot;:null,&quot;icons&quot;:{&quot;32&quot;:&quot;icon.png&quot;,&quot;48&quot;:&quot;icon.png&quot;},&quot;iconURL&quot;:null,&quot;icon64URL&quot;:null,&quot;defaultLocale&quot;:{&quot;name&quot;:&quot;Default&quot;,&quot;description&quot;:&quot;The default theme.&quot;,&quot;creator&quot;:&quot;Mozilla&quot;,&quot;homepageURL&quot;:null,&quot;contributors&quot;:[&quot;Mozilla Contributors&quot;]},&quot;visible&quot;:true,&quot;active&quot;:true,&quot;userDisabled&quot;:false,&quot;appDisabled&quot;:false,&quot;descriptor&quot;:&quot;C:\\NB\\firefox-sdk\\bin\\browser\\extensions\\{972ce4c6-7e08-4474-a285-3208198ce6fd}.xpi&quot;,&quot;installDate&quot;:1262300400000,&quot;updateDate&quot;:1262300400000,&quot;applyBackgroundUpdates&quot;:1,&quot;skinnable&quot;:true,&quot;size&quot;:22012,&quot;sourceURI&quot;:null,&quot;releaseNotesURI&quot;:null,&quot;softDisabled&quot;:false,&quot;foreignInstall&quot;:false,&quot;hasBinaryComponents&quot;:false,&quot;strictCompatibility&quot;:true,&quot;locales&quot;:[],&quot;targetApplications&quot;:[{&quot;id&quot;:&quot;{ec8030f7-c20a-464f-9b0e-13a3a9e97384}&quot;,&quot;minVersion&quot;:&quot;47.0.1&quot;,&quot;maxVersion&quot;:&quot;47.0.1&quot;}],&quot;targetPlatforms&quot;:[],&quot;seen&quot;:true}&#xd;&#xa;1474033787639&#x9;addons.xpi&#x9;DEBUG&#x9;getModTime: Recursive scan of {972ce4c6-7e08-4474-a285-3208198ce6fd}&#xd;&#xa;1474033787640&#x9;DeferredSave.extensions.json&#x9;DEBUG&#x9;Save changes&#xd;&#xa;1474033787640&#x9;addons.xpi&#x9;DEBUG&#x9;Updating database with changes to installed add-ons&#xd;&#xa;1474033787640&#x9;addons.xpi-utils&#x9;DEBUG&#x9;Updating add-on states&#xd;&#xa;1474033787641&#x9;addons.xpi-utils&#x9;DEBUG&#x9;Writing add-ons list&#xd;&#xa;1474033787663&#x9;addons.xpi&#x9;DEBUG&#x9;Registering manifest for C:\NB\firefox-sdk\bin\browser\features\e10srollout@mozilla.org.xpi&#xd;&#xa;1474033787664&#x9;addons.xpi&#x9;DEBUG&#x9;Calling bootstrap method startup on e10srollout@mozilla.org version 1.0&#xd;&#xa;1474033787664&#x9;addons.xpi&#x9;DEBUG&#x9;Registering manifest for C:\NB\firefox-sdk\bin\browser\features\firefox@getpocket.com.xpi&#xd;&#xa;1474033787665&#x9;addons.xpi&#x9;DEBUG&#x9;Calling bootstrap method startup on firefox@getpocket.com version 1.0.2&#xd;&#xa;1474033787665&#x9;addons.xpi&#x9;DEBUG&#x9;Registering manifest for C:\NB\firefox-sdk\bin\browser\features\loop@mozilla.org.xpi&#xd;&#xa;1474033787666&#x9;addons.xpi&#x9;DEBUG&#x9;Calling bootstrap method startup on loop@mozilla.org version 1.3.2&#xd;&#xa;1474033787685&#x9;addons.manager&#x9;DEBUG&#x9;Registering shutdown blocker for XPIProvider&#xd;&#xa;1474033787686&#x9;addons.manager&#x9;DEBUG&#x9;Provider finished startup: XPIProvider&#xd;&#xa;1474033787686&#x9;addons.manager&#x9;DEBUG&#x9;Starting provider: LightweightThemeManager&#xd;&#xa;1474033787686&#x9;addons.manager&#x9;DEBUG&#x9;Registering shutdown blocker for LightweightThemeManager&#xd;&#xa;1474033787686&#x9;addons.manager&#x9;DEBUG&#x9;Provider finished startup: LightweightThemeManager&#xd;&#xa;1474033787686&#x9;addons.manager&#x9;DEBUG&#x9;Starting provider: GMPProvider&#xd;&#xa;1474033787694&#x9;addons.manager&#x9;DEBUG&#x9;Registering shutdown blocker for GMPProvider&#xd;&#xa;1474033787694&#x9;addons.manager&#x9;DEBUG&#x9;Provider finished startup: GMPProvider&#xd;&#xa;1474033787694&#x9;addons.manager&#x9;DEBUG&#x9;Starting provider: PluginProvider&#xd;&#xa;1474033787694&#x9;addons.manager&#x9;DEBUG&#x9;Registering shutdown blocker for PluginProvider&#xd;&#xa;1474033787695&#x9;addons.manager&#x9;DEBUG&#x9;Provider finished startup: PluginProvider&#xd;&#xa;1474033787695&#x9;addons.manager&#x9;DEBUG&#x9;Completed startup sequence&#xd;&#xa;1474033793841&#x9;addons.manager&#x9;DEBUG&#x9;Starting provider: &lt;unnamed-provider&gt;&#xd;&#xa;1474033793841&#x9;addons.manager&#x9;DEBUG&#x9;Registering shutdown blocker for &lt;unnamed-provider&gt;&#xd;&#xa;1474033793842&#x9;addons.manager&#x9;DEBUG&#x9;Provider finished startup: &lt;unnamed-provider&gt;&#xd;&#xa;1474033793843&#x9;DeferredSave.extensions.json&#x9;DEBUG&#x9;Starting write&#xd;&#xa;1474033806247&#x9;addons.repository&#x9;DEBUG&#x9;No addons.json found.&#xd;&#xa;1474033806248&#x9;DeferredSave.addons.json&#x9;DEBUG&#x9;Save changes&#xd;&#xa;1474033806290&#x9;DeferredSave.addons.json&#x9;DEBUG&#x9;Starting timer&#xd;&#xa;1474033807033&#x9;addons.manager&#x9;DEBUG&#x9;Starting provider: PreviousExperimentProvider&#xd;&#xa;1474033807033&#x9;addons.manager&#x9;DEBUG&#x9;Registering shutdown blocker for PreviousExperimentProvider&#xd;&#xa;1474033807034&#x9;addons.manager&#x9;DEBUG&#x9;Provider finished startup: PreviousExperimentProvider&#xd;&#xa;1474033807041&#x9;DeferredSave.extensions.json&#x9;DEBUG&#x9;Write succeeded&#xd;&#xa;1474033807042&#x9;addons.xpi-utils&#x9;DEBUG&#x9;XPI Database saved, setting schema version preference to 17&#xd;&#xa;1474033807043&#x9;DeferredSave.addons.json&#x9;DEBUG&#x9;Starting write&#xd;&#xa;1474033808023&#x9;DeferredSave.addons.json&#x9;DEBUG&#x9;Write succeeded&#xd;&#xa;&#xa;Build info: version: &apos;2.53.1&apos;, revision: &apos;a36b8b1cd5757287168e54b817830adce9b0158d&apos;, time: &apos;2016-06-30 19:26:09&apos;&#xa;System info: host: &apos;NUFLCNU417CBJ1&apos;, ip: &apos;10.252.0.43&apos;, os.name: &apos;Windows 7&apos;, os.arch: &apos;amd64&apos;, os.version: &apos;6.1&apos;, java.version: &apos;1.8.0_65&apos;&#xa;Driver info: driver.version: FirefoxDriver" type="org.openqa.selenium.WebDriverException">org.openqa.selenium.WebDriverException: Failed to connect to binary FirefoxBinary(C:\NB\firefox-sdk\bin\firefox.exe) on port 7055; process output follows: 
pdating XPIState for {&quot;id&quot;:&quot;{972ce4c6-7e08-4474-a285-3208198ce6fd}&quot;,&quot;syncGUID&quot;:&quot;6VspclCdmIGo&quot;,&quot;location&quot;:&quot;app-global&quot;,&quot;version&quot;:&quot;47.0.1&quot;,&quot;type&quot;:&quot;theme&quot;,&quot;internalName&quot;:&quot;classic/1.0&quot;,&quot;updateURL&quot;:null,&quot;updateKey&quot;:null,&quot;optionsURL&quot;:null,&quot;optionsType&quot;:null,&quot;aboutURL&quot;:null,&quot;icons&quot;:{&quot;32&quot;:&quot;icon.png&quot;,&quot;48&quot;:&quot;icon.png&quot;},&quot;iconURL&quot;:null,&quot;icon64URL&quot;:null,&quot;defaultLocale&quot;:{&quot;name&quot;:&quot;Default&quot;,&quot;description&quot;:&quot;The default theme.&quot;,&quot;creator&quot;:&quot;Mozilla&quot;,&quot;homepageURL&quot;:null,&quot;contributors&quot;:[&quot;Mozilla Contributors&quot;]},&quot;visible&quot;:true,&quot;active&quot;:true,&quot;userDisabled&quot;:false,&quot;appDisabled&quot;:false,&quot;descriptor&quot;:&quot;C:\\NB\\firefox-sdk\\bin\\browser\\extensions\\{972ce4c6-7e08-4474-a285-3208198ce6fd}.xpi&quot;,&quot;installDate&quot;:1262300400000,&quot;updateDate&quot;:1262300400000,&quot;applyBackgroundUpdates&quot;:1,&quot;skinnable&quot;:true,&quot;size&quot;:22012,&quot;sourceURI&quot;:null,&quot;releaseNotesURI&quot;:null,&quot;softDisabled&quot;:false,&quot;foreignInstall&quot;:false,&quot;hasBinaryComponents&quot;:false,&quot;strictCompatibility&quot;:true,&quot;locales&quot;:[],&quot;targetApplications&quot;:[{&quot;id&quot;:&quot;{ec8030f7-c20a-464f-9b0e-13a3a9e97384}&quot;,&quot;minVersion&quot;:&quot;47.0.1&quot;,&quot;maxVersion&quot;:&quot;47.0.1&quot;}],&quot;targetPlatforms&quot;:[],&quot;seen&quot;:true}
1474033787639	addons.xpi	DEBUG	getModTime: Recursive scan of {972ce4c6-7e08-4474-a285-3208198ce6fd}
1474033787640	DeferredSave.extensions.json	DEBUG	Save changes
1474033787640	addons.xpi	DEBUG	Updating database with changes to installed add-ons
1474033787640	addons.xpi-utils	DEBUG	Updating add-on states
1474033787641	addons.xpi-utils	DEBUG	Writing add-ons list
1474033787663	addons.xpi	DEBUG	Registering manifest for C:\NB\firefox-sdk\bin\browser\features\e10srollout@mozilla.org.xpi
1474033787664	addons.xpi	DEBUG	Calling bootstrap method startup on e10srollout@mozilla.org version 1.0
1474033787664	addons.xpi	DEBUG	Registering manifest for C:\NB\firefox-sdk\bin\browser\features\firefox@getpocket.com.xpi
1474033787665	addons.xpi	DEBUG	Calling bootstrap method startup on firefox@getpocket.com version 1.0.2
1474033787665	addons.xpi	DEBUG	Registering manifest for C:\NB\firefox-sdk\bin\browser\features\loop@mozilla.org.xpi
1474033787666	addons.xpi	DEBUG	Calling bootstrap method startup on loop@mozilla.org version 1.3.2
1474033787685	addons.manager	DEBUG	Registering shutdown blocker for XPIProvider
1474033787686	addons.manager	DEBUG	Provider finished startup: XPIProvider
1474033787686	addons.manager	DEBUG	Starting provider: LightweightThemeManager
1474033787686	addons.manager	DEBUG	Registering shutdown blocker for LightweightThemeManager
1474033787686	addons.manager	DEBUG	Provider finished startup: LightweightThemeManager
1474033787686	addons.manager	DEBUG	Starting provider: GMPProvider
1474033787694	addons.manager	DEBUG	Registering shutdown blocker for GMPProvider
1474033787694	addons.manager	DEBUG	Provider finished startup: GMPProvider
1474033787694	addons.manager	DEBUG	Starting provider: PluginProvider
1474033787694	addons.manager	DEBUG	Registering shutdown blocker for PluginProvider
1474033787695	addons.manager	DEBUG	Provider finished startup: PluginProvider
1474033787695	addons.manager	DEBUG	Completed startup sequence
1474033793841	addons.manager	DEBUG	Starting provider: &lt;unnamed-provider&gt;
1474033793841	addons.manager	DEBUG	Registering shutdown blocker for &lt;unnamed-provider&gt;
1474033793842	addons.manager	DEBUG	Provider finished startup: &lt;unnamed-provider&gt;
1474033793843	DeferredSave.extensions.json	DEBUG	Starting write
1474033806247	addons.repository	DEBUG	No addons.json found.
1474033806248	DeferredSave.addons.json	DEBUG	Save changes
1474033806290	DeferredSave.addons.json	DEBUG	Starting timer
1474033807033	addons.manager	DEBUG	Starting provider: PreviousExperimentProvider
1474033807033	addons.manager	DEBUG	Registering shutdown blocker for PreviousExperimentProvider
1474033807034	addons.manager	DEBUG	Provider finished startup: PreviousExperimentProvider
1474033807041	DeferredSave.extensions.json	DEBUG	Write succeeded
1474033807042	addons.xpi-utils	DEBUG	XPI Database saved, setting schema version preference to 17
1474033807043	DeferredSave.addons.json	DEBUG	Starting write
1474033808023	DeferredSave.addons.json	DEBUG	Write succeeded

Build info: version: &apos;2.53.1&apos;, revision: &apos;a36b8b1cd5757287168e54b817830adce9b0158d&apos;, time: &apos;2016-06-30 19:26:09&apos;
System info: host: &apos;NUFLCNU417CBJ1&apos;, ip: &apos;10.252.0.43&apos;, os.name: &apos;Windows 7&apos;, os.arch: &apos;amd64&apos;, os.version: &apos;6.1&apos;, java.version: &apos;1.8.0_65&apos;
Driver info: driver.version: FirefoxDriver
	at org.openqa.selenium.firefox.internal.NewProfileExtensionConnection.start(NewProfileExtensionConnection.java:125)
	at org.openqa.selenium.firefox.FirefoxDriver.startClient(FirefoxDriver.java:271)
	at org.openqa.selenium.remote.RemoteWebDriver.&lt;init&gt;(RemoteWebDriver.java:119)
	at org.openqa.selenium.firefox.FirefoxDriver.&lt;init&gt;(FirefoxDriver.java:216)
	at org.openqa.selenium.firefox.FirefoxDriver.&lt;init&gt;(FirefoxDriver.java:211)
	at org.openqa.selenium.firefox.FirefoxDriver.&lt;init&gt;(FirefoxDriver.java:207)
	at LoginTest.i_open_the_page(LoginTest.java:137)
	at ✽.Given I open the page &quot;waf&quot;(src/test/olj.feature:296)
Caused by: org.openqa.selenium.firefox.NotConnectedException: Unable to connect to host 127.0.0.1 on port 7055 after 45000 ms. Firefox console output:
pdating XPIState for {&quot;id&quot;:&quot;{972ce4c6-7e08-4474-a285-3208198ce6fd}&quot;,&quot;syncGUID&quot;:&quot;6VspclCdmIGo&quot;,&quot;location&quot;:&quot;app-global&quot;,&quot;version&quot;:&quot;47.0.1&quot;,&quot;type&quot;:&quot;theme&quot;,&quot;internalName&quot;:&quot;classic/1.0&quot;,&quot;updateURL&quot;:null,&quot;updateKey&quot;:null,&quot;optionsURL&quot;:null,&quot;optionsType&quot;:null,&quot;aboutURL&quot;:null,&quot;icons&quot;:{&quot;32&quot;:&quot;icon.png&quot;,&quot;48&quot;:&quot;icon.png&quot;},&quot;iconURL&quot;:null,&quot;icon64URL&quot;:null,&quot;defaultLocale&quot;:{&quot;name&quot;:&quot;Default&quot;,&quot;description&quot;:&quot;The default theme.&quot;,&quot;creator&quot;:&quot;Mozilla&quot;,&quot;homepageURL&quot;:null,&quot;contributors&quot;:[&quot;Mozilla Contributors&quot;]},&quot;visible&quot;:true,&quot;active&quot;:true,&quot;userDisabled&quot;:false,&quot;appDisabled&quot;:false,&quot;descriptor&quot;:&quot;C:\\NB\\firefox-sdk\\bin\\browser\\extensions\\{972ce4c6-7e08-4474-a285-3208198ce6fd}.xpi&quot;,&quot;installDate&quot;:1262300400000,&quot;updateDate&quot;:1262300400000,&quot;applyBackgroundUpdates&quot;:1,&quot;skinnable&quot;:true,&quot;size&quot;:22012,&quot;sourceURI&quot;:null,&quot;releaseNotesURI&quot;:null,&quot;softDisabled&quot;:false,&quot;foreignInstall&quot;:false,&quot;hasBinaryComponents&quot;:false,&quot;strictCompatibility&quot;:true,&quot;locales&quot;:[],&quot;targetApplications&quot;:[{&quot;id&quot;:&quot;{ec8030f7-c20a-464f-9b0e-13a3a9e97384}&quot;,&quot;minVersion&quot;:&quot;47.0.1&quot;,&quot;maxVersion&quot;:&quot;47.0.1&quot;}],&quot;targetPlatforms&quot;:[],&quot;seen&quot;:true}
1474033787639	addons.xpi	DEBUG	getModTime: Recursive scan of {972ce4c6-7e08-4474-a285-3208198ce6fd}
1474033787640	DeferredSave.extensions.json	DEBUG	Save changes
1474033787640	addons.xpi	DEBUG	Updating database with changes to installed add-ons
1474033787640	addons.xpi-utils	DEBUG	Updating add-on states
1474033787641	addons.xpi-utils	DEBUG	Writing add-ons list
1474033787663	addons.xpi	DEBUG	Registering manifest for C:\NB\firefox-sdk\bin\browser\features\e10srollout@mozilla.org.xpi
1474033787664	addons.xpi	DEBUG	Calling bootstrap method startup on e10srollout@mozilla.org version 1.0
1474033787664	addons.xpi	DEBUG	Registering manifest for C:\NB\firefox-sdk\bin\browser\features\firefox@getpocket.com.xpi
1474033787665	addons.xpi	DEBUG	Calling bootstrap method startup on firefox@getpocket.com version 1.0.2
1474033787665	addons.xpi	DEBUG	Registering manifest for C:\NB\firefox-sdk\bin\browser\features\loop@mozilla.org.xpi
1474033787666	addons.xpi	DEBUG	Calling bootstrap method startup on loop@mozilla.org version 1.3.2
1474033787685	addons.manager	DEBUG	Registering shutdown blocker for XPIProvider
1474033787686	addons.manager	DEBUG	Provider finished startup: XPIProvider
1474033787686	addons.manager	DEBUG	Starting provider: LightweightThemeManager
1474033787686	addons.manager	DEBUG	Registering shutdown blocker for LightweightThemeManager
1474033787686	addons.manager	DEBUG	Provider finished startup: LightweightThemeManager
1474033787686	addons.manager	DEBUG	Starting provider: GMPProvider
1474033787694	addons.manager	DEBUG	Registering shutdown blocker for GMPProvider
1474033787694	addons.manager	DEBUG	Provider finished startup: GMPProvider
1474033787694	addons.manager	DEBUG	Starting provider: PluginProvider
1474033787694	addons.manager	DEBUG	Registering shutdown blocker for PluginProvider
1474033787695	addons.manager	DEBUG	Provider finished startup: PluginProvider
1474033787695	addons.manager	DEBUG	Completed startup sequence
1474033793841	addons.manager	DEBUG	Starting provider: &lt;unnamed-provider&gt;
1474033793841	addons.manager	DEBUG	Registering shutdown blocker for &lt;unnamed-provider&gt;
1474033793842	addons.manager	DEBUG	Provider finished startup: &lt;unnamed-provider&gt;
1474033793843	DeferredSave.extensions.json	DEBUG	Starting write
1474033806247	addons.repository	DEBUG	No addons.json found.
1474033806248	DeferredSave.addons.json	DEBUG	Save changes
1474033806290	DeferredSave.addons.json	DEBUG	Starting timer
1474033807033	addons.manager	DEBUG	Starting provider: PreviousExperimentProvider
1474033807033	addons.manager	DEBUG	Registering shutdown blocker for PreviousExperimentProvider
1474033807034	addons.manager	DEBUG	Provider finished startup: PreviousExperimentProvider
1474033807041	DeferredSave.extensions.json	DEBUG	Write succeeded
1474033807042	addons.xpi-utils	DEBUG	XPI Database saved, setting schema version preference to 17
1474033807043	DeferredSave.addons.json	DEBUG	Starting write
1474033808023	DeferredSave.addons.json	DEBUG	Write succeeded

	at org.openqa.selenium.firefox.internal.NewProfileExtensionConnection.start(NewProfileExtensionConnection.java:113)
	at org.openqa.selenium.firefox.FirefoxDriver.startClient(FirefoxDriver.java:271)
	at org.openqa.selenium.remote.RemoteWebDriver.&lt;init&gt;(RemoteWebDriver.java:119)
	at org.openqa.selenium.firefox.FirefoxDriver.&lt;init&gt;(FirefoxDriver.java:216)
	at org.openqa.selenium.firefox.FirefoxDriver.&lt;init&gt;(FirefoxDriver.java:211)
	at org.openqa.selenium.firefox.FirefoxDriver.&lt;init&gt;(FirefoxDriver.java:207)
	at LoginTest.i_open_the_page(LoginTest.java:137)
	at cucumber.runtime.Utils$1.call(Utils.java:37)
	at cucumber.runtime.Timeout.timeout(Timeout.java:13)
	at cucumber.runtime.Utils.invoke(Utils.java:31)
	at cucumber.runtime.java.JavaStepDefinition.execute(JavaStepDefinition.java:38)
	at cucumber.runtime.StepDefinitionMatch.runStep(StepDefinitionMatch.java:37)
	at cucumber.runtime.Runtime.runStep(Runtime.java:299)
	at cucumber.runtime.model.StepContainer.runStep(StepContainer.java:44)
	at cucumber.runtime.model.StepContainer.runSteps(StepContainer.java:39)
	at cucumber.runtime.model.CucumberScenario.run(CucumberScenario.java:44)
	at cucumber.runtime.junit.ExecutionUnitRunner.run(ExecutionUnitRunner.java:91)
	at cucumber.runtime.junit.FeatureRunner.runChild(FeatureRunner.java:63)
	at cucumber.runtime.junit.FeatureRunner.runChild(FeatureRunner.java:18)
	at cucumber.runtime.junit.FeatureRunner.run(FeatureRunner.java:70)
	at cucumber.api.junit.Cucumber.runChild(Cucumber.java:93)
	at cucumber.api.junit.Cucumber.runChild(Cucumber.java:37)
	at cucumber.api.junit.Cucumber.run(Cucumber.java:98)
</error>
  </testcase>
  <testcase classname="junit.framework.TestSuite" name="Scenario: Off Peak  12 months Wellbeing current - One Time Payment - success" time="46.789">
    <error message="Failed to connect to binary FirefoxBinary(C:\NB\firefox-sdk\bin\firefox.exe) on port 7055; process output follows: &#xa;pdating XPIState for {&quot;id&quot;:&quot;{972ce4c6-7e08-4474-a285-3208198ce6fd}&quot;,&quot;syncGUID&quot;:&quot;6VspclCdmIGo&quot;,&quot;location&quot;:&quot;app-global&quot;,&quot;version&quot;:&quot;47.0.1&quot;,&quot;type&quot;:&quot;theme&quot;,&quot;internalName&quot;:&quot;classic/1.0&quot;,&quot;updateURL&quot;:null,&quot;updateKey&quot;:null,&quot;optionsURL&quot;:null,&quot;optionsType&quot;:null,&quot;aboutURL&quot;:null,&quot;icons&quot;:{&quot;32&quot;:&quot;icon.png&quot;,&quot;48&quot;:&quot;icon.png&quot;},&quot;iconURL&quot;:null,&quot;icon64URL&quot;:null,&quot;defaultLocale&quot;:{&quot;name&quot;:&quot;Default&quot;,&quot;description&quot;:&quot;The default theme.&quot;,&quot;creator&quot;:&quot;Mozilla&quot;,&quot;homepageURL&quot;:null,&quot;contributors&quot;:[&quot;Mozilla Contributors&quot;]},&quot;visible&quot;:true,&quot;active&quot;:true,&quot;userDisabled&quot;:false,&quot;appDisabled&quot;:false,&quot;descriptor&quot;:&quot;C:\\NB\\firefox-sdk\\bin\\browser\\extensions\\{972ce4c6-7e08-4474-a285-3208198ce6fd}.xpi&quot;,&quot;installDate&quot;:1262300400000,&quot;updateDate&quot;:1262300400000,&quot;applyBackgroundUpdates&quot;:1,&quot;skinnable&quot;:true,&quot;size&quot;:22012,&quot;sourceURI&quot;:null,&quot;releaseNotesURI&quot;:null,&quot;softDisabled&quot;:false,&quot;foreignInstall&quot;:false,&quot;hasBinaryComponents&quot;:false,&quot;strictCompatibility&quot;:true,&quot;locales&quot;:[],&quot;targetApplications&quot;:[{&quot;id&quot;:&quot;{ec8030f7-c20a-464f-9b0e-13a3a9e97384}&quot;,&quot;minVersion&quot;:&quot;47.0.1&quot;,&quot;maxVersion&quot;:&quot;47.0.1&quot;}],&quot;targetPlatforms&quot;:[],&quot;seen&quot;:true}&#xd;&#xa;1474033787639&#x9;addons.xpi&#x9;DEBUG&#x9;getModTime: Recursive scan of {972ce4c6-7e08-4474-a285-3208198ce6fd}&#xd;&#xa;1474033787640&#x9;DeferredSave.extensions.json&#x9;DEBUG&#x9;Save changes&#xd;&#xa;1474033787640&#x9;addons.xpi&#x9;DEBUG&#x9;Updating database with changes to installed add-ons&#xd;&#xa;1474033787640&#x9;addons.xpi-utils&#x9;DEBUG&#x9;Updating add-on states&#xd;&#xa;1474033787641&#x9;addons.xpi-utils&#x9;DEBUG&#x9;Writing add-ons list&#xd;&#xa;1474033787663&#x9;addons.xpi&#x9;DEBUG&#x9;Registering manifest for C:\NB\firefox-sdk\bin\browser\features\e10srollout@mozilla.org.xpi&#xd;&#xa;1474033787664&#x9;addons.xpi&#x9;DEBUG&#x9;Calling bootstrap method startup on e10srollout@mozilla.org version 1.0&#xd;&#xa;1474033787664&#x9;addons.xpi&#x9;DEBUG&#x9;Registering manifest for C:\NB\firefox-sdk\bin\browser\features\firefox@getpocket.com.xpi&#xd;&#xa;1474033787665&#x9;addons.xpi&#x9;DEBUG&#x9;Calling bootstrap method startup on firefox@getpocket.com version 1.0.2&#xd;&#xa;1474033787665&#x9;addons.xpi&#x9;DEBUG&#x9;Registering manifest for C:\NB\firefox-sdk\bin\browser\features\loop@mozilla.org.xpi&#xd;&#xa;1474033787666&#x9;addons.xpi&#x9;DEBUG&#x9;Calling bootstrap method startup on loop@mozilla.org version 1.3.2&#xd;&#xa;1474033787685&#x9;addons.manager&#x9;DEBUG&#x9;Registering shutdown blocker for XPIProvider&#xd;&#xa;1474033787686&#x9;addons.manager&#x9;DEBUG&#x9;Provider finished startup: XPIProvider&#xd;&#xa;1474033787686&#x9;addons.manager&#x9;DEBUG&#x9;Starting provider: LightweightThemeManager&#xd;&#xa;1474033787686&#x9;addons.manager&#x9;DEBUG&#x9;Registering shutdown blocker for LightweightThemeManager&#xd;&#xa;1474033787686&#x9;addons.manager&#x9;DEBUG&#x9;Provider finished startup: LightweightThemeManager&#xd;&#xa;1474033787686&#x9;addons.manager&#x9;DEBUG&#x9;Starting provider: GMPProvider&#xd;&#xa;1474033787694&#x9;addons.manager&#x9;DEBUG&#x9;Registering shutdown blocker for GMPProvider&#xd;&#xa;1474033787694&#x9;addons.manager&#x9;DEBUG&#x9;Provider finished startup: GMPProvider&#xd;&#xa;1474033787694&#x9;addons.manager&#x9;DEBUG&#x9;Starting provider: PluginProvider&#xd;&#xa;1474033787694&#x9;addons.manager&#x9;DEBUG&#x9;Registering shutdown blocker for PluginProvider&#xd;&#xa;1474033787695&#x9;addons.manager&#x9;DEBUG&#x9;Provider finished startup: PluginProvider&#xd;&#xa;1474033787695&#x9;addons.manager&#x9;DEBUG&#x9;Completed startup sequence&#xd;&#xa;1474033793841&#x9;addons.manager&#x9;DEBUG&#x9;Starting provider: &lt;unnamed-provider&gt;&#xd;&#xa;1474033793841&#x9;addons.manager&#x9;DEBUG&#x9;Registering shutdown blocker for &lt;unnamed-provider&gt;&#xd;&#xa;1474033793842&#x9;addons.manager&#x9;DEBUG&#x9;Provider finished startup: &lt;unnamed-provider&gt;&#xd;&#xa;1474033793843&#x9;DeferredSave.extensions.json&#x9;DEBUG&#x9;Starting write&#xd;&#xa;1474033806247&#x9;addons.repository&#x9;DEBUG&#x9;No addons.json found.&#xd;&#xa;1474033806248&#x9;DeferredSave.addons.json&#x9;DEBUG&#x9;Save changes&#xd;&#xa;1474033806290&#x9;DeferredSave.addons.json&#x9;DEBUG&#x9;Starting timer&#xd;&#xa;1474033807033&#x9;addons.manager&#x9;DEBUG&#x9;Starting provider: PreviousExperimentProvider&#xd;&#xa;1474033807033&#x9;addons.manager&#x9;DEBUG&#x9;Registering shutdown blocker for PreviousExperimentProvider&#xd;&#xa;1474033807034&#x9;addons.manager&#x9;DEBUG&#x9;Provider finished startup: PreviousExperimentProvider&#xd;&#xa;1474033807041&#x9;DeferredSave.extensions.json&#x9;DEBUG&#x9;Write succeeded&#xd;&#xa;1474033807042&#x9;addons.xpi-utils&#x9;DEBUG&#x9;XPI Database saved, setting schema version preference to 17&#xd;&#xa;1474033807043&#x9;DeferredSave.addons.json&#x9;DEBUG&#x9;Starting write&#xd;&#xa;1474033808023&#x9;DeferredSave.addons.json&#x9;DEBUG&#x9;Write succeeded&#xd;&#xa;&#xa;Build info: version: &apos;2.53.1&apos;, revision: &apos;a36b8b1cd5757287168e54b817830adce9b0158d&apos;, time: &apos;2016-06-30 19:26:09&apos;&#xa;System info: host: &apos;NUFLCNU417CBJ1&apos;, ip: &apos;10.252.0.43&apos;, os.name: &apos;Windows 7&apos;, os.arch: &apos;amd64&apos;, os.version: &apos;6.1&apos;, java.version: &apos;1.8.0_65&apos;&#xa;Driver info: driver.version: FirefoxDriver" type="org.openqa.selenium.WebDriverException">org.openqa.selenium.WebDriverException: Failed to connect to binary FirefoxBinary(C:\NB\firefox-sdk\bin\firefox.exe) on port 7055; process output follows: 
pdating XPIState for {&quot;id&quot;:&quot;{972ce4c6-7e08-4474-a285-3208198ce6fd}&quot;,&quot;syncGUID&quot;:&quot;6VspclCdmIGo&quot;,&quot;location&quot;:&quot;app-global&quot;,&quot;version&quot;:&quot;47.0.1&quot;,&quot;type&quot;:&quot;theme&quot;,&quot;internalName&quot;:&quot;classic/1.0&quot;,&quot;updateURL&quot;:null,&quot;updateKey&quot;:null,&quot;optionsURL&quot;:null,&quot;optionsType&quot;:null,&quot;aboutURL&quot;:null,&quot;icons&quot;:{&quot;32&quot;:&quot;icon.png&quot;,&quot;48&quot;:&quot;icon.png&quot;},&quot;iconURL&quot;:null,&quot;icon64URL&quot;:null,&quot;defaultLocale&quot;:{&quot;name&quot;:&quot;Default&quot;,&quot;description&quot;:&quot;The default theme.&quot;,&quot;creator&quot;:&quot;Mozilla&quot;,&quot;homepageURL&quot;:null,&quot;contributors&quot;:[&quot;Mozilla Contributors&quot;]},&quot;visible&quot;:true,&quot;active&quot;:true,&quot;userDisabled&quot;:false,&quot;appDisabled&quot;:false,&quot;descriptor&quot;:&quot;C:\\NB\\firefox-sdk\\bin\\browser\\extensions\\{972ce4c6-7e08-4474-a285-3208198ce6fd}.xpi&quot;,&quot;installDate&quot;:1262300400000,&quot;updateDate&quot;:1262300400000,&quot;applyBackgroundUpdates&quot;:1,&quot;skinnable&quot;:true,&quot;size&quot;:22012,&quot;sourceURI&quot;:null,&quot;releaseNotesURI&quot;:null,&quot;softDisabled&quot;:false,&quot;foreignInstall&quot;:false,&quot;hasBinaryComponents&quot;:false,&quot;strictCompatibility&quot;:true,&quot;locales&quot;:[],&quot;targetApplications&quot;:[{&quot;id&quot;:&quot;{ec8030f7-c20a-464f-9b0e-13a3a9e97384}&quot;,&quot;minVersion&quot;:&quot;47.0.1&quot;,&quot;maxVersion&quot;:&quot;47.0.1&quot;}],&quot;targetPlatforms&quot;:[],&quot;seen&quot;:true}
1474033787639	addons.xpi	DEBUG	getModTime: Recursive scan of {972ce4c6-7e08-4474-a285-3208198ce6fd}
1474033787640	DeferredSave.extensions.json	DEBUG	Save changes
1474033787640	addons.xpi	DEBUG	Updating database with changes to installed add-ons
1474033787640	addons.xpi-utils	DEBUG	Updating add-on states
1474033787641	addons.xpi-utils	DEBUG	Writing add-ons list
1474033787663	addons.xpi	DEBUG	Registering manifest for C:\NB\firefox-sdk\bin\browser\features\e10srollout@mozilla.org.xpi
1474033787664	addons.xpi	DEBUG	Calling bootstrap method startup on e10srollout@mozilla.org version 1.0
1474033787664	addons.xpi	DEBUG	Registering manifest for C:\NB\firefox-sdk\bin\browser\features\firefox@getpocket.com.xpi
1474033787665	addons.xpi	DEBUG	Calling bootstrap method startup on firefox@getpocket.com version 1.0.2
1474033787665	addons.xpi	DEBUG	Registering manifest for C:\NB\firefox-sdk\bin\browser\features\loop@mozilla.org.xpi
1474033787666	addons.xpi	DEBUG	Calling bootstrap method startup on loop@mozilla.org version 1.3.2
1474033787685	addons.manager	DEBUG	Registering shutdown blocker for XPIProvider
1474033787686	addons.manager	DEBUG	Provider finished startup: XPIProvider
1474033787686	addons.manager	DEBUG	Starting provider: LightweightThemeManager
1474033787686	addons.manager	DEBUG	Registering shutdown blocker for LightweightThemeManager
1474033787686	addons.manager	DEBUG	Provider finished startup: LightweightThemeManager
1474033787686	addons.manager	DEBUG	Starting provider: GMPProvider
1474033787694	addons.manager	DEBUG	Registering shutdown blocker for GMPProvider
1474033787694	addons.manager	DEBUG	Provider finished startup: GMPProvider
1474033787694	addons.manager	DEBUG	Starting provider: PluginProvider
1474033787694	addons.manager	DEBUG	Registering shutdown blocker for PluginProvider
1474033787695	addons.manager	DEBUG	Provider finished startup: PluginProvider
1474033787695	addons.manager	DEBUG	Completed startup sequence
1474033793841	addons.manager	DEBUG	Starting provider: &lt;unnamed-provider&gt;
1474033793841	addons.manager	DEBUG	Registering shutdown blocker for &lt;unnamed-provider&gt;
1474033793842	addons.manager	DEBUG	Provider finished startup: &lt;unnamed-provider&gt;
1474033793843	DeferredSave.extensions.json	DEBUG	Starting write
1474033806247	addons.repository	DEBUG	No addons.json found.
1474033806248	DeferredSave.addons.json	DEBUG	Save changes
1474033806290	DeferredSave.addons.json	DEBUG	Starting timer
1474033807033	addons.manager	DEBUG	Starting provider: PreviousExperimentProvider
1474033807033	addons.manager	DEBUG	Registering shutdown blocker for PreviousExperimentProvider
1474033807034	addons.manager	DEBUG	Provider finished startup: PreviousExperimentProvider
1474033807041	DeferredSave.extensions.json	DEBUG	Write succeeded
1474033807042	addons.xpi-utils	DEBUG	XPI Database saved, setting schema version preference to 17
1474033807043	DeferredSave.addons.json	DEBUG	Starting write
1474033808023	DeferredSave.addons.json	DEBUG	Write succeeded

Build info: version: &apos;2.53.1&apos;, revision: &apos;a36b8b1cd5757287168e54b817830adce9b0158d&apos;, time: &apos;2016-06-30 19:26:09&apos;
System info: host: &apos;NUFLCNU417CBJ1&apos;, ip: &apos;10.252.0.43&apos;, os.name: &apos;Windows 7&apos;, os.arch: &apos;amd64&apos;, os.version: &apos;6.1&apos;, java.version: &apos;1.8.0_65&apos;
Driver info: driver.version: FirefoxDriver
	at org.openqa.selenium.firefox.internal.NewProfileExtensionConnection.start(NewProfileExtensionConnection.java:125)
	at org.openqa.selenium.firefox.FirefoxDriver.startClient(FirefoxDriver.java:271)
	at org.openqa.selenium.remote.RemoteWebDriver.&lt;init&gt;(RemoteWebDriver.java:119)
	at org.openqa.selenium.firefox.FirefoxDriver.&lt;init&gt;(FirefoxDriver.java:216)
	at org.openqa.selenium.firefox.FirefoxDriver.&lt;init&gt;(FirefoxDriver.java:211)
	at org.openqa.selenium.firefox.FirefoxDriver.&lt;init&gt;(FirefoxDriver.java:207)
	at LoginTest.i_open_the_page(LoginTest.java:137)
	at ✽.Given I open the page &quot;waf&quot;(src/test/olj.feature:296)
Caused by: org.openqa.selenium.firefox.NotConnectedException: Unable to connect to host 127.0.0.1 on port 7055 after 45000 ms. Firefox console output:
pdating XPIState for {&quot;id&quot;:&quot;{972ce4c6-7e08-4474-a285-3208198ce6fd}&quot;,&quot;syncGUID&quot;:&quot;6VspclCdmIGo&quot;,&quot;location&quot;:&quot;app-global&quot;,&quot;version&quot;:&quot;47.0.1&quot;,&quot;type&quot;:&quot;theme&quot;,&quot;internalName&quot;:&quot;classic/1.0&quot;,&quot;updateURL&quot;:null,&quot;updateKey&quot;:null,&quot;optionsURL&quot;:null,&quot;optionsType&quot;:null,&quot;aboutURL&quot;:null,&quot;icons&quot;:{&quot;32&quot;:&quot;icon.png&quot;,&quot;48&quot;:&quot;icon.png&quot;},&quot;iconURL&quot;:null,&quot;icon64URL&quot;:null,&quot;defaultLocale&quot;:{&quot;name&quot;:&quot;Default&quot;,&quot;description&quot;:&quot;The default theme.&quot;,&quot;creator&quot;:&quot;Mozilla&quot;,&quot;homepageURL&quot;:null,&quot;contributors&quot;:[&quot;Mozilla Contributors&quot;]},&quot;visible&quot;:true,&quot;active&quot;:true,&quot;userDisabled&quot;:false,&quot;appDisabled&quot;:false,&quot;descriptor&quot;:&quot;C:\\NB\\firefox-sdk\\bin\\browser\\extensions\\{972ce4c6-7e08-4474-a285-3208198ce6fd}.xpi&quot;,&quot;installDate&quot;:1262300400000,&quot;updateDate&quot;:1262300400000,&quot;applyBackgroundUpdates&quot;:1,&quot;skinnable&quot;:true,&quot;size&quot;:22012,&quot;sourceURI&quot;:null,&quot;releaseNotesURI&quot;:null,&quot;softDisabled&quot;:false,&quot;foreignInstall&quot;:false,&quot;hasBinaryComponents&quot;:false,&quot;strictCompatibility&quot;:true,&quot;locales&quot;:[],&quot;targetApplications&quot;:[{&quot;id&quot;:&quot;{ec8030f7-c20a-464f-9b0e-13a3a9e97384}&quot;,&quot;minVersion&quot;:&quot;47.0.1&quot;,&quot;maxVersion&quot;:&quot;47.0.1&quot;}],&quot;targetPlatforms&quot;:[],&quot;seen&quot;:true}
1474033787639	addons.xpi	DEBUG	getModTime: Recursive scan of {972ce4c6-7e08-4474-a285-3208198ce6fd}
1474033787640	DeferredSave.extensions.json	DEBUG	Save changes
1474033787640	addons.xpi	DEBUG	Updating database with changes to installed add-ons
1474033787640	addons.xpi-utils	DEBUG	Updating add-on states
1474033787641	addons.xpi-utils	DEBUG	Writing add-ons list
1474033787663	addons.xpi	DEBUG	Registering manifest for C:\NB\firefox-sdk\bin\browser\features\e10srollout@mozilla.org.xpi
1474033787664	addons.xpi	DEBUG	Calling bootstrap method startup on e10srollout@mozilla.org version 1.0
1474033787664	addons.xpi	DEBUG	Registering manifest for C:\NB\firefox-sdk\bin\browser\features\firefox@getpocket.com.xpi
1474033787665	addons.xpi	DEBUG	Calling bootstrap method startup on firefox@getpocket.com version 1.0.2
1474033787665	addons.xpi	DEBUG	Registering manifest for C:\NB\firefox-sdk\bin\browser\features\loop@mozilla.org.xpi
1474033787666	addons.xpi	DEBUG	Calling bootstrap method startup on loop@mozilla.org version 1.3.2
1474033787685	addons.manager	DEBUG	Registering shutdown blocker for XPIProvider
1474033787686	addons.manager	DEBUG	Provider finished startup: XPIProvider
1474033787686	addons.manager	DEBUG	Starting provider: LightweightThemeManager
1474033787686	addons.manager	DEBUG	Registering shutdown blocker for LightweightThemeManager
1474033787686	addons.manager	DEBUG	Provider finished startup: LightweightThemeManager
1474033787686	addons.manager	DEBUG	Starting provider: GMPProvider
1474033787694	addons.manager	DEBUG	Registering shutdown blocker for GMPProvider
1474033787694	addons.manager	DEBUG	Provider finished startup: GMPProvider
1474033787694	addons.manager	DEBUG	Starting provider: PluginProvider
1474033787694	addons.manager	DEBUG	Registering shutdown blocker for PluginProvider
1474033787695	addons.manager	DEBUG	Provider finished startup: PluginProvider
1474033787695	addons.manager	DEBUG	Completed startup sequence
1474033793841	addons.manager	DEBUG	Starting provider: &lt;unnamed-provider&gt;
1474033793841	addons.manager	DEBUG	Registering shutdown blocker for &lt;unnamed-provider&gt;
1474033793842	addons.manager	DEBUG	Provider finished startup: &lt;unnamed-provider&gt;
1474033793843	DeferredSave.extensions.json	DEBUG	Starting write
1474033806247	addons.repository	DEBUG	No addons.json found.
1474033806248	DeferredSave.addons.json	DEBUG	Save changes
1474033806290	DeferredSave.addons.json	DEBUG	Starting timer
1474033807033	addons.manager	DEBUG	Starting provider: PreviousExperimentProvider
1474033807033	addons.manager	DEBUG	Registering shutdown blocker for PreviousExperimentProvider
1474033807034	addons.manager	DEBUG	Provider finished startup: PreviousExperimentProvider
1474033807041	DeferredSave.extensions.json	DEBUG	Write succeeded
1474033807042	addons.xpi-utils	DEBUG	XPI Database saved, setting schema version preference to 17
1474033807043	DeferredSave.addons.json	DEBUG	Starting write
1474033808023	DeferredSave.addons.json	DEBUG	Write succeeded

	at org.openqa.selenium.firefox.internal.NewProfileExtensionConnection.start(NewProfileExtensionConnection.java:113)
	at org.openqa.selenium.firefox.FirefoxDriver.startClient(FirefoxDriver.java:271)
	at org.openqa.selenium.remote.RemoteWebDriver.&lt;init&gt;(RemoteWebDriver.java:119)
	at org.openqa.selenium.firefox.FirefoxDriver.&lt;init&gt;(FirefoxDriver.java:216)
	at org.openqa.selenium.firefox.FirefoxDriver.&lt;init&gt;(FirefoxDriver.java:211)
	at org.openqa.selenium.firefox.FirefoxDriver.&lt;init&gt;(FirefoxDriver.java:207)
	at LoginTest.i_open_the_page(LoginTest.java:137)
	at cucumber.runtime.Utils$1.call(Utils.java:37)
	at cucumber.runtime.Timeout.timeout(Timeout.java:13)
	at cucumber.runtime.Utils.invoke(Utils.java:31)
	at cucumber.runtime.java.JavaStepDefinition.execute(JavaStepDefinition.java:38)
	at cucumber.runtime.StepDefinitionMatch.runStep(StepDefinitionMatch.java:37)
	at cucumber.runtime.Runtime.runStep(Runtime.java:299)
	at cucumber.runtime.model.StepContainer.runStep(StepContainer.java:44)
	at cucumber.runtime.model.StepContainer.runSteps(StepContainer.java:39)
	at cucumber.runtime.model.CucumberScenario.run(CucumberScenario.java:44)
	at cucumber.runtime.junit.ExecutionUnitRunner.run(ExecutionUnitRunner.java:91)
	at cucumber.runtime.junit.FeatureRunner.runChild(FeatureRunner.java:63)
	at cucumber.runtime.junit.FeatureRunner.runChild(FeatureRunner.java:18)
	at cucumber.runtime.junit.FeatureRunner.run(FeatureRunner.java:70)
	at cucumber.api.junit.Cucumber.runChild(Cucumber.java:93)
	at cucumber.api.junit.Cucumber.runChild(Cucumber.java:37)
	at cucumber.api.junit.Cucumber.run(Cucumber.java:98)
</error>
  </testcase>
  <testcase classname="Scenario: Off Peak  12 months Wellbeing current - One Time Payment - success" name="Then I am on page &quot;aber&quot;" time="0.02">
    <skipped />
    <skipped />
    <skipped />
  </testcase>
  <testcase classname="Scenario: Off Peak  12 months Wellbeing current - One Time Payment - success" name="When I click on fieldset element &quot;choose_membership_package_form_commitment_12wellbeing&quot;" time="0.0">
    <skipped />
  </testcase>
  <testcase classname="Scenario: Off Peak  12 months Wellbeing current - One Time Payment - success" name="When I click on fieldset element &quot;choose_membership_package_form_payment_type_once&quot;" time="0.0">
    <skipped />
  </testcase>
  <testcase classname="Scenario: Off Peak  12 months Wellbeing current - One Time Payment - success" name="When I click span &quot;Off peak&quot;" time="0.0">
    <skipped />
  </testcase>
  <testcase classname="Scenario: Off Peak  12 months Wellbeing current - One Time Payment - success" name="When I click on basket" time="0.0">
    <skipped />
  </testcase>
  <testcase classname="Scenario: Off Peak  12 months Wellbeing current - One Time Payment - success" name="Then I wait" time="0.018">
    <skipped />
    <skipped />
    <skipped />
  </testcase>
  <testcase classname="Scenario: Off Peak  12 months Wellbeing current - One Time Payment - success" name="Then I get amount value &quot;total&quot;" time="0.0">
    <skipped />
  </testcase>
  <testcase classname="Scenario: Off Peak  12 months Wellbeing current - One Time Payment - success" name="Then I get amount &quot;member&quot;" time="0.0">
    <skipped />
  </testcase>
  <testcase classname="Scenario: Off Peak  12 months Wellbeing current - One Time Payment - success" name="Then I grab amount &quot;fee&quot;" time="0.0">
    <skipped />
  </testcase>
  <testcase classname="Scenario: Off Peak  12 months Wellbeing current - One Time Payment - success" name="Then I grab amount &quot;prorata&quot;" time="0.0">
    <skipped />
  </testcase>
  <testcase classname="Scenario: Off Peak  12 months Wellbeing current - One Time Payment - success" name="Then I get amount &quot;monthly&quot;" time="0.0">
    <skipped />
  </testcase>
  <testcase classname="Scenario: Off Peak  12 months Wellbeing current - One Time Payment - success" name="Then I can see all figures good &quot;12&quot;" time="0.001">
    <skipped />
  </testcase>
  <testcase classname="Scenario: Off Peak  12 months Wellbeing current - One Time Payment - success" name="When I press button named &quot;commit&quot;" time="0.011">
    <skipped />
    <skipped />
  </testcase>
  <testcase classname="Scenario: Off Peak  12 months Wellbeing current - One Time Payment - success" name="When I select &quot;Mr&quot; in menu &quot;personal_details_form_title&quot;" time="0.0">
    <skipped />
  </testcase>
  <testcase classname="Scenario: Off Peak  12 months Wellbeing current - One Time Payment - success" name="When I fill dynamic field &quot;personal_details_form_first_name&quot; with &quot;firstname&quot;" time="0.0">
    <skipped />
  </testcase>
  <testcase classname="Scenario: Off Peak  12 months Wellbeing current - One Time Payment - success" name="When I fill dynamic field &quot;personal_details_form_last_name&quot; with &quot;lastname&quot;" time="0.0">
    <skipped />
  </testcase>
  <testcase classname="Scenario: Off Peak  12 months Wellbeing current - One Time Payment - success" name="When I click on element with id &quot;personal_details_form_date_of_birth_day&quot;" time="0.0">
    <skipped />
  </testcase>
  <testcase classname="Scenario: Off Peak  12 months Wellbeing current - One Time Payment - success" name="When I set to date &quot;1/1/1970&quot;" time="0.0">
    <skipped />
  </testcase>
  <testcase classname="Scenario: Off Peak  12 months Wellbeing current - One Time Payment - success" name="When I select &quot;Male&quot; in menu &quot;personal_details_form_gender&quot;" time="0.0">
    <skipped />
  </testcase>
  <testcase classname="Scenario: Off Peak  12 months Wellbeing current - One Time Payment - success" name="When I fill &quot;housenumber&quot; with &quot;473&quot;" time="0.0">
    <skipped />
  </testcase>
  <testcase classname="Scenario: Off Peak  12 months Wellbeing current - One Time Payment - success" name="When I fill &quot;postcode&quot; with &quot;IV448TZ&quot;" time="0.0">
    <skipped />
  </testcase>
  <testcase classname="Scenario: Off Peak  12 months Wellbeing current - One Time Payment - success" name="When I click on button name &quot;btn&quot;" time="0.0">
    <skipped />
  </testcase>
  <testcase classname="Scenario: Off Peak  12 months Wellbeing current - One Time Payment - success" name="When I fill &quot;mail&quot; with &quot;max.karpov@nuffieldhealth.com&quot;" time="0.0">
    <skipped />
  </testcase>
  <testcase classname="Scenario: Off Peak  12 months Wellbeing current - One Time Payment - success" name="When I fill &quot;emailconfirmation&quot; with &quot;max.karpov@nuffieldhealth.com&quot;" time="0.0">
    <skipped />
  </testcase>
  <testcase classname="Scenario: Off Peak  12 months Wellbeing current - One Time Payment - success" name="When I fill &quot;phone&quot; with &quot;07482716718&quot;" time="0.0">
    <skipped />
  </testcase>
  <testcase classname="Scenario: Off Peak  12 months Wellbeing current - One Time Payment - success" name="When I fill &quot;mobile&quot; with &quot;07482716718&quot;" time="0.0">
    <skipped />
  </testcase>
  <testcase classname="Scenario: Off Peak  12 months Wellbeing current - One Time Payment - success" name="When I click on fieldset element &quot;personal_details_form_unable_to_exercise_no&quot;" time="0.0">
    <skipped />
  </testcase>
  <testcase classname="Scenario: Off Peak  12 months Wellbeing current - One Time Payment - success" name="When I click on fieldset element &quot;summary_form_marketing_email&quot;" time="0.0">
    <skipped />
  </testcase>
  <testcase classname="Scenario: Off Peak  12 months Wellbeing current - One Time Payment - success" name="When I scroll down &quot;900&quot;" time="0.0">
    <skipped />
  </testcase>
  <testcase classname="Scenario: Off Peak  12 months Wellbeing current - One Time Payment - success" name="When I click on class &quot;form__row form__row--limestone form__custom-check&quot;" time="0.0">
    <skipped />
  </testcase>
  <testcase classname="Scenario: Off Peak  12 months Wellbeing current - One Time Payment - success" name="When I click on button name &quot;commit&quot;" time="0.0">
    <skipped />
  </testcase>
  <testcase classname="Scenario: Off Peak  12 months Wellbeing current - One Time Payment - success" name="When I click on button name &quot;VISA_brand&quot;" time="0.0">
    <skipped />
  </testcase>
  <testcase classname="Scenario: Off Peak  12 months Wellbeing current - One Time Payment - success" name="When I fill &quot;cardname&quot; with &quot;xyz&quot;" time="0.0">
    <skipped />
  </testcase>
  <testcase classname="Scenario: Off Peak  12 months Wellbeing current - One Time Payment - success" name="When I fill &quot;cardnumber&quot; with &quot;4111111111111111&quot;" time="0.0">
    <skipped />
  </testcase>
  <testcase classname="Scenario: Off Peak  12 months Wellbeing current - One Time Payment - success" name="When I select item &quot;2&quot; in menu &quot;Ecom_Payment_Card_ExpDate_Month&quot;" time="0.0">
    <skipped />
  </testcase>
  <testcase classname="Scenario: Off Peak  12 months Wellbeing current - One Time Payment - success" name="When I select item &quot;2&quot; in menu &quot;Ecom_Payment_Card_ExpDate_Year&quot;" time="0.0">
    <skipped />
  </testcase>
  <testcase classname="Scenario: Off Peak  12 months Wellbeing current - One Time Payment - success" name="When I fill &quot;cardyear&quot; with &quot;2017&quot;" time="0.0">
    <skipped />
  </testcase>
  <testcase classname="Scenario: Off Peak  12 months Wellbeing current - One Time Payment - success" name="When I fill &quot;cardcvs&quot; with &quot;737&quot;" time="0.0">
    <skipped />
  </testcase>
  <testcase classname="Scenario: Off Peak  12 months Wellbeing current - One Time Payment - success" name="When I click on button name &quot;payment&quot;" time="0.0">
    <skipped />
  </testcase>
  <testcase classname="Scenario: Off Peak  12 months Wellbeing current - One Time Payment - success" name="Then I wait for order id" time="0.0">
    <skipped />
  </testcase>
  <testcase classname="Scenario: Off Peak  12 months Wellbeing current - One Time Payment - success" name="Given I navigate to salesforce" time="0.0">
    <skipped />
  </testcase>
  <testcase classname="Scenario: Off Peak  12 months Wellbeing current - One Time Payment - success" name="When I enter Login and Password" time="0.0">
    <skipped />
  </testcase>
  <testcase classname="Scenario: Off Peak  12 months Wellbeing current - One Time Payment - success" name="Then I should login to Salesforce" time="0.0">
    <skipped />
  </testcase>
  <testcase classname="Scenario: Off Peak  12 months Wellbeing current - One Time Payment - success" name="When I switch to tab &quot;Opportunities&quot;" time="0.0">
    <skipped />
  </testcase>
  <testcase classname="Scenario: Off Peak  12 months Wellbeing current - One Time Payment - success" name="Then I am on page &quot;Opportunities&quot;" time="0.001">
    <skipped />
    <skipped />
  </testcase>
  <testcase classname="Scenario: Off Peak  12 months Wellbeing current - One Time Payment - success" name="When I click on button name &quot;go&quot;" time="0.0">
    <skipped />
  </testcase>
  <testcase classname="Scenario: Off Peak  12 months Wellbeing current - One Time Payment - success" name="Then I open opportunity" time="0.0">
    <skipped />
  </testcase>
  <testcase classname="Scenario: Off Peak  12 months Wellbeing current - One Time Payment - success" name="Then I am on page &quot;Opportunity&quot;" time="0.0">
    <skipped />
  </testcase>
  <testcase classname="Scenario: Off Peak  12 months Wellbeing current - One Time Payment - success" name="Then I can see &quot;Site&quot; filled with &quot;Aberdeen&quot;" time="0.0">
    <skipped />
  </testcase>
  <testcase classname="Scenario: Off Peak  12 months Wellbeing current - One Time Payment - success" name="Then I can see &quot;Amount&quot; filled with &quot;total&quot;" time="0.0">
    <skipped />
  </testcase>
  <testcase classname="Scenario: Off Peak  12 months Wellbeing current - One Time Payment - success" name="Then I can see &quot;Order Reference&quot; filled with &quot;orid&quot;" time="0.0">
    <skipped />
  </testcase>
  <testcase classname="Scenario: Off Peak  12 months Wellbeing current - One Time Payment - success" name="Then I can see &quot;Payment Reference&quot; filled with &quot;pay&quot;" time="0.0">
    <skipped />
  </testcase>
  <testcase classname="Scenario: Off Peak  12 months Wellbeing current - One Time Payment - success" name="Then I do save" time="0.0">
    <skipped />
  </testcase>
  <testcase classname="junit.framework.TestSuite" name="Scenario: Off Peak  12 months Wellbeing current - One Time Payment - success" time="46.824" />
  <testcase classname="Scenario: Anytime  12 months current - Direct Debit - success" name="Given I open the page &quot;waf&quot;" time="0.0" />
  <testcase classname="Scenario: Anytime  12 months current - Direct Debit - success" name="Then I am on page &quot;aber&quot;" time="0.001" />
  <testcase classname="Scenario: Anytime  12 months current - Direct Debit - success" name="When I click on basket" time="0.0" />
  <testcase classname="Scenario: Anytime  12 months current - Direct Debit - success" name="Then I get amount value &quot;total&quot;" time="0.0" />
  <testcase classname="Scenario: Anytime  12 months current - Direct Debit - success" name="Then I grab amount &quot;fee&quot;" time="0.0" />
  <testcase classname="Scenario: Anytime  12 months current - Direct Debit - success" name="Then I grab amount &quot;prorata&quot;" time="0.0" />
  <testcase classname="Scenario: Anytime  12 months current - Direct Debit - success" name="Then I get amount &quot;monthly&quot;" time="0.0" />
  <testcase classname="Scenario: Anytime  12 months current - Direct Debit - success" name="Then I am on page &quot;aber&quot;" time="0.0" />
  <testcase classname="Scenario: Anytime  12 months current - Direct Debit - success" name="Then I check figures &quot;12&quot;" time="0.001" />
  <testcase classname="Scenario: Anytime  12 months current - Direct Debit - success" name="When I press button named &quot;commit&quot;" time="0.001" />
  <testcase classname="Scenario: Anytime  12 months current - Direct Debit - success" name="Then I am on page &quot;aber&quot;" time="0.0" />
  <testcase classname="Scenario: Anytime  12 months current - Direct Debit - success" name="When I select &quot;Mr&quot; in menu &quot;personal_details_form_title&quot;" time="0.0" />
  <testcase classname="Scenario: Anytime  12 months current - Direct Debit - success" name="When I fill &quot;fname&quot; with &quot;David&quot;" time="0.0" />
  <testcase classname="Scenario: Anytime  12 months current - Direct Debit - success" name="When I fill &quot;lname&quot; with &quot;Archer&quot;" time="0.0" />
  <testcase classname="Scenario: Anytime  12 months current - Direct Debit - success" name="When I click on element with id &quot;personal_details_form_date_of_birth_day&quot;" time="0.0" />
  <testcase classname="Scenario: Anytime  12 months current - Direct Debit - success" name="When I set to date &quot;1/2/1947&quot;" time="0.0" />
  <testcase classname="Scenario: Anytime  12 months current - Direct Debit - success" name="When I select &quot;Male&quot; in menu &quot;personal_details_form_gender&quot;" time="0.001" />
  <testcase classname="Scenario: Anytime  12 months current - Direct Debit - success" name="When I fill &quot;housenumber&quot; with &quot;530&quot;" time="0.001" />
  <testcase classname="Scenario: Anytime  12 months current - Direct Debit - success" name="When I fill &quot;postcode&quot; with &quot;BA133BN&quot;" time="0.0" />
  <testcase classname="Scenario: Anytime  12 months current - Direct Debit - success" name="When I click on button name &quot;btn&quot;" time="0.0" />
  <testcase classname="Scenario: Anytime  12 months current - Direct Debit - success" name="When I fill &quot;mail&quot; with &quot;max.karpov@nuffieldhealth.com&quot;" time="0.0" />
  <testcase classname="Scenario: Anytime  12 months current - Direct Debit - success" name="When I fill &quot;emailconfirmation&quot; with &quot;max.karpov@nuffieldhealth.com&quot;" time="0.0" />
  <testcase classname="Scenario: Anytime  12 months current - Direct Debit - success" name="When I fill &quot;phone&quot; with &quot;07482716718&quot;" time="0.001" />
  <testcase classname="Scenario: Anytime  12 months current - Direct Debit - success" name="When I fill &quot;mobile&quot; with &quot;07482716718&quot;" time="0.0" />
  <testcase classname="Scenario: Anytime  12 months current - Direct Debit - success" name="When I click on fieldset element &quot;personal_details_form_unable_to_exercise_no&quot;" time="0.0" />
  <testcase classname="Scenario: Anytime  12 months current - Direct Debit - success" name="When I press button named &quot;commit&quot;" time="0.0" />
  <testcase classname="Scenario: Anytime  12 months current - Direct Debit - success" name="Then I am on page &quot;aber&quot;" time="0.0" />
  <testcase classname="Scenario: Anytime  12 months current - Direct Debit - success" name="When I click on fieldset element &quot;summary_form_marketing_email&quot;" time="0.0" />
  <testcase classname="Scenario: Anytime  12 months current - Direct Debit - success" name="When I scroll down &quot;900&quot;" time="0.0" />
  <testcase classname="Scenario: Anytime  12 months current - Direct Debit - success" name="When I click on class &quot;form__row form__row--limestone form__custom-check&quot;" time="0.0" />
  <testcase classname="Scenario: Anytime  12 months current - Direct Debit - success" name="When I click on button name &quot;commit&quot;" time="0.001" />
  <testcase classname="Scenario: Anytime  12 months current - Direct Debit - success" name="Then I am on page &quot;aber&quot;" time="0.0" />
  <testcase classname="Scenario: Anytime  12 months current - Direct Debit - success" name="When I click on label &quot;direct_debit_form_confirm&quot;" time="0.0" />
  <testcase classname="Scenario: Anytime  12 months current - Direct Debit - success" name="When I click on button name &quot;commit&quot;" time="0.0" />
  <testcase classname="Scenario: Anytime  12 months current - Direct Debit - success" name="When I fill number field &quot;direct_debit_account_details_form_account_number&quot; with &quot;40308669&quot;" time="0.002">
    <error message="document.getElementById(...) is null&#xa;Command duration or timeout: 26 milliseconds&#xa;Build info: version: &apos;2.53.1&apos;, revision: &apos;a36b8b1cd5757287168e54b817830adce9b0158d&apos;, time: &apos;2016-06-30 19:26:09&apos;&#xa;System info: host: &apos;NUFLCNU417CBJ1&apos;, ip: &apos;10.252.0.43&apos;, os.name: &apos;Windows 7&apos;, os.arch: &apos;amd64&apos;, os.version: &apos;6.1&apos;, java.version: &apos;1.8.0_65&apos;&#xa;Driver info: org.openqa.selenium.firefox.FirefoxDriver&#xa;Capabilities [{applicationCacheEnabled=true, rotatable=false, handlesAlerts=true, databaseEnabled=true, version=47.0.1, platform=WINDOWS, nativeEvents=false, acceptSslCerts=true, webStorageEnabled=true, locationContextEnabled=true, browserName=firefox, takesScreenshot=true, javascriptEnabled=true, cssSelectorsEnabled=true}]&#xa;Session ID: 4ad7bff6-18c3-41a3-a767-85b43029dcca" type="org.openqa.selenium.WebDriverException">org.openqa.selenium.WebDriverException: document.getElementById(...) is null
Command duration or timeout: 26 milliseconds
Build info: version: &apos;2.53.1&apos;, revision: &apos;a36b8b1cd5757287168e54b817830adce9b0158d&apos;, time: &apos;2016-06-30 19:26:09&apos;
System info: host: &apos;NUFLCNU417CBJ1&apos;, ip: &apos;10.252.0.43&apos;, os.name: &apos;Windows 7&apos;, os.arch: &apos;amd64&apos;, os.version: &apos;6.1&apos;, java.version: &apos;1.8.0_65&apos;
Driver info: org.openqa.selenium.firefox.FirefoxDriver
Capabilities [{applicationCacheEnabled=true, rotatable=false, handlesAlerts=true, databaseEnabled=true, version=47.0.1, platform=WINDOWS, nativeEvents=false, acceptSslCerts=true, webStorageEnabled=true, locationContextEnabled=true, browserName=firefox, takesScreenshot=true, javascriptEnabled=true, cssSelectorsEnabled=true}]
Session ID: 4ad7bff6-18c3-41a3-a767-85b43029dcca
	at java.lang.reflect.Constructor.newInstance(Constructor.java:422)
	at org.openqa.selenium.remote.ErrorHandler.createThrowable(ErrorHandler.java:206)
	at org.openqa.selenium.remote.ErrorHandler.throwIfResponseFailed(ErrorHandler.java:158)
	at org.openqa.selenium.remote.RemoteWebDriver.execute(RemoteWebDriver.java:678)
	at org.openqa.selenium.remote.RemoteWebDriver.executeScript(RemoteWebDriver.java:577)
	at LoginTest.When_I_fill_number_field(LoginTest.java:156)
	at ✽.When I fill number field &quot;direct_debit_account_details_form_account_number&quot; with &quot;40308669&quot;(src/test/olj.feature:402)
Caused by: org.openqa.selenium.WebDriverException: document.getElementById(...) is null
Build info: version: &apos;2.53.1&apos;, revision: &apos;a36b8b1cd5757287168e54b817830adce9b0158d&apos;, time: &apos;2016-06-30 19:26:09&apos;
System info: host: &apos;NUFLCNU417CBJ1&apos;, ip: &apos;10.252.0.43&apos;, os.name: &apos;Windows 7&apos;, os.arch: &apos;amd64&apos;, os.version: &apos;6.1&apos;, java.version: &apos;1.8.0_65&apos;
Driver info: driver.version: unknown
	at &lt;anonymous class&gt;.anonymous(https://payments.nuffield.uat.fridayengineering.net/summary line 69 &gt; Function:1)
	at &lt;anonymous class&gt;.handleEvaluateEvent(https://payments.nuffield.uat.fridayengineering.net/summary:69)
</error>
  </testcase>
  <testcase classname="junit.framework.TestSuite" name="Scenario: Anytime  12 months current - Direct Debit - success" time="53.758">
    <error message="document.getElementById(...) is null&#xa;Command duration or timeout: 26 milliseconds&#xa;Build info: version: &apos;2.53.1&apos;, revision: &apos;a36b8b1cd5757287168e54b817830adce9b0158d&apos;, time: &apos;2016-06-30 19:26:09&apos;&#xa;System info: host: &apos;NUFLCNU417CBJ1&apos;, ip: &apos;10.252.0.43&apos;, os.name: &apos;Windows 7&apos;, os.arch: &apos;amd64&apos;, os.version: &apos;6.1&apos;, java.version: &apos;1.8.0_65&apos;&#xa;Driver info: org.openqa.selenium.firefox.FirefoxDriver&#xa;Capabilities [{applicationCacheEnabled=true, rotatable=false, handlesAlerts=true, databaseEnabled=true, version=47.0.1, platform=WINDOWS, nativeEvents=false, acceptSslCerts=true, webStorageEnabled=true, locationContextEnabled=true, browserName=firefox, takesScreenshot=true, javascriptEnabled=true, cssSelectorsEnabled=true}]&#xa;Session ID: 4ad7bff6-18c3-41a3-a767-85b43029dcca" type="org.openqa.selenium.WebDriverException">org.openqa.selenium.WebDriverException: document.getElementById(...) is null
Command duration or timeout: 26 milliseconds
Build info: version: &apos;2.53.1&apos;, revision: &apos;a36b8b1cd5757287168e54b817830adce9b0158d&apos;, time: &apos;2016-06-30 19:26:09&apos;
System info: host: &apos;NUFLCNU417CBJ1&apos;, ip: &apos;10.252.0.43&apos;, os.name: &apos;Windows 7&apos;, os.arch: &apos;amd64&apos;, os.version: &apos;6.1&apos;, java.version: &apos;1.8.0_65&apos;
Driver info: org.openqa.selenium.firefox.FirefoxDriver
Capabilities [{applicationCacheEnabled=true, rotatable=false, handlesAlerts=true, databaseEnabled=true, version=47.0.1, platform=WINDOWS, nativeEvents=false, acceptSslCerts=true, webStorageEnabled=true, locationContextEnabled=true, browserName=firefox, takesScreenshot=true, javascriptEnabled=true, cssSelectorsEnabled=true}]
Session ID: 4ad7bff6-18c3-41a3-a767-85b43029dcca
	at java.lang.reflect.Constructor.newInstance(Constructor.java:422)
	at org.openqa.selenium.remote.ErrorHandler.createThrowable(ErrorHandler.java:206)
	at org.openqa.selenium.remote.ErrorHandler.throwIfResponseFailed(ErrorHandler.java:158)
	at org.openqa.selenium.remote.RemoteWebDriver.execute(RemoteWebDriver.java:678)
	at org.openqa.selenium.remote.RemoteWebDriver.executeScript(RemoteWebDriver.java:577)
	at LoginTest.When_I_fill_number_field(LoginTest.java:156)
	at ✽.When I fill number field &quot;direct_debit_account_details_form_account_number&quot; with &quot;40308669&quot;(src/test/olj.feature:402)
Caused by: org.openqa.selenium.WebDriverException: document.getElementById(...) is null
Build info: version: &apos;2.53.1&apos;, revision: &apos;a36b8b1cd5757287168e54b817830adce9b0158d&apos;, time: &apos;2016-06-30 19:26:09&apos;
System info: host: &apos;NUFLCNU417CBJ1&apos;, ip: &apos;10.252.0.43&apos;, os.name: &apos;Windows 7&apos;, os.arch: &apos;amd64&apos;, os.version: &apos;6.1&apos;, java.version: &apos;1.8.0_65&apos;
Driver info: driver.version: unknown
	at &lt;anonymous class&gt;.anonymous(https://payments.nuffield.uat.fridayengineering.net/summary line 69 &gt; Function:1)
	at &lt;anonymous class&gt;.handleEvaluateEvent(https://payments.nuffield.uat.fridayengineering.net/summary:69)
</error>
  </testcase>
  <testcase classname="Scenario: Anytime  12 months current - Direct Debit - success" name="When I fill number field &quot;direct_debit_account_details_form_sort_code_p1&quot; with &quot;56&quot;" time="0.0">
    <skipped />
  </testcase>
  <testcase classname="Scenario: Anytime  12 months current - Direct Debit - success" name="When I fill number field &quot;direct_debit_account_details_form_sort_code_p2&quot; with &quot;00&quot;" time="0.0">
    <skipped />
  </testcase>
  <testcase classname="Scenario: Anytime  12 months current - Direct Debit - success" name="When I fill number field &quot;direct_debit_account_details_form_sort_code_p3&quot; with &quot;36&quot;" time="0.0">
    <skipped />
  </testcase>
  <testcase classname="Scenario: Anytime  12 months current - Direct Debit - success" name="When I fill &quot;holder&quot; with &quot;David Archer&quot;" time="0.0">
    <skipped />
  </testcase>
  <testcase classname="Scenario: Anytime  12 months current - Direct Debit - success" name="When I press button named &quot;commit&quot;" time="9.987">
    <skipped />
    <skipped />
  </testcase>
  <testcase classname="Scenario: Anytime  12 months current - Direct Debit - success" name="Then I am on page &quot;aber&quot;" time="0.277">
    <skipped />
    <skipped />
  </testcase>
  <testcase classname="Scenario: Anytime  12 months current - Direct Debit - success" name="When I click on &quot;NEXT&quot;" time="0.0">
    <skipped />
  </testcase>
  <testcase classname="Scenario: Anytime  12 months current - Direct Debit - success" name="Then I am on page &quot;pay&quot;" time="0.0">
    <skipped />
  </testcase>
  <testcase classname="Scenario: Anytime  12 months current - Direct Debit - success" name="Then I wait" time="0.0">
    <skipped />
  </testcase>
  <testcase classname="Scenario: Anytime  12 months current - Direct Debit - success" name="When I click on button name &quot;VISA_brand&quot;" time="0.0">
    <skipped />
  </testcase>
  <testcase classname="Scenario: Anytime  12 months current - Direct Debit - success" name="When I fill &quot;cardname&quot; with &quot;xyz&quot;" time="0.0">
    <skipped />
  </testcase>
  <testcase classname="Scenario: Anytime  12 months current - Direct Debit - success" name="When I fill &quot;cardnumber&quot; with &quot;4111111111111111&quot;" time="0.0">
    <skipped />
  </testcase>
  <testcase classname="Scenario: Anytime  12 months current - Direct Debit - success" name="When I select item &quot;2&quot; in menu &quot;Ecom_Payment_Card_ExpDate_Month&quot;" time="0.0">
    <skipped />
  </testcase>
  <testcase classname="Scenario: Anytime  12 months current - Direct Debit - success" name="When I select item &quot;2&quot; in menu &quot;Ecom_Payment_Card_ExpDate_Year&quot;" time="0.0">
    <skipped />
  </testcase>
  <testcase classname="Scenario: Anytime  12 months current - Direct Debit - success" name="When I fill &quot;cardyear&quot; with &quot;2017&quot;" time="0.0">
    <skipped />
  </testcase>
  <testcase classname="Scenario: Anytime  12 months current - Direct Debit - success" name="When I fill &quot;cardcvs&quot; with &quot;737&quot;" time="0.0">
    <skipped />
  </testcase>
  <testcase classname="Scenario: Anytime  12 months current - Direct Debit - success" name="When I click on button name &quot;payment&quot;" time="0.0">
    <skipped />
  </testcase>
  <testcase classname="Scenario: Anytime  12 months current - Direct Debit - success" name="Then I wait for order id" time="0.0">
    <skipped />
  </testcase>
  <testcase classname="Scenario: Anytime  12 months current - Direct Debit - success" name="Given I navigate to salesforce" time="0.0">
    <skipped />
  </testcase>
  <testcase classname="Scenario: Anytime  12 months current - Direct Debit - success" name="When I enter Login and Password" time="0.0">
    <skipped />
  </testcase>
  <testcase classname="Scenario: Anytime  12 months current - Direct Debit - success" name="Then I should login to Salesforce" time="0.0">
    <skipped />
  </testcase>
  <testcase classname="Scenario: Anytime  12 months current - Direct Debit - success" name="When I switch to tab &quot;Opportunities&quot;" time="0.0">
    <skipped />
  </testcase>
  <testcase classname="Scenario: Anytime  12 months current - Direct Debit - success" name="Then I am on page &quot;Opportunities&quot;" time="0.001">
    <skipped />
    <skipped />
  </testcase>
  <testcase classname="Scenario: Anytime  12 months current - Direct Debit - success" name="When I click on button name &quot;go&quot;" time="0.0">
    <skipped />
  </testcase>
  <testcase classname="Scenario: Anytime  12 months current - Direct Debit - success" name="Then I open opportunity" time="0.0">
    <skipped />
  </testcase>
  <testcase classname="Scenario: Anytime  12 months current - Direct Debit - success" name="Then I am on page &quot;Opportunity&quot;" time="0.0">
    <skipped />
  </testcase>
  <testcase classname="Scenario: Anytime  12 months current - Direct Debit - success" name="Then I can see &quot;Site&quot; filled with &quot;Aberdeen&quot;" time="0.001">
    <skipped />
  </testcase>
  <testcase classname="Scenario: Anytime  12 months current - Direct Debit - success" name="Then I can see total is accurate &quot;12&quot;" time="0.0">
    <skipped />
  </testcase>
  <testcase classname="Scenario: Anytime  12 months current - Direct Debit - success" name="Then I can see &quot;Order Reference&quot; filled with &quot;orid&quot;" time="0.0">
    <skipped />
  </testcase>
  <testcase classname="Scenario: Anytime  12 months current - Direct Debit - success" name="Then I can see &quot;Payment Reference&quot; filled with &quot;pay&quot;" time="0.0">
    <skipped />
  </testcase>
  <testcase classname="Scenario: Anytime  12 months current - Direct Debit - success" name="Then I do save" time="0.0">
    <skipped />
  </testcase>
  <testcase classname="junit.framework.TestSuite" name="Scenario: Anytime  12 months current - Direct Debit - success" time="53.776" />
  <testcase classname="Scenario: Anytime  12 months WB - current date - Direct Debit - success" name="Given I open the page &quot;waf&quot;" time="0.0" />
  <testcase classname="Scenario: Anytime  12 months WB - current date - Direct Debit - success" name="Then I am on page &quot;aber&quot;" time="0.0" />
  <testcase classname="Scenario: Anytime  12 months WB - current date - Direct Debit - success" name="When I click on fieldset element &quot;choose_membership_package_form_commitment_12wellbeing&quot;" time="0.0" />
  <testcase classname="Scenario: Anytime  12 months WB - current date - Direct Debit - success" name="When I click on fieldset element &quot;choose_membership_package_form_payment_type_monthly&quot;" time="0.0" />
  <testcase classname="Scenario: Anytime  12 months WB - current date - Direct Debit - success" name="When I click on basket" time="0.0" />
  <testcase classname="Scenario: Anytime  12 months WB - current date - Direct Debit - success" name="Then I wait" time="0.0" />
  <testcase classname="Scenario: Anytime  12 months WB - current date - Direct Debit - success" name="Then I get amount value &quot;total&quot;" time="0.0" />
  <testcase classname="Scenario: Anytime  12 months WB - current date - Direct Debit - success" name="Then I grab amount &quot;fee&quot;" time="0.0" />
  <testcase classname="Scenario: Anytime  12 months WB - current date - Direct Debit - success" name="Then I grab amount &quot;prorata&quot;" time="0.0" />
  <testcase classname="Scenario: Anytime  12 months WB - current date - Direct Debit - success" name="Then I get amount &quot;monthly&quot;" time="0.0" />
  <testcase classname="Scenario: Anytime  12 months WB - current date - Direct Debit - success" name="Then I am on page &quot;aber&quot;" time="0.0" />
  <testcase classname="Scenario: Anytime  12 months WB - current date - Direct Debit - success" name="Then I check figures &quot;12&quot;" time="0.0" />
  <testcase classname="Scenario: Anytime  12 months WB - current date - Direct Debit - success" name="When I press button named &quot;commit&quot;" time="0.0" />
  <testcase classname="Scenario: Anytime  12 months WB - current date - Direct Debit - success" name="Then I am on page &quot;aber&quot;" time="0.0" />
  <testcase classname="Scenario: Anytime  12 months WB - current date - Direct Debit - success" name="When I select &quot;Mr&quot; in menu &quot;personal_details_form_title&quot;" time="0.0" />
  <testcase classname="Scenario: Anytime  12 months WB - current date - Direct Debit - success" name="When I fill &quot;fname&quot; with &quot;David&quot;" time="0.0" />
  <testcase classname="Scenario: Anytime  12 months WB - current date - Direct Debit - success" name="When I fill &quot;lname&quot; with &quot;Archer&quot;" time="0.0" />
  <testcase classname="Scenario: Anytime  12 months WB - current date - Direct Debit - success" name="When I click on element with id &quot;personal_details_form_date_of_birth_day&quot;" time="0.0" />
  <testcase classname="Scenario: Anytime  12 months WB - current date - Direct Debit - success" name="When I set to date &quot;1/2/1947&quot;" time="0.0" />
  <testcase classname="Scenario: Anytime  12 months WB - current date - Direct Debit - success" name="When I select &quot;Male&quot; in menu &quot;personal_details_form_gender&quot;" time="0.0" />
  <testcase classname="Scenario: Anytime  12 months WB - current date - Direct Debit - success" name="When I fill &quot;housenumber&quot; with &quot;530&quot;" time="0.001" />
  <testcase classname="Scenario: Anytime  12 months WB - current date - Direct Debit - success" name="When I fill &quot;postcode&quot; with &quot;BA133BN&quot;" time="0.0" />
  <testcase classname="Scenario: Anytime  12 months WB - current date - Direct Debit - success" name="When I click on button name &quot;btn&quot;" time="0.001" />
  <testcase classname="Scenario: Anytime  12 months WB - current date - Direct Debit - success" name="When I fill &quot;mail&quot; with &quot;max.karpov@nuffieldhealth.com&quot;" time="0.0" />
  <testcase classname="Scenario: Anytime  12 months WB - current date - Direct Debit - success" name="When I fill &quot;emailconfirmation&quot; with &quot;max.karpov@nuffieldhealth.com&quot;" time="0.0" />
  <testcase classname="Scenario: Anytime  12 months WB - current date - Direct Debit - success" name="When I fill &quot;phone&quot; with &quot;07482716718&quot;" time="0.0" />
  <testcase classname="Scenario: Anytime  12 months WB - current date - Direct Debit - success" name="When I fill &quot;mobile&quot; with &quot;07482716718&quot;" time="0.0" />
  <testcase classname="Scenario: Anytime  12 months WB - current date - Direct Debit - success" name="When I click on fieldset element &quot;personal_details_form_unable_to_exercise_no&quot;" time="0.0" />
  <testcase classname="Scenario: Anytime  12 months WB - current date - Direct Debit - success" name="Then I wait" time="0.0" />
  <testcase classname="Scenario: Anytime  12 months WB - current date - Direct Debit - success" name="When I press button named &quot;commit&quot;" time="0.0" />
  <testcase classname="Scenario: Anytime  12 months WB - current date - Direct Debit - success" name="Then I am on page &quot;aber&quot;" time="0.0" />
  <testcase classname="Scenario: Anytime  12 months WB - current date - Direct Debit - success" name="When I click on fieldset element &quot;summary_form_marketing_email&quot;" time="0.0" />
  <testcase classname="Scenario: Anytime  12 months WB - current date - Direct Debit - success" name="When I scroll down &quot;900&quot;" time="0.0" />
  <testcase classname="Scenario: Anytime  12 months WB - current date - Direct Debit - success" name="When I click on class &quot;form__row form__row--limestone form__custom-check&quot;" time="0.0" />
  <testcase classname="Scenario: Anytime  12 months WB - current date - Direct Debit - success" name="When I click on button name &quot;commit&quot;" time="0.001" />
  <testcase classname="Scenario: Anytime  12 months WB - current date - Direct Debit - success" name="Then I am on page &quot;aber&quot;" time="0.0" />
  <testcase classname="Scenario: Anytime  12 months WB - current date - Direct Debit - success" name="When I click on label &quot;direct_debit_form_confirm&quot;" time="0.0" />
  <testcase classname="Scenario: Anytime  12 months WB - current date - Direct Debit - success" name="When I click on button name &quot;commit&quot;" time="0.0" />
  <testcase classname="Scenario: Anytime  12 months WB - current date - Direct Debit - success" name="When I fill number field &quot;direct_debit_account_details_form_account_number&quot; with &quot;40308669&quot;" time="0.0" />
  <testcase classname="Scenario: Anytime  12 months WB - current date - Direct Debit - success" name="When I fill number field &quot;direct_debit_account_details_form_sort_code_p1&quot; with &quot;56&quot;" time="0.0" />
  <testcase classname="Scenario: Anytime  12 months WB - current date - Direct Debit - success" name="When I fill number field &quot;direct_debit_account_details_form_sort_code_p2&quot; with &quot;00&quot;" time="0.0" />
  <testcase classname="Scenario: Anytime  12 months WB - current date - Direct Debit - success" name="When I fill number field &quot;direct_debit_account_details_form_sort_code_p3&quot; with &quot;36&quot;" time="0.0" />
  <testcase classname="Scenario: Anytime  12 months WB - current date - Direct Debit - success" name="When I fill &quot;holder&quot; with &quot;David Archer&quot;" time="0.0" />
  <testcase classname="Scenario: Anytime  12 months WB - current date - Direct Debit - success" name="When I press button named &quot;commit&quot;" time="0.0" />
  <testcase classname="Scenario: Anytime  12 months WB - current date - Direct Debit - success" name="Then I am on page &quot;aber&quot;" time="0.0" />
  <testcase classname="Scenario: Anytime  12 months WB - current date - Direct Debit - success" name="When I press button named &quot;commit&quot;" time="0.0" />
  <testcase classname="Scenario: Anytime  12 months WB - current date - Direct Debit - success" name="Then I am on page &quot;aber&quot;" time="0.0" />
  <testcase classname="Scenario: Anytime  12 months WB - current date - Direct Debit - success" name="When I click on &quot;NEXT&quot;" time="0.0" />
  <testcase classname="Scenario: Anytime  12 months WB - current date - Direct Debit - success" name="Then I am on page &quot;pay&quot;" time="0.0" />
  <testcase classname="Scenario: Anytime  12 months WB - current date - Direct Debit - success" name="Then I wait" time="0.0" />
  <testcase classname="Scenario: Anytime  12 months WB - current date - Direct Debit - success" name="When I click on button name &quot;VISA_brand&quot;" time="0.0" />
  <testcase classname="Scenario: Anytime  12 months WB - current date - Direct Debit - success" name="When I fill &quot;cardname&quot; with &quot;xyz&quot;" time="0.0" />
  <testcase classname="Scenario: Anytime  12 months WB - current date - Direct Debit - success" name="When I fill &quot;cardnumber&quot; with &quot;4111111111111111&quot;" time="0.0" />
  <testcase classname="Scenario: Anytime  12 months WB - current date - Direct Debit - success" name="When I select item &quot;2&quot; in menu &quot;Ecom_Payment_Card_ExpDate_Month&quot;" time="0.0" />
  <testcase classname="Scenario: Anytime  12 months WB - current date - Direct Debit - success" name="When I select item &quot;2&quot; in menu &quot;Ecom_Payment_Card_ExpDate_Year&quot;" time="0.0" />
  <testcase classname="Scenario: Anytime  12 months WB - current date - Direct Debit - success" name="When I fill &quot;cardyear&quot; with &quot;2017&quot;" time="0.0" />
  <testcase classname="Scenario: Anytime  12 months WB - current date - Direct Debit - success" name="When I fill &quot;cardcvs&quot; with &quot;737&quot;" time="0.0" />
  <testcase classname="Scenario: Anytime  12 months WB - current date - Direct Debit - success" name="When I click on button name &quot;payment&quot;" time="0.0" />
  <testcase classname="Scenario: Anytime  12 months WB - current date - Direct Debit - success" name="Then I wait for order id" time="0.0" />
  <testcase classname="Scenario: Anytime  12 months WB - current date - Direct Debit - success" name="Given I navigate to salesforce" time="0.0" />
  <testcase classname="Scenario: Anytime  12 months WB - current date - Direct Debit - success" name="When I enter Login and Password" time="0.0" />
  <testcase classname="Scenario: Anytime  12 months WB - current date - Direct Debit - success" name="Then I should login to Salesforce" time="0.001" />
  <testcase classname="Scenario: Anytime  12 months WB - current date - Direct Debit - success" name="When I switch to tab &quot;Opportunities&quot;" time="0.0" />
  <testcase classname="Scenario: Anytime  12 months WB - current date - Direct Debit - success" name="Then I am on page &quot;Opportunities&quot;" time="0.0" />
  <testcase classname="Scenario: Anytime  12 months WB - current date - Direct Debit - success" name="When I click on button name &quot;go&quot;" time="0.0" />
  <testcase classname="Scenario: Anytime  12 months WB - current date - Direct Debit - success" name="Then I am on page &quot;Opportunities&quot;" time="0.0" />
  <testcase classname="Scenario: Anytime  12 months WB - current date - Direct Debit - success" name="Then I open opportunity" time="0.001">
    <error type="java.lang.NullPointerException">java.lang.NullPointerException
	at LoginTest.i_open_opportunity(LoginTest.java:536)
	at ✽.Then I open opportunity(src/test/olj.feature:510)
</error>
  </testcase>
  <testcase classname="junit.framework.TestSuite" name="Scenario: Anytime  12 months WB - current date - Direct Debit - success" time="287.401">
    <error type="java.lang.NullPointerException">java.lang.NullPointerException
	at LoginTest.i_open_opportunity(LoginTest.java:536)
	at ✽.Then I open opportunity(src/test/olj.feature:510)
</error>
  </testcase>
  <testcase classname="Scenario: Anytime  12 months WB - current date - Direct Debit - success" name="Then I am on page &quot;Opportunity&quot;" time="0.0">
    <skipped />
  </testcase>
  <testcase classname="Scenario: Anytime  12 months WB - current date - Direct Debit - success" name="Then I can see &quot;Site&quot; filled with &quot;Aberdeen&quot;" time="0.0">
    <skipped />
  </testcase>
  <testcase classname="Scenario: Anytime  12 months WB - current date - Direct Debit - success" name="Then I can see total is accurate &quot;12&quot;" time="0.0">
    <skipped />
  </testcase>
  <testcase classname="Scenario: Anytime  12 months WB - current date - Direct Debit - success" name="Then I can see &quot;Order Reference&quot; filled with &quot;orid&quot;" time="0.0">
    <skipped />
  </testcase>
  <testcase classname="Scenario: Anytime  12 months WB - current date - Direct Debit - success" name="Then I can see &quot;Payment Reference&quot; filled with &quot;pay&quot;" time="0.0">
    <skipped />
  </testcase>
  <testcase classname="Scenario: Anytime  12 months WB - current date - Direct Debit - success" name="Then I do save" time="0.0">
    <skipped />
  </testcase>
  <testcase classname="junit.framework.TestSuite" name="Scenario: Anytime  12 months WB - current date - Direct Debit - success" time="287.473" />
  <testcase classname="Scenario: Anytime  3 months current - Direct Debit - success" name="Given I open the page &quot;waf&quot;" time="0.001">
    <error message="Failed to connect to binary FirefoxBinary(C:\NB\firefox-sdk\bin\firefox.exe) on port 7057; process output follows: &#xa;pdateURL&quot;:null,&quot;updateKey&quot;:null,&quot;optionsURL&quot;:null,&quot;optionsType&quot;:null,&quot;aboutURL&quot;:null,&quot;icons&quot;:{},&quot;iconURL&quot;:null,&quot;icon64URL&quot;:null,&quot;defaultLocale&quot;:{&quot;name&quot;:&quot;Firefox Hello&quot;,&quot;description&quot;:&quot;Web sharing for Firefox&quot;,&quot;creator&quot;:&quot;Mozilla&quot;,&quot;homepageURL&quot;:null},&quot;visible&quot;:true,&quot;active&quot;:true,&quot;userDisabled&quot;:false,&quot;appDisabled&quot;:false,&quot;descriptor&quot;:&quot;C:\\NB\\firefox-sdk\\bin\\browser\\features\\loop@mozilla.org.xpi&quot;,&quot;installDate&quot;:1262300400000,&quot;updateDate&quot;:1262300400000,&quot;applyBackgroundUpdates&quot;:1,&quot;bootstrap&quot;:true,&quot;skinnable&quot;:false,&quot;size&quot;:4239168,&quot;sourceURI&quot;:null,&quot;releaseNotesURI&quot;:null,&quot;softDisabled&quot;:false,&quot;foreignInstall&quot;:false,&quot;hasBinaryComponents&quot;:false,&quot;strictCompatibility&quot;:false,&quot;locales&quot;:[],&quot;targetApplications&quot;:[{&quot;id&quot;:&quot;{ec8030f7-c20a-464f-9b0e-13a3a9e97384}&quot;,&quot;minVersion&quot;:&quot;46.0a1&quot;,&quot;maxVersion&quot;:&quot;47.*&quot;},{&quot;id&quot;:&quot;xpcshell@tests.mozilla.org&quot;,&quot;minVersion&quot;:&quot;0&quot;,&quot;maxVersion&quot;:&quot;10&quot;}],&quot;targetPlatforms&quot;:[],&quot;multiprocessCompatible&quot;:false,&quot;seen&quot;:true}&#xd;&#xa;1474034194994&#x9;addons.xpi&#x9;DEBUG&#x9;getModTime: Recursive scan of loop@mozilla.org&#xd;&#xa;1474034194994&#x9;addons.xpi&#x9;DEBUG&#x9;Updating XPIState for {&quot;id&quot;:&quot;{972ce4c6-7e08-4474-a285-3208198ce6fd}&quot;,&quot;syncGUID&quot;:&quot;rOgNnyY0sxt6&quot;,&quot;location&quot;:&quot;app-global&quot;,&quot;version&quot;:&quot;47.0.1&quot;,&quot;type&quot;:&quot;theme&quot;,&quot;internalName&quot;:&quot;classic/1.0&quot;,&quot;updateURL&quot;:null,&quot;updateKey&quot;:null,&quot;optionsURL&quot;:null,&quot;optionsType&quot;:null,&quot;aboutURL&quot;:null,&quot;icons&quot;:{&quot;32&quot;:&quot;icon.png&quot;,&quot;48&quot;:&quot;icon.png&quot;},&quot;iconURL&quot;:null,&quot;icon64URL&quot;:null,&quot;defaultLocale&quot;:{&quot;name&quot;:&quot;Default&quot;,&quot;description&quot;:&quot;The default theme.&quot;,&quot;creator&quot;:&quot;Mozilla&quot;,&quot;homepageURL&quot;:null,&quot;contributors&quot;:[&quot;Mozilla Contributors&quot;]},&quot;visible&quot;:true,&quot;active&quot;:true,&quot;userDisabled&quot;:false,&quot;appDisabled&quot;:false,&quot;descriptor&quot;:&quot;C:\\NB\\firefox-sdk\\bin\\browser\\extensions\\{972ce4c6-7e08-4474-a285-3208198ce6fd}.xpi&quot;,&quot;installDate&quot;:1262300400000,&quot;updateDate&quot;:1262300400000,&quot;applyBackgroundUpdates&quot;:1,&quot;skinnable&quot;:true,&quot;size&quot;:22012,&quot;sourceURI&quot;:null,&quot;releaseNotesURI&quot;:null,&quot;softDisabled&quot;:false,&quot;foreignInstall&quot;:false,&quot;hasBinaryComponents&quot;:false,&quot;strictCompatibility&quot;:true,&quot;locales&quot;:[],&quot;targetApplications&quot;:[{&quot;id&quot;:&quot;{ec8030f7-c20a-464f-9b0e-13a3a9e97384}&quot;,&quot;minVersion&quot;:&quot;47.0.1&quot;,&quot;maxVersion&quot;:&quot;47.0.1&quot;}],&quot;targetPlatforms&quot;:[],&quot;seen&quot;:true}&#xd;&#xa;1474034194994&#x9;addons.xpi&#x9;DEBUG&#x9;getModTime: Recursive scan of {972ce4c6-7e08-4474-a285-3208198ce6fd}&#xd;&#xa;1474034194995&#x9;DeferredSave.extensions.json&#x9;DEBUG&#x9;Save changes&#xd;&#xa;1474034194995&#x9;addons.xpi&#x9;DEBUG&#x9;Updating database with changes to installed add-ons&#xd;&#xa;1474034194995&#x9;addons.xpi-utils&#x9;DEBUG&#x9;Updating add-on states&#xd;&#xa;1474034194997&#x9;addons.xpi-utils&#x9;DEBUG&#x9;Writing add-ons list&#xd;&#xa;1474034195001&#x9;addons.xpi&#x9;DEBUG&#x9;Registering manifest for C:\NB\firefox-sdk\bin\browser\features\e10srollout@mozilla.org.xpi&#xd;&#xa;1474034195001&#x9;addons.xpi&#x9;DEBUG&#x9;Calling bootstrap method startup on e10srollout@mozilla.org version 1.0&#xd;&#xa;1474034195002&#x9;addons.xpi&#x9;DEBUG&#x9;Registering manifest for C:\NB\firefox-sdk\bin\browser\features\firefox@getpocket.com.xpi&#xd;&#xa;1474034195002&#x9;addons.xpi&#x9;DEBUG&#x9;Calling bootstrap method startup on firefox@getpocket.com version 1.0.2&#xd;&#xa;1474034195003&#x9;addons.xpi&#x9;DEBUG&#x9;Registering manifest for C:\NB\firefox-sdk\bin\browser\features\loop@mozilla.org.xpi&#xd;&#xa;1474034195004&#x9;addons.xpi&#x9;DEBUG&#x9;Calling bootstrap method startup on loop@mozilla.org version 1.3.2&#xd;&#xa;1474034195021&#x9;addons.manager&#x9;DEBUG&#x9;Registering shutdown blocker for XPIProvider&#xd;&#xa;1474034195021&#x9;addons.manager&#x9;DEBUG&#x9;Provider finished startup: XPIProvider&#xd;&#xa;1474034195021&#x9;addons.manager&#x9;DEBUG&#x9;Starting provider: LightweightThemeManager&#xd;&#xa;1474034195021&#x9;addons.manager&#x9;DEBUG&#x9;Registering shutdown blocker for LightweightThemeManager&#xd;&#xa;1474034195021&#x9;addons.manager&#x9;DEBUG&#x9;Provider finished startup: LightweightThemeManager&#xd;&#xa;1474034195022&#x9;addons.manager&#x9;DEBUG&#x9;Starting provider: GMPProvider&#xd;&#xa;1474034195029&#x9;addons.manager&#x9;DEBUG&#x9;Registering shutdown blocker for GMPProvider&#xd;&#xa;1474034195029&#x9;addons.manager&#x9;DEBUG&#x9;Provider finished startup: GMPProvider&#xd;&#xa;1474034195029&#x9;addons.manager&#x9;DEBUG&#x9;Starting provider: PluginProvider&#xd;&#xa;1474034195029&#x9;addons.manager&#x9;DEBUG&#x9;Registering shutdown blocker for PluginProvider&#xd;&#xa;1474034195029&#x9;addons.manager&#x9;DEBUG&#x9;Provider finished startup: PluginProvider&#xd;&#xa;1474034195030&#x9;addons.manager&#x9;DEBUG&#x9;Completed startup sequence&#xd;&#xa;&#xa;Build info: version: &apos;2.53.1&apos;, revision: &apos;a36b8b1cd5757287168e54b817830adce9b0158d&apos;, time: &apos;2016-06-30 19:26:09&apos;&#xa;System info: host: &apos;NUFLCNU417CBJ1&apos;, ip: &apos;10.252.0.43&apos;, os.name: &apos;Windows 7&apos;, os.arch: &apos;amd64&apos;, os.version: &apos;6.1&apos;, java.version: &apos;1.8.0_65&apos;&#xa;Driver info: driver.version: FirefoxDriver" type="org.openqa.selenium.WebDriverException">org.openqa.selenium.WebDriverException: Failed to connect to binary FirefoxBinary(C:\NB\firefox-sdk\bin\firefox.exe) on port 7057; process output follows: 
pdateURL&quot;:null,&quot;updateKey&quot;:null,&quot;optionsURL&quot;:null,&quot;optionsType&quot;:null,&quot;aboutURL&quot;:null,&quot;icons&quot;:{},&quot;iconURL&quot;:null,&quot;icon64URL&quot;:null,&quot;defaultLocale&quot;:{&quot;name&quot;:&quot;Firefox Hello&quot;,&quot;description&quot;:&quot;Web sharing for Firefox&quot;,&quot;creator&quot;:&quot;Mozilla&quot;,&quot;homepageURL&quot;:null},&quot;visible&quot;:true,&quot;active&quot;:true,&quot;userDisabled&quot;:false,&quot;appDisabled&quot;:false,&quot;descriptor&quot;:&quot;C:\\NB\\firefox-sdk\\bin\\browser\\features\\loop@mozilla.org.xpi&quot;,&quot;installDate&quot;:1262300400000,&quot;updateDate&quot;:1262300400000,&quot;applyBackgroundUpdates&quot;:1,&quot;bootstrap&quot;:true,&quot;skinnable&quot;:false,&quot;size&quot;:4239168,&quot;sourceURI&quot;:null,&quot;releaseNotesURI&quot;:null,&quot;softDisabled&quot;:false,&quot;foreignInstall&quot;:false,&quot;hasBinaryComponents&quot;:false,&quot;strictCompatibility&quot;:false,&quot;locales&quot;:[],&quot;targetApplications&quot;:[{&quot;id&quot;:&quot;{ec8030f7-c20a-464f-9b0e-13a3a9e97384}&quot;,&quot;minVersion&quot;:&quot;46.0a1&quot;,&quot;maxVersion&quot;:&quot;47.*&quot;},{&quot;id&quot;:&quot;xpcshell@tests.mozilla.org&quot;,&quot;minVersion&quot;:&quot;0&quot;,&quot;maxVersion&quot;:&quot;10&quot;}],&quot;targetPlatforms&quot;:[],&quot;multiprocessCompatible&quot;:false,&quot;seen&quot;:true}
1474034194994	addons.xpi	DEBUG	getModTime: Recursive scan of loop@mozilla.org
1474034194994	addons.xpi	DEBUG	Updating XPIState for {&quot;id&quot;:&quot;{972ce4c6-7e08-4474-a285-3208198ce6fd}&quot;,&quot;syncGUID&quot;:&quot;rOgNnyY0sxt6&quot;,&quot;location&quot;:&quot;app-global&quot;,&quot;version&quot;:&quot;47.0.1&quot;,&quot;type&quot;:&quot;theme&quot;,&quot;internalName&quot;:&quot;classic/1.0&quot;,&quot;updateURL&quot;:null,&quot;updateKey&quot;:null,&quot;optionsURL&quot;:null,&quot;optionsType&quot;:null,&quot;aboutURL&quot;:null,&quot;icons&quot;:{&quot;32&quot;:&quot;icon.png&quot;,&quot;48&quot;:&quot;icon.png&quot;},&quot;iconURL&quot;:null,&quot;icon64URL&quot;:null,&quot;defaultLocale&quot;:{&quot;name&quot;:&quot;Default&quot;,&quot;description&quot;:&quot;The default theme.&quot;,&quot;creator&quot;:&quot;Mozilla&quot;,&quot;homepageURL&quot;:null,&quot;contributors&quot;:[&quot;Mozilla Contributors&quot;]},&quot;visible&quot;:true,&quot;active&quot;:true,&quot;userDisabled&quot;:false,&quot;appDisabled&quot;:false,&quot;descriptor&quot;:&quot;C:\\NB\\firefox-sdk\\bin\\browser\\extensions\\{972ce4c6-7e08-4474-a285-3208198ce6fd}.xpi&quot;,&quot;installDate&quot;:1262300400000,&quot;updateDate&quot;:1262300400000,&quot;applyBackgroundUpdates&quot;:1,&quot;skinnable&quot;:true,&quot;size&quot;:22012,&quot;sourceURI&quot;:null,&quot;releaseNotesURI&quot;:null,&quot;softDisabled&quot;:false,&quot;foreignInstall&quot;:false,&quot;hasBinaryComponents&quot;:false,&quot;strictCompatibility&quot;:true,&quot;locales&quot;:[],&quot;targetApplications&quot;:[{&quot;id&quot;:&quot;{ec8030f7-c20a-464f-9b0e-13a3a9e97384}&quot;,&quot;minVersion&quot;:&quot;47.0.1&quot;,&quot;maxVersion&quot;:&quot;47.0.1&quot;}],&quot;targetPlatforms&quot;:[],&quot;seen&quot;:true}
1474034194994	addons.xpi	DEBUG	getModTime: Recursive scan of {972ce4c6-7e08-4474-a285-3208198ce6fd}
1474034194995	DeferredSave.extensions.json	DEBUG	Save changes
1474034194995	addons.xpi	DEBUG	Updating database with changes to installed add-ons
1474034194995	addons.xpi-utils	DEBUG	Updating add-on states
1474034194997	addons.xpi-utils	DEBUG	Writing add-ons list
1474034195001	addons.xpi	DEBUG	Registering manifest for C:\NB\firefox-sdk\bin\browser\features\e10srollout@mozilla.org.xpi
1474034195001	addons.xpi	DEBUG	Calling bootstrap method startup on e10srollout@mozilla.org version 1.0
1474034195002	addons.xpi	DEBUG	Registering manifest for C:\NB\firefox-sdk\bin\browser\features\firefox@getpocket.com.xpi
1474034195002	addons.xpi	DEBUG	Calling bootstrap method startup on firefox@getpocket.com version 1.0.2
1474034195003	addons.xpi	DEBUG	Registering manifest for C:\NB\firefox-sdk\bin\browser\features\loop@mozilla.org.xpi
1474034195004	addons.xpi	DEBUG	Calling bootstrap method startup on loop@mozilla.org version 1.3.2
1474034195021	addons.manager	DEBUG	Registering shutdown blocker for XPIProvider
1474034195021	addons.manager	DEBUG	Provider finished startup: XPIProvider
1474034195021	addons.manager	DEBUG	Starting provider: LightweightThemeManager
1474034195021	addons.manager	DEBUG	Registering shutdown blocker for LightweightThemeManager
1474034195021	addons.manager	DEBUG	Provider finished startup: LightweightThemeManager
1474034195022	addons.manager	DEBUG	Starting provider: GMPProvider
1474034195029	addons.manager	DEBUG	Registering shutdown blocker for GMPProvider
1474034195029	addons.manager	DEBUG	Provider finished startup: GMPProvider
1474034195029	addons.manager	DEBUG	Starting provider: PluginProvider
1474034195029	addons.manager	DEBUG	Registering shutdown blocker for PluginProvider
1474034195029	addons.manager	DEBUG	Provider finished startup: PluginProvider
1474034195030	addons.manager	DEBUG	Completed startup sequence

Build info: version: &apos;2.53.1&apos;, revision: &apos;a36b8b1cd5757287168e54b817830adce9b0158d&apos;, time: &apos;2016-06-30 19:26:09&apos;
System info: host: &apos;NUFLCNU417CBJ1&apos;, ip: &apos;10.252.0.43&apos;, os.name: &apos;Windows 7&apos;, os.arch: &apos;amd64&apos;, os.version: &apos;6.1&apos;, java.version: &apos;1.8.0_65&apos;
Driver info: driver.version: FirefoxDriver
	at org.openqa.selenium.firefox.internal.NewProfileExtensionConnection.start(NewProfileExtensionConnection.java:125)
	at org.openqa.selenium.firefox.FirefoxDriver.startClient(FirefoxDriver.java:271)
	at org.openqa.selenium.remote.RemoteWebDriver.&lt;init&gt;(RemoteWebDriver.java:119)
	at org.openqa.selenium.firefox.FirefoxDriver.&lt;init&gt;(FirefoxDriver.java:216)
	at org.openqa.selenium.firefox.FirefoxDriver.&lt;init&gt;(FirefoxDriver.java:211)
	at org.openqa.selenium.firefox.FirefoxDriver.&lt;init&gt;(FirefoxDriver.java:207)
	at LoginTest.i_open_the_page(LoginTest.java:137)
	at ✽.Given I open the page &quot;waf&quot;(src/test/olj.feature:525)
Caused by: org.openqa.selenium.firefox.NotConnectedException: Unable to connect to host 127.0.0.1 on port 7057 after 45000 ms. Firefox console output:
pdateURL&quot;:null,&quot;updateKey&quot;:null,&quot;optionsURL&quot;:null,&quot;optionsType&quot;:null,&quot;aboutURL&quot;:null,&quot;icons&quot;:{},&quot;iconURL&quot;:null,&quot;icon64URL&quot;:null,&quot;defaultLocale&quot;:{&quot;name&quot;:&quot;Firefox Hello&quot;,&quot;description&quot;:&quot;Web sharing for Firefox&quot;,&quot;creator&quot;:&quot;Mozilla&quot;,&quot;homepageURL&quot;:null},&quot;visible&quot;:true,&quot;active&quot;:true,&quot;userDisabled&quot;:false,&quot;appDisabled&quot;:false,&quot;descriptor&quot;:&quot;C:\\NB\\firefox-sdk\\bin\\browser\\features\\loop@mozilla.org.xpi&quot;,&quot;installDate&quot;:1262300400000,&quot;updateDate&quot;:1262300400000,&quot;applyBackgroundUpdates&quot;:1,&quot;bootstrap&quot;:true,&quot;skinnable&quot;:false,&quot;size&quot;:4239168,&quot;sourceURI&quot;:null,&quot;releaseNotesURI&quot;:null,&quot;softDisabled&quot;:false,&quot;foreignInstall&quot;:false,&quot;hasBinaryComponents&quot;:false,&quot;strictCompatibility&quot;:false,&quot;locales&quot;:[],&quot;targetApplications&quot;:[{&quot;id&quot;:&quot;{ec8030f7-c20a-464f-9b0e-13a3a9e97384}&quot;,&quot;minVersion&quot;:&quot;46.0a1&quot;,&quot;maxVersion&quot;:&quot;47.*&quot;},{&quot;id&quot;:&quot;xpcshell@tests.mozilla.org&quot;,&quot;minVersion&quot;:&quot;0&quot;,&quot;maxVersion&quot;:&quot;10&quot;}],&quot;targetPlatforms&quot;:[],&quot;multiprocessCompatible&quot;:false,&quot;seen&quot;:true}
1474034194994	addons.xpi	DEBUG	getModTime: Recursive scan of loop@mozilla.org
1474034194994	addons.xpi	DEBUG	Updating XPIState for {&quot;id&quot;:&quot;{972ce4c6-7e08-4474-a285-3208198ce6fd}&quot;,&quot;syncGUID&quot;:&quot;rOgNnyY0sxt6&quot;,&quot;location&quot;:&quot;app-global&quot;,&quot;version&quot;:&quot;47.0.1&quot;,&quot;type&quot;:&quot;theme&quot;,&quot;internalName&quot;:&quot;classic/1.0&quot;,&quot;updateURL&quot;:null,&quot;updateKey&quot;:null,&quot;optionsURL&quot;:null,&quot;optionsType&quot;:null,&quot;aboutURL&quot;:null,&quot;icons&quot;:{&quot;32&quot;:&quot;icon.png&quot;,&quot;48&quot;:&quot;icon.png&quot;},&quot;iconURL&quot;:null,&quot;icon64URL&quot;:null,&quot;defaultLocale&quot;:{&quot;name&quot;:&quot;Default&quot;,&quot;description&quot;:&quot;The default theme.&quot;,&quot;creator&quot;:&quot;Mozilla&quot;,&quot;homepageURL&quot;:null,&quot;contributors&quot;:[&quot;Mozilla Contributors&quot;]},&quot;visible&quot;:true,&quot;active&quot;:true,&quot;userDisabled&quot;:false,&quot;appDisabled&quot;:false,&quot;descriptor&quot;:&quot;C:\\NB\\firefox-sdk\\bin\\browser\\extensions\\{972ce4c6-7e08-4474-a285-3208198ce6fd}.xpi&quot;,&quot;installDate&quot;:1262300400000,&quot;updateDate&quot;:1262300400000,&quot;applyBackgroundUpdates&quot;:1,&quot;skinnable&quot;:true,&quot;size&quot;:22012,&quot;sourceURI&quot;:null,&quot;releaseNotesURI&quot;:null,&quot;softDisabled&quot;:false,&quot;foreignInstall&quot;:false,&quot;hasBinaryComponents&quot;:false,&quot;strictCompatibility&quot;:true,&quot;locales&quot;:[],&quot;targetApplications&quot;:[{&quot;id&quot;:&quot;{ec8030f7-c20a-464f-9b0e-13a3a9e97384}&quot;,&quot;minVersion&quot;:&quot;47.0.1&quot;,&quot;maxVersion&quot;:&quot;47.0.1&quot;}],&quot;targetPlatforms&quot;:[],&quot;seen&quot;:true}
1474034194994	addons.xpi	DEBUG	getModTime: Recursive scan of {972ce4c6-7e08-4474-a285-3208198ce6fd}
1474034194995	DeferredSave.extensions.json	DEBUG	Save changes
1474034194995	addons.xpi	DEBUG	Updating database with changes to installed add-ons
1474034194995	addons.xpi-utils	DEBUG	Updating add-on states
1474034194997	addons.xpi-utils	DEBUG	Writing add-ons list
1474034195001	addons.xpi	DEBUG	Registering manifest for C:\NB\firefox-sdk\bin\browser\features\e10srollout@mozilla.org.xpi
1474034195001	addons.xpi	DEBUG	Calling bootstrap method startup on e10srollout@mozilla.org version 1.0
1474034195002	addons.xpi	DEBUG	Registering manifest for C:\NB\firefox-sdk\bin\browser\features\firefox@getpocket.com.xpi
1474034195002	addons.xpi	DEBUG	Calling bootstrap method startup on firefox@getpocket.com version 1.0.2
1474034195003	addons.xpi	DEBUG	Registering manifest for C:\NB\firefox-sdk\bin\browser\features\loop@mozilla.org.xpi
1474034195004	addons.xpi	DEBUG	Calling bootstrap method startup on loop@mozilla.org version 1.3.2
1474034195021	addons.manager	DEBUG	Registering shutdown blocker for XPIProvider
1474034195021	addons.manager	DEBUG	Provider finished startup: XPIProvider
1474034195021	addons.manager	DEBUG	Starting provider: LightweightThemeManager
1474034195021	addons.manager	DEBUG	Registering shutdown blocker for LightweightThemeManager
1474034195021	addons.manager	DEBUG	Provider finished startup: LightweightThemeManager
1474034195022	addons.manager	DEBUG	Starting provider: GMPProvider
1474034195029	addons.manager	DEBUG	Registering shutdown blocker for GMPProvider
1474034195029	addons.manager	DEBUG	Provider finished startup: GMPProvider
1474034195029	addons.manager	DEBUG	Starting provider: PluginProvider
1474034195029	addons.manager	DEBUG	Registering shutdown blocker for PluginProvider
1474034195029	addons.manager	DEBUG	Provider finished startup: PluginProvider
1474034195030	addons.manager	DEBUG	Completed startup sequence

	at org.openqa.selenium.firefox.internal.NewProfileExtensionConnection.start(NewProfileExtensionConnection.java:113)
	at org.openqa.selenium.firefox.FirefoxDriver.startClient(FirefoxDriver.java:271)
	at org.openqa.selenium.remote.RemoteWebDriver.&lt;init&gt;(RemoteWebDriver.java:119)
	at org.openqa.selenium.firefox.FirefoxDriver.&lt;init&gt;(FirefoxDriver.java:216)
	at org.openqa.selenium.firefox.FirefoxDriver.&lt;init&gt;(FirefoxDriver.java:211)
	at org.openqa.selenium.firefox.FirefoxDriver.&lt;init&gt;(FirefoxDriver.java:207)
	at LoginTest.i_open_the_page(LoginTest.java:137)
	at cucumber.runtime.Utils$1.call(Utils.java:37)
	at cucumber.runtime.Timeout.timeout(Timeout.java:13)
	at cucumber.runtime.Utils.invoke(Utils.java:31)
	at cucumber.runtime.java.JavaStepDefinition.execute(JavaStepDefinition.java:38)
	at cucumber.runtime.StepDefinitionMatch.runStep(StepDefinitionMatch.java:37)
	at cucumber.runtime.Runtime.runStep(Runtime.java:299)
	at cucumber.runtime.model.StepContainer.runStep(StepContainer.java:44)
	at cucumber.runtime.model.StepContainer.runSteps(StepContainer.java:39)
	at cucumber.runtime.model.CucumberScenario.run(CucumberScenario.java:44)
	at cucumber.runtime.junit.ExecutionUnitRunner.run(ExecutionUnitRunner.java:91)
	at cucumber.runtime.junit.FeatureRunner.runChild(FeatureRunner.java:63)
	at cucumber.runtime.junit.FeatureRunner.runChild(FeatureRunner.java:18)
	at cucumber.runtime.junit.FeatureRunner.run(FeatureRunner.java:70)
	at cucumber.api.junit.Cucumber.runChild(Cucumber.java:93)
	at cucumber.api.junit.Cucumber.runChild(Cucumber.java:37)
	at cucumber.api.junit.Cucumber.run(Cucumber.java:98)
</error>
  </testcase>
  <testcase classname="junit.framework.TestSuite" name="Scenario: Anytime  3 months current - Direct Debit - success" time="50.122">
    <error message="Failed to connect to binary FirefoxBinary(C:\NB\firefox-sdk\bin\firefox.exe) on port 7057; process output follows: &#xa;pdateURL&quot;:null,&quot;updateKey&quot;:null,&quot;optionsURL&quot;:null,&quot;optionsType&quot;:null,&quot;aboutURL&quot;:null,&quot;icons&quot;:{},&quot;iconURL&quot;:null,&quot;icon64URL&quot;:null,&quot;defaultLocale&quot;:{&quot;name&quot;:&quot;Firefox Hello&quot;,&quot;description&quot;:&quot;Web sharing for Firefox&quot;,&quot;creator&quot;:&quot;Mozilla&quot;,&quot;homepageURL&quot;:null},&quot;visible&quot;:true,&quot;active&quot;:true,&quot;userDisabled&quot;:false,&quot;appDisabled&quot;:false,&quot;descriptor&quot;:&quot;C:\\NB\\firefox-sdk\\bin\\browser\\features\\loop@mozilla.org.xpi&quot;,&quot;installDate&quot;:1262300400000,&quot;updateDate&quot;:1262300400000,&quot;applyBackgroundUpdates&quot;:1,&quot;bootstrap&quot;:true,&quot;skinnable&quot;:false,&quot;size&quot;:4239168,&quot;sourceURI&quot;:null,&quot;releaseNotesURI&quot;:null,&quot;softDisabled&quot;:false,&quot;foreignInstall&quot;:false,&quot;hasBinaryComponents&quot;:false,&quot;strictCompatibility&quot;:false,&quot;locales&quot;:[],&quot;targetApplications&quot;:[{&quot;id&quot;:&quot;{ec8030f7-c20a-464f-9b0e-13a3a9e97384}&quot;,&quot;minVersion&quot;:&quot;46.0a1&quot;,&quot;maxVersion&quot;:&quot;47.*&quot;},{&quot;id&quot;:&quot;xpcshell@tests.mozilla.org&quot;,&quot;minVersion&quot;:&quot;0&quot;,&quot;maxVersion&quot;:&quot;10&quot;}],&quot;targetPlatforms&quot;:[],&quot;multiprocessCompatible&quot;:false,&quot;seen&quot;:true}&#xd;&#xa;1474034194994&#x9;addons.xpi&#x9;DEBUG&#x9;getModTime: Recursive scan of loop@mozilla.org&#xd;&#xa;1474034194994&#x9;addons.xpi&#x9;DEBUG&#x9;Updating XPIState for {&quot;id&quot;:&quot;{972ce4c6-7e08-4474-a285-3208198ce6fd}&quot;,&quot;syncGUID&quot;:&quot;rOgNnyY0sxt6&quot;,&quot;location&quot;:&quot;app-global&quot;,&quot;version&quot;:&quot;47.0.1&quot;,&quot;type&quot;:&quot;theme&quot;,&quot;internalName&quot;:&quot;classic/1.0&quot;,&quot;updateURL&quot;:null,&quot;updateKey&quot;:null,&quot;optionsURL&quot;:null,&quot;optionsType&quot;:null,&quot;aboutURL&quot;:null,&quot;icons&quot;:{&quot;32&quot;:&quot;icon.png&quot;,&quot;48&quot;:&quot;icon.png&quot;},&quot;iconURL&quot;:null,&quot;icon64URL&quot;:null,&quot;defaultLocale&quot;:{&quot;name&quot;:&quot;Default&quot;,&quot;description&quot;:&quot;The default theme.&quot;,&quot;creator&quot;:&quot;Mozilla&quot;,&quot;homepageURL&quot;:null,&quot;contributors&quot;:[&quot;Mozilla Contributors&quot;]},&quot;visible&quot;:true,&quot;active&quot;:true,&quot;userDisabled&quot;:false,&quot;appDisabled&quot;:false,&quot;descriptor&quot;:&quot;C:\\NB\\firefox-sdk\\bin\\browser\\extensions\\{972ce4c6-7e08-4474-a285-3208198ce6fd}.xpi&quot;,&quot;installDate&quot;:1262300400000,&quot;updateDate&quot;:1262300400000,&quot;applyBackgroundUpdates&quot;:1,&quot;skinnable&quot;:true,&quot;size&quot;:22012,&quot;sourceURI&quot;:null,&quot;releaseNotesURI&quot;:null,&quot;softDisabled&quot;:false,&quot;foreignInstall&quot;:false,&quot;hasBinaryComponents&quot;:false,&quot;strictCompatibility&quot;:true,&quot;locales&quot;:[],&quot;targetApplications&quot;:[{&quot;id&quot;:&quot;{ec8030f7-c20a-464f-9b0e-13a3a9e97384}&quot;,&quot;minVersion&quot;:&quot;47.0.1&quot;,&quot;maxVersion&quot;:&quot;47.0.1&quot;}],&quot;targetPlatforms&quot;:[],&quot;seen&quot;:true}&#xd;&#xa;1474034194994&#x9;addons.xpi&#x9;DEBUG&#x9;getModTime: Recursive scan of {972ce4c6-7e08-4474-a285-3208198ce6fd}&#xd;&#xa;1474034194995&#x9;DeferredSave.extensions.json&#x9;DEBUG&#x9;Save changes&#xd;&#xa;1474034194995&#x9;addons.xpi&#x9;DEBUG&#x9;Updating database with changes to installed add-ons&#xd;&#xa;1474034194995&#x9;addons.xpi-utils&#x9;DEBUG&#x9;Updating add-on states&#xd;&#xa;1474034194997&#x9;addons.xpi-utils&#x9;DEBUG&#x9;Writing add-ons list&#xd;&#xa;1474034195001&#x9;addons.xpi&#x9;DEBUG&#x9;Registering manifest for C:\NB\firefox-sdk\bin\browser\features\e10srollout@mozilla.org.xpi&#xd;&#xa;1474034195001&#x9;addons.xpi&#x9;DEBUG&#x9;Calling bootstrap method startup on e10srollout@mozilla.org version 1.0&#xd;&#xa;1474034195002&#x9;addons.xpi&#x9;DEBUG&#x9;Registering manifest for C:\NB\firefox-sdk\bin\browser\features\firefox@getpocket.com.xpi&#xd;&#xa;1474034195002&#x9;addons.xpi&#x9;DEBUG&#x9;Calling bootstrap method startup on firefox@getpocket.com version 1.0.2&#xd;&#xa;1474034195003&#x9;addons.xpi&#x9;DEBUG&#x9;Registering manifest for C:\NB\firefox-sdk\bin\browser\features\loop@mozilla.org.xpi&#xd;&#xa;1474034195004&#x9;addons.xpi&#x9;DEBUG&#x9;Calling bootstrap method startup on loop@mozilla.org version 1.3.2&#xd;&#xa;1474034195021&#x9;addons.manager&#x9;DEBUG&#x9;Registering shutdown blocker for XPIProvider&#xd;&#xa;1474034195021&#x9;addons.manager&#x9;DEBUG&#x9;Provider finished startup: XPIProvider&#xd;&#xa;1474034195021&#x9;addons.manager&#x9;DEBUG&#x9;Starting provider: LightweightThemeManager&#xd;&#xa;1474034195021&#x9;addons.manager&#x9;DEBUG&#x9;Registering shutdown blocker for LightweightThemeManager&#xd;&#xa;1474034195021&#x9;addons.manager&#x9;DEBUG&#x9;Provider finished startup: LightweightThemeManager&#xd;&#xa;1474034195022&#x9;addons.manager&#x9;DEBUG&#x9;Starting provider: GMPProvider&#xd;&#xa;1474034195029&#x9;addons.manager&#x9;DEBUG&#x9;Registering shutdown blocker for GMPProvider&#xd;&#xa;1474034195029&#x9;addons.manager&#x9;DEBUG&#x9;Provider finished startup: GMPProvider&#xd;&#xa;1474034195029&#x9;addons.manager&#x9;DEBUG&#x9;Starting provider: PluginProvider&#xd;&#xa;1474034195029&#x9;addons.manager&#x9;DEBUG&#x9;Registering shutdown blocker for PluginProvider&#xd;&#xa;1474034195029&#x9;addons.manager&#x9;DEBUG&#x9;Provider finished startup: PluginProvider&#xd;&#xa;1474034195030&#x9;addons.manager&#x9;DEBUG&#x9;Completed startup sequence&#xd;&#xa;&#xa;Build info: version: &apos;2.53.1&apos;, revision: &apos;a36b8b1cd5757287168e54b817830adce9b0158d&apos;, time: &apos;2016-06-30 19:26:09&apos;&#xa;System info: host: &apos;NUFLCNU417CBJ1&apos;, ip: &apos;10.252.0.43&apos;, os.name: &apos;Windows 7&apos;, os.arch: &apos;amd64&apos;, os.version: &apos;6.1&apos;, java.version: &apos;1.8.0_65&apos;&#xa;Driver info: driver.version: FirefoxDriver" type="org.openqa.selenium.WebDriverException">org.openqa.selenium.WebDriverException: Failed to connect to binary FirefoxBinary(C:\NB\firefox-sdk\bin\firefox.exe) on port 7057; process output follows: 
pdateURL&quot;:null,&quot;updateKey&quot;:null,&quot;optionsURL&quot;:null,&quot;optionsType&quot;:null,&quot;aboutURL&quot;:null,&quot;icons&quot;:{},&quot;iconURL&quot;:null,&quot;icon64URL&quot;:null,&quot;defaultLocale&quot;:{&quot;name&quot;:&quot;Firefox Hello&quot;,&quot;description&quot;:&quot;Web sharing for Firefox&quot;,&quot;creator&quot;:&quot;Mozilla&quot;,&quot;homepageURL&quot;:null},&quot;visible&quot;:true,&quot;active&quot;:true,&quot;userDisabled&quot;:false,&quot;appDisabled&quot;:false,&quot;descriptor&quot;:&quot;C:\\NB\\firefox-sdk\\bin\\browser\\features\\loop@mozilla.org.xpi&quot;,&quot;installDate&quot;:1262300400000,&quot;updateDate&quot;:1262300400000,&quot;applyBackgroundUpdates&quot;:1,&quot;bootstrap&quot;:true,&quot;skinnable&quot;:false,&quot;size&quot;:4239168,&quot;sourceURI&quot;:null,&quot;releaseNotesURI&quot;:null,&quot;softDisabled&quot;:false,&quot;foreignInstall&quot;:false,&quot;hasBinaryComponents&quot;:false,&quot;strictCompatibility&quot;:false,&quot;locales&quot;:[],&quot;targetApplications&quot;:[{&quot;id&quot;:&quot;{ec8030f7-c20a-464f-9b0e-13a3a9e97384}&quot;,&quot;minVersion&quot;:&quot;46.0a1&quot;,&quot;maxVersion&quot;:&quot;47.*&quot;},{&quot;id&quot;:&quot;xpcshell@tests.mozilla.org&quot;,&quot;minVersion&quot;:&quot;0&quot;,&quot;maxVersion&quot;:&quot;10&quot;}],&quot;targetPlatforms&quot;:[],&quot;multiprocessCompatible&quot;:false,&quot;seen&quot;:true}
1474034194994	addons.xpi	DEBUG	getModTime: Recursive scan of loop@mozilla.org
1474034194994	addons.xpi	DEBUG	Updating XPIState for {&quot;id&quot;:&quot;{972ce4c6-7e08-4474-a285-3208198ce6fd}&quot;,&quot;syncGUID&quot;:&quot;rOgNnyY0sxt6&quot;,&quot;location&quot;:&quot;app-global&quot;,&quot;version&quot;:&quot;47.0.1&quot;,&quot;type&quot;:&quot;theme&quot;,&quot;internalName&quot;:&quot;classic/1.0&quot;,&quot;updateURL&quot;:null,&quot;updateKey&quot;:null,&quot;optionsURL&quot;:null,&quot;optionsType&quot;:null,&quot;aboutURL&quot;:null,&quot;icons&quot;:{&quot;32&quot;:&quot;icon.png&quot;,&quot;48&quot;:&quot;icon.png&quot;},&quot;iconURL&quot;:null,&quot;icon64URL&quot;:null,&quot;defaultLocale&quot;:{&quot;name&quot;:&quot;Default&quot;,&quot;description&quot;:&quot;The default theme.&quot;,&quot;creator&quot;:&quot;Mozilla&quot;,&quot;homepageURL&quot;:null,&quot;contributors&quot;:[&quot;Mozilla Contributors&quot;]},&quot;visible&quot;:true,&quot;active&quot;:true,&quot;userDisabled&quot;:false,&quot;appDisabled&quot;:false,&quot;descriptor&quot;:&quot;C:\\NB\\firefox-sdk\\bin\\browser\\extensions\\{972ce4c6-7e08-4474-a285-3208198ce6fd}.xpi&quot;,&quot;installDate&quot;:1262300400000,&quot;updateDate&quot;:1262300400000,&quot;applyBackgroundUpdates&quot;:1,&quot;skinnable&quot;:true,&quot;size&quot;:22012,&quot;sourceURI&quot;:null,&quot;releaseNotesURI&quot;:null,&quot;softDisabled&quot;:false,&quot;foreignInstall&quot;:false,&quot;hasBinaryComponents&quot;:false,&quot;strictCompatibility&quot;:true,&quot;locales&quot;:[],&quot;targetApplications&quot;:[{&quot;id&quot;:&quot;{ec8030f7-c20a-464f-9b0e-13a3a9e97384}&quot;,&quot;minVersion&quot;:&quot;47.0.1&quot;,&quot;maxVersion&quot;:&quot;47.0.1&quot;}],&quot;targetPlatforms&quot;:[],&quot;seen&quot;:true}
1474034194994	addons.xpi	DEBUG	getModTime: Recursive scan of {972ce4c6-7e08-4474-a285-3208198ce6fd}
1474034194995	DeferredSave.extensions.json	DEBUG	Save changes
1474034194995	addons.xpi	DEBUG	Updating database with changes to installed add-ons
1474034194995	addons.xpi-utils	DEBUG	Updating add-on states
1474034194997	addons.xpi-utils	DEBUG	Writing add-ons list
1474034195001	addons.xpi	DEBUG	Registering manifest for C:\NB\firefox-sdk\bin\browser\features\e10srollout@mozilla.org.xpi
1474034195001	addons.xpi	DEBUG	Calling bootstrap method startup on e10srollout@mozilla.org version 1.0
1474034195002	addons.xpi	DEBUG	Registering manifest for C:\NB\firefox-sdk\bin\browser\features\firefox@getpocket.com.xpi
1474034195002	addons.xpi	DEBUG	Calling bootstrap method startup on firefox@getpocket.com version 1.0.2
1474034195003	addons.xpi	DEBUG	Registering manifest for C:\NB\firefox-sdk\bin\browser\features\loop@mozilla.org.xpi
1474034195004	addons.xpi	DEBUG	Calling bootstrap method startup on loop@mozilla.org version 1.3.2
1474034195021	addons.manager	DEBUG	Registering shutdown blocker for XPIProvider
1474034195021	addons.manager	DEBUG	Provider finished startup: XPIProvider
1474034195021	addons.manager	DEBUG	Starting provider: LightweightThemeManager
1474034195021	addons.manager	DEBUG	Registering shutdown blocker for LightweightThemeManager
1474034195021	addons.manager	DEBUG	Provider finished startup: LightweightThemeManager
1474034195022	addons.manager	DEBUG	Starting provider: GMPProvider
1474034195029	addons.manager	DEBUG	Registering shutdown blocker for GMPProvider
1474034195029	addons.manager	DEBUG	Provider finished startup: GMPProvider
1474034195029	addons.manager	DEBUG	Starting provider: PluginProvider
1474034195029	addons.manager	DEBUG	Registering shutdown blocker for PluginProvider
1474034195029	addons.manager	DEBUG	Provider finished startup: PluginProvider
1474034195030	addons.manager	DEBUG	Completed startup sequence

Build info: version: &apos;2.53.1&apos;, revision: &apos;a36b8b1cd5757287168e54b817830adce9b0158d&apos;, time: &apos;2016-06-30 19:26:09&apos;
System info: host: &apos;NUFLCNU417CBJ1&apos;, ip: &apos;10.252.0.43&apos;, os.name: &apos;Windows 7&apos;, os.arch: &apos;amd64&apos;, os.version: &apos;6.1&apos;, java.version: &apos;1.8.0_65&apos;
Driver info: driver.version: FirefoxDriver
	at org.openqa.selenium.firefox.internal.NewProfileExtensionConnection.start(NewProfileExtensionConnection.java:125)
	at org.openqa.selenium.firefox.FirefoxDriver.startClient(FirefoxDriver.java:271)
	at org.openqa.selenium.remote.RemoteWebDriver.&lt;init&gt;(RemoteWebDriver.java:119)
	at org.openqa.selenium.firefox.FirefoxDriver.&lt;init&gt;(FirefoxDriver.java:216)
	at org.openqa.selenium.firefox.FirefoxDriver.&lt;init&gt;(FirefoxDriver.java:211)
	at org.openqa.selenium.firefox.FirefoxDriver.&lt;init&gt;(FirefoxDriver.java:207)
	at LoginTest.i_open_the_page(LoginTest.java:137)
	at ✽.Given I open the page &quot;waf&quot;(src/test/olj.feature:525)
Caused by: org.openqa.selenium.firefox.NotConnectedException: Unable to connect to host 127.0.0.1 on port 7057 after 45000 ms. Firefox console output:
pdateURL&quot;:null,&quot;updateKey&quot;:null,&quot;optionsURL&quot;:null,&quot;optionsType&quot;:null,&quot;aboutURL&quot;:null,&quot;icons&quot;:{},&quot;iconURL&quot;:null,&quot;icon64URL&quot;:null,&quot;defaultLocale&quot;:{&quot;name&quot;:&quot;Firefox Hello&quot;,&quot;description&quot;:&quot;Web sharing for Firefox&quot;,&quot;creator&quot;:&quot;Mozilla&quot;,&quot;homepageURL&quot;:null},&quot;visible&quot;:true,&quot;active&quot;:true,&quot;userDisabled&quot;:false,&quot;appDisabled&quot;:false,&quot;descriptor&quot;:&quot;C:\\NB\\firefox-sdk\\bin\\browser\\features\\loop@mozilla.org.xpi&quot;,&quot;installDate&quot;:1262300400000,&quot;updateDate&quot;:1262300400000,&quot;applyBackgroundUpdates&quot;:1,&quot;bootstrap&quot;:true,&quot;skinnable&quot;:false,&quot;size&quot;:4239168,&quot;sourceURI&quot;:null,&quot;releaseNotesURI&quot;:null,&quot;softDisabled&quot;:false,&quot;foreignInstall&quot;:false,&quot;hasBinaryComponents&quot;:false,&quot;strictCompatibility&quot;:false,&quot;locales&quot;:[],&quot;targetApplications&quot;:[{&quot;id&quot;:&quot;{ec8030f7-c20a-464f-9b0e-13a3a9e97384}&quot;,&quot;minVersion&quot;:&quot;46.0a1&quot;,&quot;maxVersion&quot;:&quot;47.*&quot;},{&quot;id&quot;:&quot;xpcshell@tests.mozilla.org&quot;,&quot;minVersion&quot;:&quot;0&quot;,&quot;maxVersion&quot;:&quot;10&quot;}],&quot;targetPlatforms&quot;:[],&quot;multiprocessCompatible&quot;:false,&quot;seen&quot;:true}
1474034194994	addons.xpi	DEBUG	getModTime: Recursive scan of loop@mozilla.org
1474034194994	addons.xpi	DEBUG	Updating XPIState for {&quot;id&quot;:&quot;{972ce4c6-7e08-4474-a285-3208198ce6fd}&quot;,&quot;syncGUID&quot;:&quot;rOgNnyY0sxt6&quot;,&quot;location&quot;:&quot;app-global&quot;,&quot;version&quot;:&quot;47.0.1&quot;,&quot;type&quot;:&quot;theme&quot;,&quot;internalName&quot;:&quot;classic/1.0&quot;,&quot;updateURL&quot;:null,&quot;updateKey&quot;:null,&quot;optionsURL&quot;:null,&quot;optionsType&quot;:null,&quot;aboutURL&quot;:null,&quot;icons&quot;:{&quot;32&quot;:&quot;icon.png&quot;,&quot;48&quot;:&quot;icon.png&quot;},&quot;iconURL&quot;:null,&quot;icon64URL&quot;:null,&quot;defaultLocale&quot;:{&quot;name&quot;:&quot;Default&quot;,&quot;description&quot;:&quot;The default theme.&quot;,&quot;creator&quot;:&quot;Mozilla&quot;,&quot;homepageURL&quot;:null,&quot;contributors&quot;:[&quot;Mozilla Contributors&quot;]},&quot;visible&quot;:true,&quot;active&quot;:true,&quot;userDisabled&quot;:false,&quot;appDisabled&quot;:false,&quot;descriptor&quot;:&quot;C:\\NB\\firefox-sdk\\bin\\browser\\extensions\\{972ce4c6-7e08-4474-a285-3208198ce6fd}.xpi&quot;,&quot;installDate&quot;:1262300400000,&quot;updateDate&quot;:1262300400000,&quot;applyBackgroundUpdates&quot;:1,&quot;skinnable&quot;:true,&quot;size&quot;:22012,&quot;sourceURI&quot;:null,&quot;releaseNotesURI&quot;:null,&quot;softDisabled&quot;:false,&quot;foreignInstall&quot;:false,&quot;hasBinaryComponents&quot;:false,&quot;strictCompatibility&quot;:true,&quot;locales&quot;:[],&quot;targetApplications&quot;:[{&quot;id&quot;:&quot;{ec8030f7-c20a-464f-9b0e-13a3a9e97384}&quot;,&quot;minVersion&quot;:&quot;47.0.1&quot;,&quot;maxVersion&quot;:&quot;47.0.1&quot;}],&quot;targetPlatforms&quot;:[],&quot;seen&quot;:true}
1474034194994	addons.xpi	DEBUG	getModTime: Recursive scan of {972ce4c6-7e08-4474-a285-3208198ce6fd}
1474034194995	DeferredSave.extensions.json	DEBUG	Save changes
1474034194995	addons.xpi	DEBUG	Updating database with changes to installed add-ons
1474034194995	addons.xpi-utils	DEBUG	Updating add-on states
1474034194997	addons.xpi-utils	DEBUG	Writing add-ons list
1474034195001	addons.xpi	DEBUG	Registering manifest for C:\NB\firefox-sdk\bin\browser\features\e10srollout@mozilla.org.xpi
1474034195001	addons.xpi	DEBUG	Calling bootstrap method startup on e10srollout@mozilla.org version 1.0
1474034195002	addons.xpi	DEBUG	Registering manifest for C:\NB\firefox-sdk\bin\browser\features\firefox@getpocket.com.xpi
1474034195002	addons.xpi	DEBUG	Calling bootstrap method startup on firefox@getpocket.com version 1.0.2
1474034195003	addons.xpi	DEBUG	Registering manifest for C:\NB\firefox-sdk\bin\browser\features\loop@mozilla.org.xpi
1474034195004	addons.xpi	DEBUG	Calling bootstrap method startup on loop@mozilla.org version 1.3.2
1474034195021	addons.manager	DEBUG	Registering shutdown blocker for XPIProvider
1474034195021	addons.manager	DEBUG	Provider finished startup: XPIProvider
1474034195021	addons.manager	DEBUG	Starting provider: LightweightThemeManager
1474034195021	addons.manager	DEBUG	Registering shutdown blocker for LightweightThemeManager
1474034195021	addons.manager	DEBUG	Provider finished startup: LightweightThemeManager
1474034195022	addons.manager	DEBUG	Starting provider: GMPProvider
1474034195029	addons.manager	DEBUG	Registering shutdown blocker for GMPProvider
1474034195029	addons.manager	DEBUG	Provider finished startup: GMPProvider
1474034195029	addons.manager	DEBUG	Starting provider: PluginProvider
1474034195029	addons.manager	DEBUG	Registering shutdown blocker for PluginProvider
1474034195029	addons.manager	DEBUG	Provider finished startup: PluginProvider
1474034195030	addons.manager	DEBUG	Completed startup sequence

	at org.openqa.selenium.firefox.internal.NewProfileExtensionConnection.start(NewProfileExtensionConnection.java:113)
	at org.openqa.selenium.firefox.FirefoxDriver.startClient(FirefoxDriver.java:271)
	at org.openqa.selenium.remote.RemoteWebDriver.&lt;init&gt;(RemoteWebDriver.java:119)
	at org.openqa.selenium.firefox.FirefoxDriver.&lt;init&gt;(FirefoxDriver.java:216)
	at org.openqa.selenium.firefox.FirefoxDriver.&lt;init&gt;(FirefoxDriver.java:211)
	at org.openqa.selenium.firefox.FirefoxDriver.&lt;init&gt;(FirefoxDriver.java:207)
	at LoginTest.i_open_the_page(LoginTest.java:137)
	at cucumber.runtime.Utils$1.call(Utils.java:37)
	at cucumber.runtime.Timeout.timeout(Timeout.java:13)
	at cucumber.runtime.Utils.invoke(Utils.java:31)
	at cucumber.runtime.java.JavaStepDefinition.execute(JavaStepDefinition.java:38)
	at cucumber.runtime.StepDefinitionMatch.runStep(StepDefinitionMatch.java:37)
	at cucumber.runtime.Runtime.runStep(Runtime.java:299)
	at cucumber.runtime.model.StepContainer.runStep(StepContainer.java:44)
	at cucumber.runtime.model.StepContainer.runSteps(StepContainer.java:39)
	at cucumber.runtime.model.CucumberScenario.run(CucumberScenario.java:44)
	at cucumber.runtime.junit.ExecutionUnitRunner.run(ExecutionUnitRunner.java:91)
	at cucumber.runtime.junit.FeatureRunner.runChild(FeatureRunner.java:63)
	at cucumber.runtime.junit.FeatureRunner.runChild(FeatureRunner.java:18)
	at cucumber.runtime.junit.FeatureRunner.run(FeatureRunner.java:70)
	at cucumber.api.junit.Cucumber.runChild(Cucumber.java:93)
	at cucumber.api.junit.Cucumber.runChild(Cucumber.java:37)
	at cucumber.api.junit.Cucumber.run(Cucumber.java:98)
</error>
  </testcase>
  <testcase classname="Scenario: Anytime  3 months current - Direct Debit - success" name="Then I am on page &quot;aber&quot;" time="0.021">
    <skipped />
    <skipped />
    <skipped />
    <skipped />
    <skipped />
    <skipped />
    <skipped />
  </testcase>
  <testcase classname="Scenario: Anytime  3 months current - Direct Debit - success" name="When I click span &quot;3 month minimum commitment&quot;" time="0.0">
    <skipped />
  </testcase>
  <testcase classname="Scenario: Anytime  3 months current - Direct Debit - success" name="When I click on basket" time="0.0">
    <skipped />
  </testcase>
  <testcase classname="Scenario: Anytime  3 months current - Direct Debit - success" name="Then I wait" time="0.022">
    <skipped />
    <skipped />
    <skipped />
  </testcase>
  <testcase classname="Scenario: Anytime  3 months current - Direct Debit - success" name="Then I get amount value &quot;total&quot;" time="0.0">
    <skipped />
  </testcase>
  <testcase classname="Scenario: Anytime  3 months current - Direct Debit - success" name="Then I grab amount &quot;fee&quot;" time="0.0">
    <skipped />
  </testcase>
  <testcase classname="Scenario: Anytime  3 months current - Direct Debit - success" name="Then I grab amount &quot;prorata&quot;" time="0.0">
    <skipped />
  </testcase>
  <testcase classname="Scenario: Anytime  3 months current - Direct Debit - success" name="Then I get amount &quot;monthly&quot;" time="0.0">
    <skipped />
  </testcase>
  <testcase classname="Scenario: Anytime  3 months current - Direct Debit - success" name="Then I check figures &quot;3&quot;" time="0.0">
    <skipped />
  </testcase>
  <testcase classname="Scenario: Anytime  3 months current - Direct Debit - success" name="When I press button named &quot;commit&quot;" time="0.015">
    <skipped />
    <skipped />
    <skipped />
    <skipped />
  </testcase>
  <testcase classname="Scenario: Anytime  3 months current - Direct Debit - success" name="When I select &quot;Mr&quot; in menu &quot;personal_details_form_title&quot;" time="0.0">
    <skipped />
  </testcase>
  <testcase classname="Scenario: Anytime  3 months current - Direct Debit - success" name="When I fill &quot;fname&quot; with &quot;David&quot;" time="0.0">
    <skipped />
  </testcase>
  <testcase classname="Scenario: Anytime  3 months current - Direct Debit - success" name="When I fill &quot;lname&quot; with &quot;Archer&quot;" time="0.001">
    <skipped />
  </testcase>
  <testcase classname="Scenario: Anytime  3 months current - Direct Debit - success" name="When I click on element with id &quot;personal_details_form_date_of_birth_day&quot;" time="0.0">
    <skipped />
  </testcase>
  <testcase classname="Scenario: Anytime  3 months current - Direct Debit - success" name="When I set to date &quot;1/2/1947&quot;" time="0.0">
    <skipped />
  </testcase>
  <testcase classname="Scenario: Anytime  3 months current - Direct Debit - success" name="When I select &quot;Male&quot; in menu &quot;personal_details_form_gender&quot;" time="0.0">
    <skipped />
  </testcase>
  <testcase classname="Scenario: Anytime  3 months current - Direct Debit - success" name="When I fill &quot;housenumber&quot; with &quot;530&quot;" time="0.0">
    <skipped />
  </testcase>
  <testcase classname="Scenario: Anytime  3 months current - Direct Debit - success" name="When I fill &quot;postcode&quot; with &quot;BA133BN&quot;" time="0.0">
    <skipped />
  </testcase>
  <testcase classname="Scenario: Anytime  3 months current - Direct Debit - success" name="When I click on button name &quot;btn&quot;" time="0.0">
    <skipped />
  </testcase>
  <testcase classname="Scenario: Anytime  3 months current - Direct Debit - success" name="When I fill &quot;mail&quot; with &quot;max.karpov@nuffieldhealth.com&quot;" time="0.0">
    <skipped />
  </testcase>
  <testcase classname="Scenario: Anytime  3 months current - Direct Debit - success" name="When I fill &quot;emailconfirmation&quot; with &quot;max.karpov@nuffieldhealth.com&quot;" time="0.0">
    <skipped />
  </testcase>
  <testcase classname="Scenario: Anytime  3 months current - Direct Debit - success" name="When I fill &quot;phone&quot; with &quot;07482716718&quot;" time="0.0">
    <skipped />
  </testcase>
  <testcase classname="Scenario: Anytime  3 months current - Direct Debit - success" name="When I fill &quot;mobile&quot; with &quot;07482716718&quot;" time="0.0">
    <skipped />
  </testcase>
  <testcase classname="Scenario: Anytime  3 months current - Direct Debit - success" name="When I click on fieldset element &quot;personal_details_form_unable_to_exercise_no&quot;" time="0.0">
    <skipped />
  </testcase>
  <testcase classname="Scenario: Anytime  3 months current - Direct Debit - success" name="When I click on fieldset element &quot;summary_form_marketing_email&quot;" time="0.0">
    <skipped />
  </testcase>
  <testcase classname="Scenario: Anytime  3 months current - Direct Debit - success" name="When I scroll down &quot;900&quot;" time="0.0">
    <skipped />
  </testcase>
  <testcase classname="Scenario: Anytime  3 months current - Direct Debit - success" name="When I click on class &quot;form__row form__row--limestone form__custom-check&quot;" time="0.0">
    <skipped />
  </testcase>
  <testcase classname="Scenario: Anytime  3 months current - Direct Debit - success" name="When I click on button name &quot;commit&quot;" time="0.002">
    <skipped />
    <skipped />
  </testcase>
  <testcase classname="Scenario: Anytime  3 months current - Direct Debit - success" name="When I click on label &quot;direct_debit_form_confirm&quot;" time="0.0">
    <skipped />
  </testcase>
  <testcase classname="Scenario: Anytime  3 months current - Direct Debit - success" name="When I fill number field &quot;direct_debit_account_details_form_account_number&quot; with &quot;40308669&quot;" time="0.001">
    <skipped />
  </testcase>
  <testcase classname="Scenario: Anytime  3 months current - Direct Debit - success" name="When I fill number field &quot;direct_debit_account_details_form_sort_code_p1&quot; with &quot;56&quot;" time="0.0">
    <skipped />
  </testcase>
  <testcase classname="Scenario: Anytime  3 months current - Direct Debit - success" name="When I fill number field &quot;direct_debit_account_details_form_sort_code_p2&quot; with &quot;00&quot;" time="0.0">
    <skipped />
  </testcase>
  <testcase classname="Scenario: Anytime  3 months current - Direct Debit - success" name="When I fill number field &quot;direct_debit_account_details_form_sort_code_p3&quot; with &quot;36&quot;" time="0.0">
    <skipped />
  </testcase>
  <testcase classname="Scenario: Anytime  3 months current - Direct Debit - success" name="When I fill &quot;holder&quot; with &quot;David Archer&quot;" time="0.0">
    <skipped />
  </testcase>
  <testcase classname="Scenario: Anytime  3 months current - Direct Debit - success" name="When I click on &quot;NEXT&quot;" time="0.0">
    <skipped />
  </testcase>
  <testcase classname="Scenario: Anytime  3 months current - Direct Debit - success" name="Then I am on page &quot;pay&quot;" time="0.0">
    <skipped />
  </testcase>
  <testcase classname="Scenario: Anytime  3 months current - Direct Debit - success" name="When I click on button name &quot;VISA_brand&quot;" time="0.0">
    <skipped />
  </testcase>
  <testcase classname="Scenario: Anytime  3 months current - Direct Debit - success" name="When I fill &quot;cardname&quot; with &quot;xyz&quot;" time="0.0">
    <skipped />
  </testcase>
  <testcase classname="Scenario: Anytime  3 months current - Direct Debit - success" name="When I fill &quot;cardnumber&quot; with &quot;4111111111111111&quot;" time="0.0">
    <skipped />
  </testcase>
  <testcase classname="Scenario: Anytime  3 months current - Direct Debit - success" name="When I select item &quot;2&quot; in menu &quot;Ecom_Payment_Card_ExpDate_Month&quot;" time="0.0">
    <skipped />
  </testcase>
  <testcase classname="Scenario: Anytime  3 months current - Direct Debit - success" name="When I select item &quot;2&quot; in menu &quot;Ecom_Payment_Card_ExpDate_Year&quot;" time="0.0">
    <skipped />
  </testcase>
  <testcase classname="Scenario: Anytime  3 months current - Direct Debit - success" name="When I fill &quot;cardyear&quot; with &quot;2017&quot;" time="0.0">
    <skipped />
  </testcase>
  <testcase classname="Scenario: Anytime  3 months current - Direct Debit - success" name="When I fill &quot;cardcvs&quot; with &quot;737&quot;" time="0.0">
    <skipped />
  </testcase>
  <testcase classname="Scenario: Anytime  3 months current - Direct Debit - success" name="When I click on button name &quot;payment&quot;" time="0.0">
    <skipped />
  </testcase>
  <testcase classname="Scenario: Anytime  3 months current - Direct Debit - success" name="Then I wait for order id" time="0.0">
    <skipped />
  </testcase>
  <testcase classname="Scenario: Anytime  3 months current - Direct Debit - success" name="Given I navigate to salesforce" time="0.0">
    <skipped />
  </testcase>
  <testcase classname="Scenario: Anytime  3 months current - Direct Debit - success" name="When I enter Login and Password" time="0.0">
    <skipped />
  </testcase>
  <testcase classname="Scenario: Anytime  3 months current - Direct Debit - success" name="Then I should login to Salesforce" time="0.0">
    <skipped />
  </testcase>
  <testcase classname="Scenario: Anytime  3 months current - Direct Debit - success" name="When I switch to tab &quot;Opportunities&quot;" time="0.0">
    <skipped />
  </testcase>
  <testcase classname="Scenario: Anytime  3 months current - Direct Debit - success" name="Then I am on page &quot;Opportunities&quot;" time="0.001">
    <skipped />
    <skipped />
  </testcase>
  <testcase classname="Scenario: Anytime  3 months current - Direct Debit - success" name="When I click on button name &quot;go&quot;" time="0.0">
    <skipped />
  </testcase>
  <testcase classname="Scenario: Anytime  3 months current - Direct Debit - success" name="Then I open opportunity" time="0.0">
    <skipped />
  </testcase>
  <testcase classname="Scenario: Anytime  3 months current - Direct Debit - success" name="Then I am on page &quot;Opportunity&quot;" time="0.0">
    <skipped />
  </testcase>
  <testcase classname="Scenario: Anytime  3 months current - Direct Debit - success" name="Then I can see &quot;Site&quot; filled with &quot;Aberdeen&quot;" time="0.0">
    <skipped />
  </testcase>
  <testcase classname="Scenario: Anytime  3 months current - Direct Debit - success" name="Then I can see total is accurate &quot;3&quot;" time="0.0">
    <skipped />
  </testcase>
  <testcase classname="Scenario: Anytime  3 months current - Direct Debit - success" name="Then I can see &quot;Order Reference&quot; filled with &quot;orid&quot;" time="0.0">
    <skipped />
  </testcase>
  <testcase classname="Scenario: Anytime  3 months current - Direct Debit - success" name="Then I can see &quot;Payment Reference&quot; filled with &quot;pay&quot;" time="0.0">
    <skipped />
  </testcase>
  <testcase classname="Scenario: Anytime  3 months current - Direct Debit - success" name="Then I do save" time="0.0">
    <skipped />
  </testcase>
  <testcase classname="junit.framework.TestSuite" name="Scenario: Anytime  3 months current - Direct Debit - success" time="50.607" />
  <testcase classname="Scenario: Off peak  12 months current - Direct Debit - success" name="Given I open the page &quot;waf&quot;" time="0.0" />
  <testcase classname="Scenario: Off peak  12 months current - Direct Debit - success" name="Then I am on page &quot;aber&quot;" time="0.0" />
  <testcase classname="Scenario: Off peak  12 months current - Direct Debit - success" name="When I click text &quot;Off peak&quot;" time="0.0" />
  <testcase classname="Scenario: Off peak  12 months current - Direct Debit - success" name="When I click on basket" time="0.0" />
  <testcase classname="Scenario: Off peak  12 months current - Direct Debit - success" name="Then I wait" time="0.0" />
  <testcase classname="Scenario: Off peak  12 months current - Direct Debit - success" name="Then I get amount value &quot;total&quot;" time="0.0" />
  <testcase classname="Scenario: Off peak  12 months current - Direct Debit - success" name="Then I grab amount &quot;fee&quot;" time="0.0" />
  <testcase classname="Scenario: Off peak  12 months current - Direct Debit - success" name="Then I grab amount &quot;prorata&quot;" time="0.0" />
  <testcase classname="Scenario: Off peak  12 months current - Direct Debit - success" name="Then I get amount &quot;monthly&quot;" time="0.0" />
  <testcase classname="Scenario: Off peak  12 months current - Direct Debit - success" name="Then I check figures &quot;12&quot;" time="0.0" />
  <testcase classname="Scenario: Off peak  12 months current - Direct Debit - success" name="When I press button named &quot;commit&quot;" time="0.0" />
  <testcase classname="Scenario: Off peak  12 months current - Direct Debit - success" name="Then I am on page &quot;aber&quot;" time="0.0" />
  <testcase classname="Scenario: Off peak  12 months current - Direct Debit - success" name="When I select &quot;Mr&quot; in menu &quot;personal_details_form_title&quot;" time="0.0" />
  <testcase classname="Scenario: Off peak  12 months current - Direct Debit - success" name="When I fill &quot;fname&quot; with &quot;David&quot;" time="0.0" />
  <testcase classname="Scenario: Off peak  12 months current - Direct Debit - success" name="When I fill &quot;lname&quot; with &quot;Archer&quot;" time="0.0" />
  <testcase classname="Scenario: Off peak  12 months current - Direct Debit - success" name="When I click on element with id &quot;personal_details_form_date_of_birth_day&quot;" time="0.0" />
  <testcase classname="Scenario: Off peak  12 months current - Direct Debit - success" name="When I set to date &quot;1/2/1947&quot;" time="0.001" />
  <testcase classname="Scenario: Off peak  12 months current - Direct Debit - success" name="When I select &quot;Male&quot; in menu &quot;personal_details_form_gender&quot;" time="0.0" />
  <testcase classname="Scenario: Off peak  12 months current - Direct Debit - success" name="When I fill &quot;housenumber&quot; with &quot;530&quot;" time="0.0" />
  <testcase classname="Scenario: Off peak  12 months current - Direct Debit - success" name="When I fill &quot;postcode&quot; with &quot;BA133BN&quot;" time="0.0" />
  <testcase classname="Scenario: Off peak  12 months current - Direct Debit - success" name="When I click on button name &quot;btn&quot;" time="0.0" />
  <testcase classname="Scenario: Off peak  12 months current - Direct Debit - success" name="When I fill &quot;mail&quot; with &quot;max.karpov@nuffieldhealth.com&quot;" time="0.0" />
  <testcase classname="Scenario: Off peak  12 months current - Direct Debit - success" name="When I fill &quot;emailconfirmation&quot; with &quot;max.karpov@nuffieldhealth.com&quot;" time="0.0" />
  <testcase classname="Scenario: Off peak  12 months current - Direct Debit - success" name="When I fill &quot;phone&quot; with &quot;07482716718&quot;" time="0.0" />
  <testcase classname="Scenario: Off peak  12 months current - Direct Debit - success" name="When I fill &quot;mobile&quot; with &quot;07482716718&quot;" time="0.0" />
  <testcase classname="Scenario: Off peak  12 months current - Direct Debit - success" name="When I click on fieldset element &quot;personal_details_form_unable_to_exercise_no&quot;" time="0.0" />
  <testcase classname="Scenario: Off peak  12 months current - Direct Debit - success" name="Then I wait" time="0.0" />
  <testcase classname="Scenario: Off peak  12 months current - Direct Debit - success" name="When I press button named &quot;commit&quot;" time="0.0" />
  <testcase classname="Scenario: Off peak  12 months current - Direct Debit - success" name="Then I am on page &quot;aber&quot;" time="0.0" />
  <testcase classname="Scenario: Off peak  12 months current - Direct Debit - success" name="When I scroll down" time="0.0" />
  <testcase classname="Scenario: Off peak  12 months current - Direct Debit - success" name="When I click on fieldset element &quot;summary_form_marketing_email&quot;" time="0.0" />
  <testcase classname="Scenario: Off peak  12 months current - Direct Debit - success" name="When I scroll down &quot;900&quot;" time="0.0" />
  <testcase classname="Scenario: Off peak  12 months current - Direct Debit - success" name="When I click on class &quot;form__row form__row--limestone form__custom-check&quot;" time="0.0" />
  <testcase classname="Scenario: Off peak  12 months current - Direct Debit - success" name="When I click on button name &quot;commit&quot;" time="0.0" />
  <testcase classname="Scenario: Off peak  12 months current - Direct Debit - success" name="Then I am on page &quot;aber&quot;" time="0.0" />
  <testcase classname="Scenario: Off peak  12 months current - Direct Debit - success" name="When I click on label &quot;direct_debit_form_confirm&quot;" time="0.0" />
  <testcase classname="Scenario: Off peak  12 months current - Direct Debit - success" name="When I click on button name &quot;commit&quot;" time="0.0" />
  <testcase classname="Scenario: Off peak  12 months current - Direct Debit - success" name="When I fill number field &quot;direct_debit_account_details_form_account_number&quot; with &quot;40308669&quot;" time="0.0" />
  <testcase classname="Scenario: Off peak  12 months current - Direct Debit - success" name="When I fill number field &quot;direct_debit_account_details_form_sort_code_p1&quot; with &quot;56&quot;" time="0.0" />
  <testcase classname="Scenario: Off peak  12 months current - Direct Debit - success" name="When I fill number field &quot;direct_debit_account_details_form_sort_code_p2&quot; with &quot;00&quot;" time="0.0" />
  <testcase classname="Scenario: Off peak  12 months current - Direct Debit - success" name="When I fill number field &quot;direct_debit_account_details_form_sort_code_p3&quot; with &quot;36&quot;" time="0.0" />
  <testcase classname="Scenario: Off peak  12 months current - Direct Debit - success" name="When I fill &quot;holder&quot; with &quot;David Archer&quot;" time="0.0" />
  <testcase classname="Scenario: Off peak  12 months current - Direct Debit - success" name="When I press button named &quot;commit&quot;" time="0.0" />
  <testcase classname="Scenario: Off peak  12 months current - Direct Debit - success" name="Then I am on page &quot;aber&quot;" time="0.001" />
  <testcase classname="Scenario: Off peak  12 months current - Direct Debit - success" name="When I press button named &quot;commit&quot;" time="0.0" />
  <testcase classname="Scenario: Off peak  12 months current - Direct Debit - success" name="Then I am on page &quot;aber&quot;" time="0.0" />
  <testcase classname="Scenario: Off peak  12 months current - Direct Debit - success" name="When I click on &quot;NEXT&quot;" time="0.0" />
  <testcase classname="Scenario: Off peak  12 months current - Direct Debit - success" name="Then I am on page &quot;pay&quot;" time="0.0" />
  <testcase classname="Scenario: Off peak  12 months current - Direct Debit - success" name="Then I wait" time="0.0" />
  <testcase classname="Scenario: Off peak  12 months current - Direct Debit - success" name="When I click on button name &quot;VISA_brand&quot;" time="0.0" />
  <testcase classname="Scenario: Off peak  12 months current - Direct Debit - success" name="When I fill &quot;cardname&quot; with &quot;xyz&quot;" time="0.0" />
  <testcase classname="Scenario: Off peak  12 months current - Direct Debit - success" name="When I fill &quot;cardnumber&quot; with &quot;4111111111111111&quot;" time="0.0" />
  <testcase classname="Scenario: Off peak  12 months current - Direct Debit - success" name="When I select item &quot;2&quot; in menu &quot;Ecom_Payment_Card_ExpDate_Month&quot;" time="0.001" />
  <testcase classname="Scenario: Off peak  12 months current - Direct Debit - success" name="When I select item &quot;2&quot; in menu &quot;Ecom_Payment_Card_ExpDate_Year&quot;" time="0.0" />
  <testcase classname="Scenario: Off peak  12 months current - Direct Debit - success" name="When I fill &quot;cardyear&quot; with &quot;2017&quot;" time="0.0" />
  <testcase classname="Scenario: Off peak  12 months current - Direct Debit - success" name="When I fill &quot;cardcvs&quot; with &quot;737&quot;" time="0.0" />
  <testcase classname="Scenario: Off peak  12 months current - Direct Debit - success" name="When I click on button name &quot;payment&quot;" time="0.0" />
  <testcase classname="Scenario: Off peak  12 months current - Direct Debit - success" name="Then I wait for order id" time="0.0" />
  <testcase classname="Scenario: Off peak  12 months current - Direct Debit - success" name="Given I navigate to salesforce" time="0.0" />
  <testcase classname="Scenario: Off peak  12 months current - Direct Debit - success" name="When I enter Login and Password" time="0.0" />
  <testcase classname="Scenario: Off peak  12 months current - Direct Debit - success" name="Then I should login to Salesforce" time="0.0" />
  <testcase classname="Scenario: Off peak  12 months current - Direct Debit - success" name="When I switch to tab &quot;Opportunities&quot;" time="0.0" />
  <testcase classname="Scenario: Off peak  12 months current - Direct Debit - success" name="Then I am on page &quot;Opportunities&quot;" time="0.0" />
  <testcase classname="Scenario: Off peak  12 months current - Direct Debit - success" name="When I click on button name &quot;go&quot;" time="0.0" />
  <testcase classname="Scenario: Off peak  12 months current - Direct Debit - success" name="Then I am on page &quot;Opportunities&quot;" time="0.0" />
  <testcase classname="Scenario: Off peak  12 months current - Direct Debit - success" name="Then I open opportunity" time="0.0" />
  <testcase classname="Scenario: Off peak  12 months current - Direct Debit - success" name="Then I am on page &quot;Opportunity&quot;" time="0.0" />
  <testcase classname="Scenario: Off peak  12 months current - Direct Debit - success" name="Then I can see &quot;Site&quot; filled with &quot;Aberdeen&quot;" time="0.0" />
  <testcase classname="Scenario: Off peak  12 months current - Direct Debit - success" name="Then I can see total is accurate &quot;12&quot;" time="0.0" />
  <testcase classname="Scenario: Off peak  12 months current - Direct Debit - success" name="Then I can see &quot;Order Reference&quot; filled with &quot;orid&quot;" time="0.0" />
  <testcase classname="Scenario: Off peak  12 months current - Direct Debit - success" name="Then I can see &quot;Payment Reference&quot; filled with &quot;pay&quot;" time="0.0" />
  <testcase classname="Scenario: Off peak  12 months current - Direct Debit - success" name="Then I do save" time="0.0" />
  <testcase classname="junit.framework.TestSuite" name="Scenario: Off peak  12 months current - Direct Debit - success" time="302.771" />
  <testcase classname="Scenario: Offpeak  12 months WB - current date - Direct Debit - success" name="Given I open the page &quot;waf&quot;" time="0.0" />
  <testcase classname="Scenario: Offpeak  12 months WB - current date - Direct Debit - success" name="Then I am on page &quot;aber&quot;" time="0.0" />
  <testcase classname="Scenario: Offpeak  12 months WB - current date - Direct Debit - success" name="When I click text &quot;Off peak&quot;" time="0.0" />
  <testcase classname="Scenario: Offpeak  12 months WB - current date - Direct Debit - success" name="When I click span &quot;12 month minimum commitment with Wellbeing upgrade&quot;" time="0.0" />
  <testcase classname="Scenario: Offpeak  12 months WB - current date - Direct Debit - success" name="When I click span &quot;Monthly&quot;" time="0.0" />
  <testcase classname="Scenario: Offpeak  12 months WB - current date - Direct Debit - success" name="When I click on basket" time="0.0" />
  <testcase classname="Scenario: Offpeak  12 months WB - current date - Direct Debit - success" name="Then I wait" time="0.0" />
  <testcase classname="Scenario: Offpeak  12 months WB - current date - Direct Debit - success" name="Then I get amount value &quot;total&quot;" time="0.0" />
  <testcase classname="Scenario: Offpeak  12 months WB - current date - Direct Debit - success" name="Then I grab amount &quot;fee&quot;" time="0.0" />
  <testcase classname="Scenario: Offpeak  12 months WB - current date - Direct Debit - success" name="Then I grab amount &quot;prorata&quot;" time="0.0" />
  <testcase classname="Scenario: Offpeak  12 months WB - current date - Direct Debit - success" name="Then I get amount &quot;monthly&quot;" time="0.0" />
  <testcase classname="Scenario: Offpeak  12 months WB - current date - Direct Debit - success" name="Then I am on page &quot;aber&quot;" time="0.0" />
  <testcase classname="Scenario: Offpeak  12 months WB - current date - Direct Debit - success" name="Then I check figures &quot;12&quot;" time="0.0" />
  <testcase classname="Scenario: Offpeak  12 months WB - current date - Direct Debit - success" name="When I press button named &quot;commit&quot;" time="0.0" />
  <testcase classname="Scenario: Offpeak  12 months WB - current date - Direct Debit - success" name="Then I am on page &quot;aber&quot;" time="0.0" />
  <testcase classname="Scenario: Offpeak  12 months WB - current date - Direct Debit - success" name="When I select &quot;Mr&quot; in menu &quot;personal_details_form_title&quot;" time="0.0" />
  <testcase classname="Scenario: Offpeak  12 months WB - current date - Direct Debit - success" name="When I fill &quot;fname&quot; with &quot;David&quot;" time="0.0" />
  <testcase classname="Scenario: Offpeak  12 months WB - current date - Direct Debit - success" name="When I fill &quot;lname&quot; with &quot;Archer&quot;" time="0.0" />
  <testcase classname="Scenario: Offpeak  12 months WB - current date - Direct Debit - success" name="When I click on element with id &quot;personal_details_form_date_of_birth_day&quot;" time="0.0" />
  <testcase classname="Scenario: Offpeak  12 months WB - current date - Direct Debit - success" name="When I set to date &quot;1/2/1947&quot;" time="0.0" />
  <testcase classname="Scenario: Offpeak  12 months WB - current date - Direct Debit - success" name="When I select &quot;Male&quot; in menu &quot;personal_details_form_gender&quot;" time="0.0" />
  <testcase classname="Scenario: Offpeak  12 months WB - current date - Direct Debit - success" name="When I fill &quot;housenumber&quot; with &quot;530&quot;" time="0.0" />
  <testcase classname="Scenario: Offpeak  12 months WB - current date - Direct Debit - success" name="When I fill &quot;postcode&quot; with &quot;BA133BN&quot;" time="0.0" />
  <testcase classname="Scenario: Offpeak  12 months WB - current date - Direct Debit - success" name="When I click on button name &quot;btn&quot;" time="0.0" />
  <testcase classname="Scenario: Offpeak  12 months WB - current date - Direct Debit - success" name="When I fill &quot;mail&quot; with &quot;max.karpov@nuffieldhealth.com&quot;" time="0.0" />
  <testcase classname="Scenario: Offpeak  12 months WB - current date - Direct Debit - success" name="When I fill &quot;emailconfirmation&quot; with &quot;max.karpov@nuffieldhealth.com&quot;" time="0.0" />
  <testcase classname="Scenario: Offpeak  12 months WB - current date - Direct Debit - success" name="When I fill &quot;phone&quot; with &quot;07482716718&quot;" time="0.0" />
  <testcase classname="Scenario: Offpeak  12 months WB - current date - Direct Debit - success" name="When I fill &quot;mobile&quot; with &quot;07482716718&quot;" time="0.0" />
  <testcase classname="Scenario: Offpeak  12 months WB - current date - Direct Debit - success" name="When I click on fieldset element &quot;personal_details_form_unable_to_exercise_no&quot;" time="0.0" />
  <testcase classname="Scenario: Offpeak  12 months WB - current date - Direct Debit - success" name="Then I wait" time="0.0" />
  <testcase classname="Scenario: Offpeak  12 months WB - current date - Direct Debit - success" name="When I press button named &quot;commit&quot;" time="0.0" />
  <testcase classname="Scenario: Offpeak  12 months WB - current date - Direct Debit - success" name="Then I am on page &quot;aber&quot;" time="0.0" />
  <testcase classname="Scenario: Offpeak  12 months WB - current date - Direct Debit - success" name="When I scroll down" time="0.0" />
  <testcase classname="Scenario: Offpeak  12 months WB - current date - Direct Debit - success" name="When I click on fieldset element &quot;summary_form_marketing_email&quot;" time="0.0" />
  <testcase classname="Scenario: Offpeak  12 months WB - current date - Direct Debit - success" name="When I scroll down &quot;900&quot;" time="0.0" />
  <testcase classname="Scenario: Offpeak  12 months WB - current date - Direct Debit - success" name="When I click on class &quot;form__row form__row--limestone form__custom-check&quot;" time="0.0" />
  <testcase classname="Scenario: Offpeak  12 months WB - current date - Direct Debit - success" name="When I click on button name &quot;commit&quot;" time="0.0" />
  <testcase classname="Scenario: Offpeak  12 months WB - current date - Direct Debit - success" name="Then I am on page &quot;aber&quot;" time="0.0" />
  <testcase classname="Scenario: Offpeak  12 months WB - current date - Direct Debit - success" name="When I click on label &quot;direct_debit_form_confirm&quot;" time="0.0" />
  <testcase classname="Scenario: Offpeak  12 months WB - current date - Direct Debit - success" name="When I click on button name &quot;commit&quot;" time="0.0" />
  <testcase classname="Scenario: Offpeak  12 months WB - current date - Direct Debit - success" name="When I fill number field &quot;direct_debit_account_details_form_account_number&quot; with &quot;40308669&quot;" time="0.0" />
  <testcase classname="Scenario: Offpeak  12 months WB - current date - Direct Debit - success" name="When I fill number field &quot;direct_debit_account_details_form_sort_code_p1&quot; with &quot;56&quot;" time="0.0" />
  <testcase classname="Scenario: Offpeak  12 months WB - current date - Direct Debit - success" name="When I fill number field &quot;direct_debit_account_details_form_sort_code_p2&quot; with &quot;00&quot;" time="0.0" />
  <testcase classname="Scenario: Offpeak  12 months WB - current date - Direct Debit - success" name="When I fill number field &quot;direct_debit_account_details_form_sort_code_p3&quot; with &quot;36&quot;" time="0.0" />
  <testcase classname="Scenario: Offpeak  12 months WB - current date - Direct Debit - success" name="When I fill &quot;holder&quot; with &quot;David Archer&quot;" time="0.0" />
  <testcase classname="Scenario: Offpeak  12 months WB - current date - Direct Debit - success" name="When I press button named &quot;commit&quot;" time="0.0" />
  <testcase classname="Scenario: Offpeak  12 months WB - current date - Direct Debit - success" name="Then I am on page &quot;aber&quot;" time="0.0" />
  <testcase classname="Scenario: Offpeak  12 months WB - current date - Direct Debit - success" name="When I press button named &quot;commit&quot;" time="0.0" />
  <testcase classname="Scenario: Offpeak  12 months WB - current date - Direct Debit - success" name="Then I am on page &quot;aber&quot;" time="0.0" />
  <testcase classname="Scenario: Offpeak  12 months WB - current date - Direct Debit - success" name="When I click on &quot;NEXT&quot;" time="0.0" />
  <testcase classname="Scenario: Offpeak  12 months WB - current date - Direct Debit - success" name="Then I am on page &quot;pay&quot;" time="0.0" />
  <testcase classname="Scenario: Offpeak  12 months WB - current date - Direct Debit - success" name="Then I wait" time="0.0" />
  <testcase classname="Scenario: Offpeak  12 months WB - current date - Direct Debit - success" name="When I click on button name &quot;VISA_brand&quot;" time="0.0" />
  <testcase classname="Scenario: Offpeak  12 months WB - current date - Direct Debit - success" name="When I fill &quot;cardname&quot; with &quot;xyz&quot;" time="0.0" />
  <testcase classname="Scenario: Offpeak  12 months WB - current date - Direct Debit - success" name="When I fill &quot;cardnumber&quot; with &quot;4111111111111111&quot;" time="0.0" />
  <testcase classname="Scenario: Offpeak  12 months WB - current date - Direct Debit - success" name="When I select item &quot;2&quot; in menu &quot;Ecom_Payment_Card_ExpDate_Month&quot;" time="0.0" />
  <testcase classname="Scenario: Offpeak  12 months WB - current date - Direct Debit - success" name="When I select item &quot;2&quot; in menu &quot;Ecom_Payment_Card_ExpDate_Year&quot;" time="0.0" />
  <testcase classname="Scenario: Offpeak  12 months WB - current date - Direct Debit - success" name="When I fill &quot;cardyear&quot; with &quot;2017&quot;" time="0.0" />
  <testcase classname="Scenario: Offpeak  12 months WB - current date - Direct Debit - success" name="When I fill &quot;cardcvs&quot; with &quot;737&quot;" time="0.0" />
  <testcase classname="Scenario: Offpeak  12 months WB - current date - Direct Debit - success" name="When I click on button name &quot;payment&quot;" time="0.0" />
  <testcase classname="Scenario: Offpeak  12 months WB - current date - Direct Debit - success" name="Then I wait for order id" time="0.0" />
  <testcase classname="Scenario: Offpeak  12 months WB - current date - Direct Debit - success" name="Given I navigate to salesforce" time="0.0" />
  <testcase classname="Scenario: Offpeak  12 months WB - current date - Direct Debit - success" name="When I enter Login and Password" time="0.0" />
  <testcase classname="Scenario: Offpeak  12 months WB - current date - Direct Debit - success" name="Then I should login to Salesforce" time="0.0" />
  <testcase classname="Scenario: Offpeak  12 months WB - current date - Direct Debit - success" name="When I switch to tab &quot;Opportunities&quot;" time="0.0" />
  <testcase classname="Scenario: Offpeak  12 months WB - current date - Direct Debit - success" name="Then I am on page &quot;Opportunities&quot;" time="0.0" />
  <testcase classname="Scenario: Offpeak  12 months WB - current date - Direct Debit - success" name="When I click on button name &quot;go&quot;" time="0.0" />
  <testcase classname="Scenario: Offpeak  12 months WB - current date - Direct Debit - success" name="Then I am on page &quot;Opportunities&quot;" time="0.0" />
  <testcase classname="Scenario: Offpeak  12 months WB - current date - Direct Debit - success" name="Then I open opportunity" time="0.0" />
  <testcase classname="Scenario: Offpeak  12 months WB - current date - Direct Debit - success" name="Then I am on page &quot;Opportunity&quot;" time="0.0" />
  <testcase classname="Scenario: Offpeak  12 months WB - current date - Direct Debit - success" name="Then I can see &quot;Site&quot; filled with &quot;Aberdeen&quot;" time="0.0" />
  <testcase classname="Scenario: Offpeak  12 months WB - current date - Direct Debit - success" name="Then I can see total is accurate &quot;12&quot;" time="0.0" />
  <testcase classname="Scenario: Offpeak  12 months WB - current date - Direct Debit - success" name="Then I can see &quot;Order Reference&quot; filled with &quot;orid&quot;" time="0.0" />
  <testcase classname="Scenario: Offpeak  12 months WB - current date - Direct Debit - success" name="Then I can see &quot;Payment Reference&quot; filled with &quot;pay&quot;" time="0.0" />
  <testcase classname="Scenario: Offpeak  12 months WB - current date - Direct Debit - success" name="Then I do save" time="0.0" />
  <testcase classname="junit.framework.TestSuite" name="Scenario: Offpeak  12 months WB - current date - Direct Debit - success" time="277.169" />
  <testcase classname="Scenario: Offpeak  3 months current - Direct Debit - success" name="Given I open the page &quot;waf&quot;" time="0.0" />
  <testcase classname="Scenario: Offpeak  3 months current - Direct Debit - success" name="Then I am on page &quot;aber&quot;" time="0.0" />
  <testcase classname="Scenario: Offpeak  3 months current - Direct Debit - success" name="When I click text &quot;Off peak&quot;" time="0.0" />
  <testcase classname="Scenario: Offpeak  3 months current - Direct Debit - success" name="When I click span &quot;3 month minimum commitment&quot;" time="0.0" />
  <testcase classname="Scenario: Offpeak  3 months current - Direct Debit - success" name="When I click on basket" time="0.0" />
  <testcase classname="Scenario: Offpeak  3 months current - Direct Debit - success" name="Then I wait" time="0.0" />
  <testcase classname="Scenario: Offpeak  3 months current - Direct Debit - success" name="Then I get amount value &quot;total&quot;" time="0.0" />
  <testcase classname="Scenario: Offpeak  3 months current - Direct Debit - success" name="Then I grab amount &quot;fee&quot;" time="0.0" />
  <testcase classname="Scenario: Offpeak  3 months current - Direct Debit - success" name="Then I grab amount &quot;prorata&quot;" time="0.0" />
  <testcase classname="Scenario: Offpeak  3 months current - Direct Debit - success" name="Then I get amount &quot;monthly&quot;" time="0.0" />
  <testcase classname="Scenario: Offpeak  3 months current - Direct Debit - success" name="Then I am on page &quot;aber&quot;" time="0.0" />
  <testcase classname="Scenario: Offpeak  3 months current - Direct Debit - success" name="Then I check figures &quot;3&quot;" time="0.0" />
  <testcase classname="Scenario: Offpeak  3 months current - Direct Debit - success" name="When I press button named &quot;commit&quot;" time="0.0" />
  <testcase classname="Scenario: Offpeak  3 months current - Direct Debit - success" name="Then I am on page &quot;aber&quot;" time="0.0" />
  <testcase classname="Scenario: Offpeak  3 months current - Direct Debit - success" name="When I select &quot;Mr&quot; in menu &quot;personal_details_form_title&quot;" time="0.0" />
  <testcase classname="Scenario: Offpeak  3 months current - Direct Debit - success" name="When I fill &quot;fname&quot; with &quot;David&quot;" time="0.0" />
  <testcase classname="Scenario: Offpeak  3 months current - Direct Debit - success" name="When I fill &quot;lname&quot; with &quot;Archer&quot;" time="0.0" />
  <testcase classname="Scenario: Offpeak  3 months current - Direct Debit - success" name="When I click on element with id &quot;personal_details_form_date_of_birth_day&quot;" time="0.0" />
  <testcase classname="Scenario: Offpeak  3 months current - Direct Debit - success" name="When I set to date &quot;1/2/1947&quot;" time="0.0" />
  <testcase classname="Scenario: Offpeak  3 months current - Direct Debit - success" name="When I select &quot;Male&quot; in menu &quot;personal_details_form_gender&quot;" time="0.0" />
  <testcase classname="Scenario: Offpeak  3 months current - Direct Debit - success" name="When I fill &quot;housenumber&quot; with &quot;530&quot;" time="0.0" />
  <testcase classname="Scenario: Offpeak  3 months current - Direct Debit - success" name="When I fill &quot;postcode&quot; with &quot;BA133BN&quot;" time="0.0" />
  <testcase classname="Scenario: Offpeak  3 months current - Direct Debit - success" name="When I click on button name &quot;btn&quot;" time="0.0" />
  <testcase classname="Scenario: Offpeak  3 months current - Direct Debit - success" name="When I fill &quot;mail&quot; with &quot;max.karpov@nuffieldhealth.com&quot;" time="0.0" />
  <testcase classname="Scenario: Offpeak  3 months current - Direct Debit - success" name="When I fill &quot;emailconfirmation&quot; with &quot;max.karpov@nuffieldhealth.com&quot;" time="0.0" />
  <testcase classname="Scenario: Offpeak  3 months current - Direct Debit - success" name="When I fill &quot;phone&quot; with &quot;07482716718&quot;" time="0.0" />
  <testcase classname="Scenario: Offpeak  3 months current - Direct Debit - success" name="When I fill &quot;mobile&quot; with &quot;07482716718&quot;" time="0.0" />
  <testcase classname="Scenario: Offpeak  3 months current - Direct Debit - success" name="When I click on fieldset element &quot;personal_details_form_unable_to_exercise_no&quot;" time="0.0" />
  <testcase classname="Scenario: Offpeak  3 months current - Direct Debit - success" name="When I press button named &quot;commit&quot;" time="0.0" />
  <testcase classname="Scenario: Offpeak  3 months current - Direct Debit - success" name="Then I am on page &quot;aber&quot;" time="0.0" />
  <testcase classname="Scenario: Offpeak  3 months current - Direct Debit - success" name="When I scroll down" time="0.0" />
  <testcase classname="Scenario: Offpeak  3 months current - Direct Debit - success" name="When I click on fieldset element &quot;summary_form_marketing_email&quot;" time="0.0" />
  <testcase classname="Scenario: Offpeak  3 months current - Direct Debit - success" name="When I scroll down &quot;900&quot;" time="0.0" />
  <testcase classname="Scenario: Offpeak  3 months current - Direct Debit - success" name="When I click on class &quot;form__row form__row--limestone form__custom-check&quot;" time="0.0" />
  <testcase classname="Scenario: Offpeak  3 months current - Direct Debit - success" name="Then I wait" time="0.0" />
  <testcase classname="Scenario: Offpeak  3 months current - Direct Debit - success" name="When I click on button name &quot;commit&quot;" time="0.0" />
  <testcase classname="Scenario: Offpeak  3 months current - Direct Debit - success" name="Then I am on page &quot;aber&quot;" time="0.01" />
  <testcase classname="Scenario: Offpeak  3 months current - Direct Debit - success" name="When I click on label &quot;direct_debit_form_confirm&quot;" time="0.0" />
  <testcase classname="Scenario: Offpeak  3 months current - Direct Debit - success" name="When I click on button name &quot;commit&quot;" time="0.0" />
  <testcase classname="Scenario: Offpeak  3 months current - Direct Debit - success" name="When I fill number field &quot;direct_debit_account_details_form_account_number&quot; with &quot;40308669&quot;" time="0.0" />
  <testcase classname="Scenario: Offpeak  3 months current - Direct Debit - success" name="When I fill number field &quot;direct_debit_account_details_form_sort_code_p1&quot; with &quot;56&quot;" time="0.0" />
  <testcase classname="Scenario: Offpeak  3 months current - Direct Debit - success" name="When I fill number field &quot;direct_debit_account_details_form_sort_code_p2&quot; with &quot;00&quot;" time="0.0" />
  <testcase classname="Scenario: Offpeak  3 months current - Direct Debit - success" name="When I fill number field &quot;direct_debit_account_details_form_sort_code_p3&quot; with &quot;36&quot;" time="0.0" />
  <testcase classname="Scenario: Offpeak  3 months current - Direct Debit - success" name="When I fill &quot;holder&quot; with &quot;David Archer&quot;" time="0.0" />
  <testcase classname="Scenario: Offpeak  3 months current - Direct Debit - success" name="When I press button named &quot;commit&quot;" time="0.0" />
  <testcase classname="Scenario: Offpeak  3 months current - Direct Debit - success" name="Then I am on page &quot;aber&quot;" time="0.0" />
  <testcase classname="Scenario: Offpeak  3 months current - Direct Debit - success" name="When I press button named &quot;commit&quot;" time="0.0" />
  <testcase classname="Scenario: Offpeak  3 months current - Direct Debit - success" name="Then I am on page &quot;aber&quot;" time="0.0" />
  <testcase classname="Scenario: Offpeak  3 months current - Direct Debit - success" name="When I click on &quot;NEXT&quot;" time="0.0" />
  <testcase classname="Scenario: Offpeak  3 months current - Direct Debit - success" name="Then I am on page &quot;pay&quot;" time="0.001" />
  <testcase classname="Scenario: Offpeak  3 months current - Direct Debit - success" name="When I click on button name &quot;VISA_brand&quot;" time="0.0" />
  <testcase classname="Scenario: Offpeak  3 months current - Direct Debit - success" name="When I fill &quot;cardname&quot; with &quot;xyz&quot;" time="0.0" />
  <testcase classname="Scenario: Offpeak  3 months current - Direct Debit - success" name="When I fill &quot;cardnumber&quot; with &quot;4111111111111111&quot;" time="0.0" />
  <testcase classname="Scenario: Offpeak  3 months current - Direct Debit - success" name="When I select item &quot;2&quot; in menu &quot;Ecom_Payment_Card_ExpDate_Month&quot;" time="0.0" />
  <testcase classname="Scenario: Offpeak  3 months current - Direct Debit - success" name="When I select item &quot;2&quot; in menu &quot;Ecom_Payment_Card_ExpDate_Year&quot;" time="0.0" />
  <testcase classname="Scenario: Offpeak  3 months current - Direct Debit - success" name="When I fill &quot;cardyear&quot; with &quot;2017&quot;" time="0.0" />
  <testcase classname="Scenario: Offpeak  3 months current - Direct Debit - success" name="When I fill &quot;cardcvs&quot; with &quot;737&quot;" time="0.0" />
  <testcase classname="Scenario: Offpeak  3 months current - Direct Debit - success" name="When I click on button name &quot;payment&quot;" time="0.0" />
  <testcase classname="Scenario: Offpeak  3 months current - Direct Debit - success" name="Then I wait for order id" time="0.0" />
  <testcase classname="Scenario: Offpeak  3 months current - Direct Debit - success" name="Given I navigate to salesforce" time="0.0" />
  <testcase classname="Scenario: Offpeak  3 months current - Direct Debit - success" name="When I enter Login and Password" time="0.0" />
  <testcase classname="Scenario: Offpeak  3 months current - Direct Debit - success" name="Then I should login to Salesforce" time="0.0" />
  <testcase classname="Scenario: Offpeak  3 months current - Direct Debit - success" name="When I switch to tab &quot;Opportunities&quot;" time="0.0" />
  <testcase classname="Scenario: Offpeak  3 months current - Direct Debit - success" name="Then I am on page &quot;Opportunities&quot;" time="0.0" />
  <testcase classname="Scenario: Offpeak  3 months current - Direct Debit - success" name="When I click on button name &quot;go&quot;" time="0.0" />
  <testcase classname="Scenario: Offpeak  3 months current - Direct Debit - success" name="Then I am on page &quot;Opportunities&quot;" time="0.0" />
  <testcase classname="Scenario: Offpeak  3 months current - Direct Debit - success" name="Then I open opportunity" time="0.0" />
  <testcase classname="Scenario: Offpeak  3 months current - Direct Debit - success" name="Then I am on page &quot;Opportunity&quot;" time="0.0" />
  <testcase classname="Scenario: Offpeak  3 months current - Direct Debit - success" name="Then I can see &quot;Site&quot; filled with &quot;Aberdeen&quot;" time="0.0" />
  <testcase classname="Scenario: Offpeak  3 months current - Direct Debit - success" name="Then I can see total is accurate &quot;3&quot;" time="0.0" />
  <testcase classname="Scenario: Offpeak  3 months current - Direct Debit - success" name="Then I can see &quot;Order Reference&quot; filled with &quot;orid&quot;" time="0.0" />
  <testcase classname="Scenario: Offpeak  3 months current - Direct Debit - success" name="Then I can see &quot;Payment Reference&quot; filled with &quot;pay&quot;" time="0.0" />
  <testcase classname="Scenario: Offpeak  3 months current - Direct Debit - success" name="Then I do save" time="0.0" />
  <testcase classname="junit.framework.TestSuite" name="Scenario: Offpeak  3 months current - Direct Debit - success" time="278.584" />
  <system-out><![CDATA[ready?
null
Error was captured in field membership amount 35.62does not match due 35.61. Continue?
null
Error was captured in field total to pay today 126.5does not match 55.5. Continue?
null

[31mFailed scenarios:[0m
[31msrc/test/olj.feature:3 [0m# Scenario: Anytime  12 months current - One Time Payment - success
[31msrc/test/olj.feature:221 [0m# Scenario: Off peak -  12 months current - One Time Payment - success
[31msrc/test/olj.feature:294 [0m# Scenario: Off Peak  12 months Wellbeing current - One Time Payment - success
[31msrc/test/olj.feature:364 [0m# Scenario: Anytime  12 months current - Direct Debit - success
[31msrc/test/olj.feature:442 [0m# Scenario: Anytime  12 months WB - current date - Direct Debit - success
[31msrc/test/olj.feature:523 [0m# Scenario: Anytime  3 months current - Direct Debit - success

11 Scenarios ([31m6 failed[0m, [32m5 passed[0m)
737 Steps ([31m6 failed[0m, [36m249 skipped[0m, [32m482 passed[0m)
33m2.720s

org.openqa.selenium.NoSuchElementException: Unable to locate element: {"method":"id","selector":"Ecom_Payment_Card_ExpDate_Month"}
Command duration or timeout: 20 milliseconds
For documentation on this error, please visit: http://seleniumhq.org/exceptions/no_such_element.html
Build info: version: '2.53.1', revision: 'a36b8b1cd5757287168e54b817830adce9b0158d', time: '2016-06-30 19:26:09'
System info: host: 'NUFLCNU417CBJ1', ip: '10.252.0.43', os.name: 'Windows 7', os.arch: 'amd64', os.version: '6.1', java.version: '1.8.0_65'
Driver info: org.openqa.selenium.firefox.FirefoxDriver
Capabilities [{applicationCacheEnabled=true, rotatable=false, handlesAlerts=true, databaseEnabled=true, version=47.0.1, platform=WINDOWS, nativeEvents=false, acceptSslCerts=true, webStorageEnabled=true, locationContextEnabled=true, browserName=firefox, takesScreenshot=true, javascriptEnabled=true, cssSelectorsEnabled=true}]
Session ID: ed856127-fa79-41cb-ac53-a154c013f6bd
*** Element info: {Using=id, value=Ecom_Payment_Card_ExpDate_Month}
	at sun.reflect.NativeConstructorAccessorImpl.newInstance0(Native Method)
	at sun.reflect.NativeConstructorAccessorImpl.newInstance(NativeConstructorAccessorImpl.java:62)
	at sun.reflect.DelegatingConstructorAccessorImpl.newInstance(DelegatingConstructorAccessorImpl.java:45)
	at java.lang.reflect.Constructor.newInstance(Constructor.java:422)
	at org.openqa.selenium.remote.ErrorHandler.createThrowable(ErrorHandler.java:206)
	at org.openqa.selenium.remote.ErrorHandler.throwIfResponseFailed(ErrorHandler.java:158)
	at org.openqa.selenium.remote.RemoteWebDriver.execute(RemoteWebDriver.java:678)
	at org.openqa.selenium.remote.RemoteWebDriver.findElement(RemoteWebDriver.java:363)
	at org.openqa.selenium.remote.RemoteWebDriver.findElementById(RemoteWebDriver.java:413)
	at org.openqa.selenium.By$ById.findElement(By.java:218)
	at org.openqa.selenium.remote.RemoteWebDriver.findElement(RemoteWebDriver.java:355)
	at LoginTest.When_I_select_item_in_menu(LoginTest.java:2525)
	at ?.When I select item "2" in menu "Ecom_Payment_Card_ExpDate_Month"(src/test/olj.feature:47)
Caused by: org.openqa.selenium.NoSuchElementException: Unable to locate element: {"method":"id","selector":"Ecom_Payment_Card_ExpDate_Month"}
For documentation on this error, please visit: http://seleniumhq.org/exceptions/no_such_element.html
Build info: version: '2.53.1', revision: 'a36b8b1cd5757287168e54b817830adce9b0158d', time: '2016-06-30 19:26:09'
System info: host: 'NUFLCNU417CBJ1', ip: '10.252.0.43', os.name: 'Windows 7', os.arch: 'amd64', os.version: '6.1', java.version: '1.8.0_65'
Driver info: driver.version: unknown
	at <anonymous class>.FirefoxDriver.prototype.findElementInternal_(file:///C:/Users/maxkarpov/AppData/Local/Temp/anonymous8143952084288836662webdriver-profile/extensions/fxdriver@googlecode.com/components/driver-component.js:10770)
	at <anonymous class>.FirefoxDriver.prototype.findElement(file:///C:/Users/maxkarpov/AppData/Local/Temp/anonymous8143952084288836662webdriver-profile/extensions/fxdriver@googlecode.com/components/driver-component.js:10779)
	at <anonymous class>.DelayedCommand.prototype.executeInternal_/h(file:///C:/Users/maxkarpov/AppData/Local/Temp/anonymous8143952084288836662webdriver-profile/extensions/fxdriver@googlecode.com/components/command-processor.js:12661)
	at <anonymous class>.DelayedCommand.prototype.executeInternal_(file:///C:/Users/maxkarpov/AppData/Local/Temp/anonymous8143952084288836662webdriver-profile/extensions/fxdriver@googlecode.com/components/command-processor.js:12666)
	at <anonymous class>.DelayedCommand.prototype.execute/<(file:///C:/Users/maxkarpov/AppData/Local/Temp/anonymous8143952084288836662webdriver-profile/extensions/fxdriver@googlecode.com/components/command-processor.js:12608)

org.openqa.selenium.WebDriverException: Failed to connect to binary FirefoxBinary(C:\NB\firefox-sdk\bin\firefox.exe) on port 7055; process output follows: 

Build info: version: '2.53.1', revision: 'a36b8b1cd5757287168e54b817830adce9b0158d', time: '2016-06-30 19:26:09'
System info: host: 'NUFLCNU417CBJ1', ip: '10.252.0.43', os.name: 'Windows 7', os.arch: 'amd64', os.version: '6.1', java.version: '1.8.0_65'
Driver info: driver.version: FirefoxDriver
	at org.openqa.selenium.firefox.internal.NewProfileExtensionConnection.start(NewProfileExtensionConnection.java:125)
	at org.openqa.selenium.firefox.FirefoxDriver.startClient(FirefoxDriver.java:271)
	at org.openqa.selenium.remote.RemoteWebDriver.<init>(RemoteWebDriver.java:119)
	at org.openqa.selenium.firefox.FirefoxDriver.<init>(FirefoxDriver.java:216)
	at org.openqa.selenium.firefox.FirefoxDriver.<init>(FirefoxDriver.java:211)
	at org.openqa.selenium.firefox.FirefoxDriver.<init>(FirefoxDriver.java:207)
	at LoginTest.i_open_the_page(LoginTest.java:137)
	at ?.Given I open the page "waf"(src/test/olj.feature:223)
Caused by: org.openqa.selenium.firefox.NotConnectedException: Unable to connect to host 127.0.0.1 on port 7055 after 45000 ms. Firefox console output:

	at org.openqa.selenium.firefox.internal.NewProfileExtensionConnection.start(NewProfileExtensionConnection.java:113)
	at org.openqa.selenium.firefox.FirefoxDriver.startClient(FirefoxDriver.java:271)
	at org.openqa.selenium.remote.RemoteWebDriver.<init>(RemoteWebDriver.java:119)
	at org.openqa.selenium.firefox.FirefoxDriver.<init>(FirefoxDriver.java:216)
	at org.openqa.selenium.firefox.FirefoxDriver.<init>(FirefoxDriver.java:211)
	at org.openqa.selenium.firefox.FirefoxDriver.<init>(FirefoxDriver.java:207)
	at LoginTest.i_open_the_page(LoginTest.java:137)
	at sun.reflect.NativeMethodAccessorImpl.invoke0(Native Method)
	at sun.reflect.NativeMethodAccessorImpl.invoke(NativeMethodAccessorImpl.java:62)
	at sun.reflect.DelegatingMethodAccessorImpl.invoke(DelegatingMethodAccessorImpl.java:43)
	at java.lang.reflect.Method.invoke(Method.java:497)
	at cucumber.runtime.Utils$1.call(Utils.java:37)
	at cucumber.runtime.Timeout.timeout(Timeout.java:13)
	at cucumber.runtime.Utils.invoke(Utils.java:31)
	at cucumber.runtime.java.JavaStepDefinition.execute(JavaStepDefinition.java:38)
	at cucumber.runtime.StepDefinitionMatch.runStep(StepDefinitionMatch.java:37)
	at cucumber.runtime.Runtime.runStep(Runtime.java:299)
	at cucumber.runtime.model.StepContainer.runStep(StepContainer.java:44)
	at cucumber.runtime.model.StepContainer.runSteps(StepContainer.java:39)
	at cucumber.runtime.model.CucumberScenario.run(CucumberScenario.java:44)
	at cucumber.runtime.junit.ExecutionUnitRunner.run(ExecutionUnitRunner.java:91)
	at cucumber.runtime.junit.FeatureRunner.runChild(FeatureRunner.java:63)
	at cucumber.runtime.junit.FeatureRunner.runChild(FeatureRunner.java:18)
	at org.junit.runners.ParentRunner$3.run(ParentRunner.java:290)
	at org.junit.runners.ParentRunner$1.schedule(ParentRunner.java:71)
	at org.junit.runners.ParentRunner.runChildren(ParentRunner.java:288)
	at org.junit.runners.ParentRunner.access$000(ParentRunner.java:58)
	at org.junit.runners.ParentRunner$2.evaluate(ParentRunner.java:268)
	at org.junit.runners.ParentRunner.run(ParentRunner.java:363)
	at cucumber.runtime.junit.FeatureRunner.run(FeatureRunner.java:70)
	at cucumber.api.junit.Cucumber.runChild(Cucumber.java:93)
	at cucumber.api.junit.Cucumber.runChild(Cucumber.java:37)
	at org.junit.runners.ParentRunner$3.run(ParentRunner.java:290)
	at org.junit.runners.ParentRunner$1.schedule(ParentRunner.java:71)
	at org.junit.runners.ParentRunner.runChildren(ParentRunner.java:288)
	at org.junit.runners.ParentRunner.access$000(ParentRunner.java:58)
	at org.junit.runners.ParentRunner$2.evaluate(ParentRunner.java:268)
	at org.junit.runners.ParentRunner.run(ParentRunner.java:363)
	at cucumber.api.junit.Cucumber.run(Cucumber.java:98)
	at junit.framework.JUnit4TestAdapter.run(JUnit4TestAdapter.java:38)
	at org.apache.tools.ant.taskdefs.optional.junit.JUnitTestRunner.run(JUnitTestRunner.java:535)
	at org.apache.tools.ant.taskdefs.optional.junit.JUnitTestRunner.launch(JUnitTestRunner.java:1182)
	at org.apache.tools.ant.taskdefs.optional.junit.JUnitTestRunner.main(JUnitTestRunner.java:1033)

org.openqa.selenium.WebDriverException: Failed to connect to binary FirefoxBinary(C:\NB\firefox-sdk\bin\firefox.exe) on port 7055; process output follows: 
pdating XPIState for {"id":"{972ce4c6-7e08-4474-a285-3208198ce6fd}","syncGUID":"6VspclCdmIGo","location":"app-global","version":"47.0.1","type":"theme","internalName":"classic/1.0","updateURL":null,"updateKey":null,"optionsURL":null,"optionsType":null,"aboutURL":null,"icons":{"32":"icon.png","48":"icon.png"},"iconURL":null,"icon64URL":null,"defaultLocale":{"name":"Default","description":"The default theme.","creator":"Mozilla","homepageURL":null,"contributors":["Mozilla Contributors"]},"visible":true,"active":true,"userDisabled":false,"appDisabled":false,"descriptor":"C:\\NB\\firefox-sdk\\bin\\browser\\extensions\\{972ce4c6-7e08-4474-a285-3208198ce6fd}.xpi","installDate":1262300400000,"updateDate":1262300400000,"applyBackgroundUpdates":1,"skinnable":true,"size":22012,"sourceURI":null,"releaseNotesURI":null,"softDisabled":false,"foreignInstall":false,"hasBinaryComponents":false,"strictCompatibility":true,"locales":[],"targetApplications":[{"id":"{ec8030f7-c20a-464f-9b0e-13a3a9e97384}","minVersion":"47.0.1","maxVersion":"47.0.1"}],"targetPlatforms":[],"seen":true}
1474033787639	addons.xpi	DEBUG	getModTime: Recursive scan of {972ce4c6-7e08-4474-a285-3208198ce6fd}
1474033787640	DeferredSave.extensions.json	DEBUG	Save changes
1474033787640	addons.xpi	DEBUG	Updating database with changes to installed add-ons
1474033787640	addons.xpi-utils	DEBUG	Updating add-on states
1474033787641	addons.xpi-utils	DEBUG	Writing add-ons list
1474033787663	addons.xpi	DEBUG	Registering manifest for C:\NB\firefox-sdk\bin\browser\features\e10srollout@mozilla.org.xpi
1474033787664	addons.xpi	DEBUG	Calling bootstrap method startup on e10srollout@mozilla.org version 1.0
1474033787664	addons.xpi	DEBUG	Registering manifest for C:\NB\firefox-sdk\bin\browser\features\firefox@getpocket.com.xpi
1474033787665	addons.xpi	DEBUG	Calling bootstrap method startup on firefox@getpocket.com version 1.0.2
1474033787665	addons.xpi	DEBUG	Registering manifest for C:\NB\firefox-sdk\bin\browser\features\loop@mozilla.org.xpi
1474033787666	addons.xpi	DEBUG	Calling bootstrap method startup on loop@mozilla.org version 1.3.2
1474033787685	addons.manager	DEBUG	Registering shutdown blocker for XPIProvider
1474033787686	addons.manager	DEBUG	Provider finished startup: XPIProvider
1474033787686	addons.manager	DEBUG	Starting provider: LightweightThemeManager
1474033787686	addons.manager	DEBUG	Registering shutdown blocker for LightweightThemeManager
1474033787686	addons.manager	DEBUG	Provider finished startup: LightweightThemeManager
1474033787686	addons.manager	DEBUG	Starting provider: GMPProvider
1474033787694	addons.manager	DEBUG	Registering shutdown blocker for GMPProvider
1474033787694	addons.manager	DEBUG	Provider finished startup: GMPProvider
1474033787694	addons.manager	DEBUG	Starting provider: PluginProvider
1474033787694	addons.manager	DEBUG	Registering shutdown blocker for PluginProvider
1474033787695	addons.manager	DEBUG	Provider finished startup: PluginProvider
1474033787695	addons.manager	DEBUG	Completed startup sequence
1474033793841	addons.manager	DEBUG	Starting provider: <unnamed-provider>
1474033793841	addons.manager	DEBUG	Registering shutdown blocker for <unnamed-provider>
1474033793842	addons.manager	DEBUG	Provider finished startup: <unnamed-provider>
1474033793843	DeferredSave.extensions.json	DEBUG	Starting write
1474033806247	addons.repository	DEBUG	No addons.json found.
1474033806248	DeferredSave.addons.json	DEBUG	Save changes
1474033806290	DeferredSave.addons.json	DEBUG	Starting timer
1474033807033	addons.manager	DEBUG	Starting provider: PreviousExperimentProvider
1474033807033	addons.manager	DEBUG	Registering shutdown blocker for PreviousExperimentProvider
1474033807034	addons.manager	DEBUG	Provider finished startup: PreviousExperimentProvider
1474033807041	DeferredSave.extensions.json	DEBUG	Write succeeded
1474033807042	addons.xpi-utils	DEBUG	XPI Database saved, setting schema version preference to 17
1474033807043	DeferredSave.addons.json	DEBUG	Starting write
1474033808023	DeferredSave.addons.json	DEBUG	Write succeeded

Build info: version: '2.53.1', revision: 'a36b8b1cd5757287168e54b817830adce9b0158d', time: '2016-06-30 19:26:09'
System info: host: 'NUFLCNU417CBJ1', ip: '10.252.0.43', os.name: 'Windows 7', os.arch: 'amd64', os.version: '6.1', java.version: '1.8.0_65'
Driver info: driver.version: FirefoxDriver
	at org.openqa.selenium.firefox.internal.NewProfileExtensionConnection.start(NewProfileExtensionConnection.java:125)
	at org.openqa.selenium.firefox.FirefoxDriver.startClient(FirefoxDriver.java:271)
	at org.openqa.selenium.remote.RemoteWebDriver.<init>(RemoteWebDriver.java:119)
	at org.openqa.selenium.firefox.FirefoxDriver.<init>(FirefoxDriver.java:216)
	at org.openqa.selenium.firefox.FirefoxDriver.<init>(FirefoxDriver.java:211)
	at org.openqa.selenium.firefox.FirefoxDriver.<init>(FirefoxDriver.java:207)
	at LoginTest.i_open_the_page(LoginTest.java:137)
	at ?.Given I open the page "waf"(src/test/olj.feature:296)
Caused by: org.openqa.selenium.firefox.NotConnectedException: Unable to connect to host 127.0.0.1 on port 7055 after 45000 ms. Firefox console output:
pdating XPIState for {"id":"{972ce4c6-7e08-4474-a285-3208198ce6fd}","syncGUID":"6VspclCdmIGo","location":"app-global","version":"47.0.1","type":"theme","internalName":"classic/1.0","updateURL":null,"updateKey":null,"optionsURL":null,"optionsType":null,"aboutURL":null,"icons":{"32":"icon.png","48":"icon.png"},"iconURL":null,"icon64URL":null,"defaultLocale":{"name":"Default","description":"The default theme.","creator":"Mozilla","homepageURL":null,"contributors":["Mozilla Contributors"]},"visible":true,"active":true,"userDisabled":false,"appDisabled":false,"descriptor":"C:\\NB\\firefox-sdk\\bin\\browser\\extensions\\{972ce4c6-7e08-4474-a285-3208198ce6fd}.xpi","installDate":1262300400000,"updateDate":1262300400000,"applyBackgroundUpdates":1,"skinnable":true,"size":22012,"sourceURI":null,"releaseNotesURI":null,"softDisabled":false,"foreignInstall":false,"hasBinaryComponents":false,"strictCompatibility":true,"locales":[],"targetApplications":[{"id":"{ec8030f7-c20a-464f-9b0e-13a3a9e97384}","minVersion":"47.0.1","maxVersion":"47.0.1"}],"targetPlatforms":[],"seen":true}
1474033787639	addons.xpi	DEBUG	getModTime: Recursive scan of {972ce4c6-7e08-4474-a285-3208198ce6fd}
1474033787640	DeferredSave.extensions.json	DEBUG	Save changes
1474033787640	addons.xpi	DEBUG	Updating database with changes to installed add-ons
1474033787640	addons.xpi-utils	DEBUG	Updating add-on states
1474033787641	addons.xpi-utils	DEBUG	Writing add-ons list
1474033787663	addons.xpi	DEBUG	Registering manifest for C:\NB\firefox-sdk\bin\browser\features\e10srollout@mozilla.org.xpi
1474033787664	addons.xpi	DEBUG	Calling bootstrap method startup on e10srollout@mozilla.org version 1.0
1474033787664	addons.xpi	DEBUG	Registering manifest for C:\NB\firefox-sdk\bin\browser\features\firefox@getpocket.com.xpi
1474033787665	addons.xpi	DEBUG	Calling bootstrap method startup on firefox@getpocket.com version 1.0.2
1474033787665	addons.xpi	DEBUG	Registering manifest for C:\NB\firefox-sdk\bin\browser\features\loop@mozilla.org.xpi
1474033787666	addons.xpi	DEBUG	Calling bootstrap method startup on loop@mozilla.org version 1.3.2
1474033787685	addons.manager	DEBUG	Registering shutdown blocker for XPIProvider
1474033787686	addons.manager	DEBUG	Provider finished startup: XPIProvider
1474033787686	addons.manager	DEBUG	Starting provider: LightweightThemeManager
1474033787686	addons.manager	DEBUG	Registering shutdown blocker for LightweightThemeManager
1474033787686	addons.manager	DEBUG	Provider finished startup: LightweightThemeManager
1474033787686	addons.manager	DEBUG	Starting provider: GMPProvider
1474033787694	addons.manager	DEBUG	Registering shutdown blocker for GMPProvider
1474033787694	addons.manager	DEBUG	Provider finished startup: GMPProvider
1474033787694	addons.manager	DEBUG	Starting provider: PluginProvider
1474033787694	addons.manager	DEBUG	Registering shutdown blocker for PluginProvider
1474033787695	addons.manager	DEBUG	Provider finished startup: PluginProvider
1474033787695	addons.manager	DEBUG	Completed startup sequence
1474033793841	addons.manager	DEBUG	Starting provider: <unnamed-provider>
1474033793841	addons.manager	DEBUG	Registering shutdown blocker for <unnamed-provider>
1474033793842	addons.manager	DEBUG	Provider finished startup: <unnamed-provider>
1474033793843	DeferredSave.extensions.json	DEBUG	Starting write
1474033806247	addons.repository	DEBUG	No addons.json found.
1474033806248	DeferredSave.addons.json	DEBUG	Save changes
1474033806290	DeferredSave.addons.json	DEBUG	Starting timer
1474033807033	addons.manager	DEBUG	Starting provider: PreviousExperimentProvider
1474033807033	addons.manager	DEBUG	Registering shutdown blocker for PreviousExperimentProvider
1474033807034	addons.manager	DEBUG	Provider finished startup: PreviousExperimentProvider
1474033807041	DeferredSave.extensions.json	DEBUG	Write succeeded
1474033807042	addons.xpi-utils	DEBUG	XPI Database saved, setting schema version preference to 17
1474033807043	DeferredSave.addons.json	DEBUG	Starting write
1474033808023	DeferredSave.addons.json	DEBUG	Write succeeded

	at org.openqa.selenium.firefox.internal.NewProfileExtensionConnection.start(NewProfileExtensionConnection.java:113)
	at org.openqa.selenium.firefox.FirefoxDriver.startClient(FirefoxDriver.java:271)
	at org.openqa.selenium.remote.RemoteWebDriver.<init>(RemoteWebDriver.java:119)
	at org.openqa.selenium.firefox.FirefoxDriver.<init>(FirefoxDriver.java:216)
	at org.openqa.selenium.firefox.FirefoxDriver.<init>(FirefoxDriver.java:211)
	at org.openqa.selenium.firefox.FirefoxDriver.<init>(FirefoxDriver.java:207)
	at LoginTest.i_open_the_page(LoginTest.java:137)
	at sun.reflect.NativeMethodAccessorImpl.invoke0(Native Method)
	at sun.reflect.NativeMethodAccessorImpl.invoke(NativeMethodAccessorImpl.java:62)
	at sun.reflect.DelegatingMethodAccessorImpl.invoke(DelegatingMethodAccessorImpl.java:43)
	at java.lang.reflect.Method.invoke(Method.java:497)
	at cucumber.runtime.Utils$1.call(Utils.java:37)
	at cucumber.runtime.Timeout.timeout(Timeout.java:13)
	at cucumber.runtime.Utils.invoke(Utils.java:31)
	at cucumber.runtime.java.JavaStepDefinition.execute(JavaStepDefinition.java:38)
	at cucumber.runtime.StepDefinitionMatch.runStep(StepDefinitionMatch.java:37)
	at cucumber.runtime.Runtime.runStep(Runtime.java:299)
	at cucumber.runtime.model.StepContainer.runStep(StepContainer.java:44)
	at cucumber.runtime.model.StepContainer.runSteps(StepContainer.java:39)
	at cucumber.runtime.model.CucumberScenario.run(CucumberScenario.java:44)
	at cucumber.runtime.junit.ExecutionUnitRunner.run(ExecutionUnitRunner.java:91)
	at cucumber.runtime.junit.FeatureRunner.runChild(FeatureRunner.java:63)
	at cucumber.runtime.junit.FeatureRunner.runChild(FeatureRunner.java:18)
	at org.junit.runners.ParentRunner$3.run(ParentRunner.java:290)
	at org.junit.runners.ParentRunner$1.schedule(ParentRunner.java:71)
	at org.junit.runners.ParentRunner.runChildren(ParentRunner.java:288)
	at org.junit.runners.ParentRunner.access$000(ParentRunner.java:58)
	at org.junit.runners.ParentRunner$2.evaluate(ParentRunner.java:268)
	at org.junit.runners.ParentRunner.run(ParentRunner.java:363)
	at cucumber.runtime.junit.FeatureRunner.run(FeatureRunner.java:70)
	at cucumber.api.junit.Cucumber.runChild(Cucumber.java:93)
	at cucumber.api.junit.Cucumber.runChild(Cucumber.java:37)
	at org.junit.runners.ParentRunner$3.run(ParentRunner.java:290)
	at org.junit.runners.ParentRunner$1.schedule(ParentRunner.java:71)
	at org.junit.runners.ParentRunner.runChildren(ParentRunner.java:288)
	at org.junit.runners.ParentRunner.access$000(ParentRunner.java:58)
	at org.junit.runners.ParentRunner$2.evaluate(ParentRunner.java:268)
	at org.junit.runners.ParentRunner.run(ParentRunner.java:363)
	at cucumber.api.junit.Cucumber.run(Cucumber.java:98)
	at junit.framework.JUnit4TestAdapter.run(JUnit4TestAdapter.java:38)
	at org.apache.tools.ant.taskdefs.optional.junit.JUnitTestRunner.run(JUnitTestRunner.java:535)
	at org.apache.tools.ant.taskdefs.optional.junit.JUnitTestRunner.launch(JUnitTestRunner.java:1182)
	at org.apache.tools.ant.taskdefs.optional.junit.JUnitTestRunner.main(JUnitTestRunner.java:1033)

org.openqa.selenium.WebDriverException: document.getElementById(...) is null
Command duration or timeout: 26 milliseconds
Build info: version: '2.53.1', revision: 'a36b8b1cd5757287168e54b817830adce9b0158d', time: '2016-06-30 19:26:09'
System info: host: 'NUFLCNU417CBJ1', ip: '10.252.0.43', os.name: 'Windows 7', os.arch: 'amd64', os.version: '6.1', java.version: '1.8.0_65'
Driver info: org.openqa.selenium.firefox.FirefoxDriver
Capabilities [{applicationCacheEnabled=true, rotatable=false, handlesAlerts=true, databaseEnabled=true, version=47.0.1, platform=WINDOWS, nativeEvents=false, acceptSslCerts=true, webStorageEnabled=true, locationContextEnabled=true, browserName=firefox, takesScreenshot=true, javascriptEnabled=true, cssSelectorsEnabled=true}]
Session ID: 4ad7bff6-18c3-41a3-a767-85b43029dcca
	at sun.reflect.NativeConstructorAccessorImpl.newInstance0(Native Method)
	at sun.reflect.NativeConstructorAccessorImpl.newInstance(NativeConstructorAccessorImpl.java:62)
	at sun.reflect.DelegatingConstructorAccessorImpl.newInstance(DelegatingConstructorAccessorImpl.java:45)
	at java.lang.reflect.Constructor.newInstance(Constructor.java:422)
	at org.openqa.selenium.remote.ErrorHandler.createThrowable(ErrorHandler.java:206)
	at org.openqa.selenium.remote.ErrorHandler.throwIfResponseFailed(ErrorHandler.java:158)
	at org.openqa.selenium.remote.RemoteWebDriver.execute(RemoteWebDriver.java:678)
	at org.openqa.selenium.remote.RemoteWebDriver.executeScript(RemoteWebDriver.java:577)
	at LoginTest.When_I_fill_number_field(LoginTest.java:156)
	at ?.When I fill number field "direct_debit_account_details_form_account_number" with "40308669"(src/test/olj.feature:402)
Caused by: org.openqa.selenium.WebDriverException: document.getElementById(...) is null
Build info: version: '2.53.1', revision: 'a36b8b1cd5757287168e54b817830adce9b0158d', time: '2016-06-30 19:26:09'
System info: host: 'NUFLCNU417CBJ1', ip: '10.252.0.43', os.name: 'Windows 7', os.arch: 'amd64', os.version: '6.1', java.version: '1.8.0_65'
Driver info: driver.version: unknown
	at <anonymous class>.anonymous(https://payments.nuffield.uat.fridayengineering.net/summary line 69 > Function:1)
	at <anonymous class>.handleEvaluateEvent(https://payments.nuffield.uat.fridayengineering.net/summary:69)

java.lang.NullPointerException
	at LoginTest.i_open_opportunity(LoginTest.java:536)
	at ?.Then I open opportunity(src/test/olj.feature:510)

org.openqa.selenium.WebDriverException: Failed to connect to binary FirefoxBinary(C:\NB\firefox-sdk\bin\firefox.exe) on port 7057; process output follows: 
pdateURL":null,"updateKey":null,"optionsURL":null,"optionsType":null,"aboutURL":null,"icons":{},"iconURL":null,"icon64URL":null,"defaultLocale":{"name":"Firefox Hello","description":"Web sharing for Firefox","creator":"Mozilla","homepageURL":null},"visible":true,"active":true,"userDisabled":false,"appDisabled":false,"descriptor":"C:\\NB\\firefox-sdk\\bin\\browser\\features\\loop@mozilla.org.xpi","installDate":1262300400000,"updateDate":1262300400000,"applyBackgroundUpdates":1,"bootstrap":true,"skinnable":false,"size":4239168,"sourceURI":null,"releaseNotesURI":null,"softDisabled":false,"foreignInstall":false,"hasBinaryComponents":false,"strictCompatibility":false,"locales":[],"targetApplications":[{"id":"{ec8030f7-c20a-464f-9b0e-13a3a9e97384}","minVersion":"46.0a1","maxVersion":"47.*"},{"id":"xpcshell@tests.mozilla.org","minVersion":"0","maxVersion":"10"}],"targetPlatforms":[],"multiprocessCompatible":false,"seen":true}
1474034194994	addons.xpi	DEBUG	getModTime: Recursive scan of loop@mozilla.org
1474034194994	addons.xpi	DEBUG	Updating XPIState for {"id":"{972ce4c6-7e08-4474-a285-3208198ce6fd}","syncGUID":"rOgNnyY0sxt6","location":"app-global","version":"47.0.1","type":"theme","internalName":"classic/1.0","updateURL":null,"updateKey":null,"optionsURL":null,"optionsType":null,"aboutURL":null,"icons":{"32":"icon.png","48":"icon.png"},"iconURL":null,"icon64URL":null,"defaultLocale":{"name":"Default","description":"The default theme.","creator":"Mozilla","homepageURL":null,"contributors":["Mozilla Contributors"]},"visible":true,"active":true,"userDisabled":false,"appDisabled":false,"descriptor":"C:\\NB\\firefox-sdk\\bin\\browser\\extensions\\{972ce4c6-7e08-4474-a285-3208198ce6fd}.xpi","installDate":1262300400000,"updateDate":1262300400000,"applyBackgroundUpdates":1,"skinnable":true,"size":22012,"sourceURI":null,"releaseNotesURI":null,"softDisabled":false,"foreignInstall":false,"hasBinaryComponents":false,"strictCompatibility":true,"locales":[],"targetApplications":[{"id":"{ec8030f7-c20a-464f-9b0e-13a3a9e97384}","minVersion":"47.0.1","maxVersion":"47.0.1"}],"targetPlatforms":[],"seen":true}
1474034194994	addons.xpi	DEBUG	getModTime: Recursive scan of {972ce4c6-7e08-4474-a285-3208198ce6fd}
1474034194995	DeferredSave.extensions.json	DEBUG	Save changes
1474034194995	addons.xpi	DEBUG	Updating database with changes to installed add-ons
1474034194995	addons.xpi-utils	DEBUG	Updating add-on states
1474034194997	addons.xpi-utils	DEBUG	Writing add-ons list
1474034195001	addons.xpi	DEBUG	Registering manifest for C:\NB\firefox-sdk\bin\browser\features\e10srollout@mozilla.org.xpi
1474034195001	addons.xpi	DEBUG	Calling bootstrap method startup on e10srollout@mozilla.org version 1.0
1474034195002	addons.xpi	DEBUG	Registering manifest for C:\NB\firefox-sdk\bin\browser\features\firefox@getpocket.com.xpi
1474034195002	addons.xpi	DEBUG	Calling bootstrap method startup on firefox@getpocket.com version 1.0.2
1474034195003	addons.xpi	DEBUG	Registering manifest for C:\NB\firefox-sdk\bin\browser\features\loop@mozilla.org.xpi
1474034195004	addons.xpi	DEBUG	Calling bootstrap method startup on loop@mozilla.org version 1.3.2
1474034195021	addons.manager	DEBUG	Registering shutdown blocker for XPIProvider
1474034195021	addons.manager	DEBUG	Provider finished startup: XPIProvider
1474034195021	addons.manager	DEBUG	Starting provider: LightweightThemeManager
1474034195021	addons.manager	DEBUG	Registering shutdown blocker for LightweightThemeManager
1474034195021	addons.manager	DEBUG	Provider finished startup: LightweightThemeManager
1474034195022	addons.manager	DEBUG	Starting provider: GMPProvider
1474034195029	addons.manager	DEBUG	Registering shutdown blocker for GMPProvider
1474034195029	addons.manager	DEBUG	Provider finished startup: GMPProvider
1474034195029	addons.manager	DEBUG	Starting provider: PluginProvider
1474034195029	addons.manager	DEBUG	Registering shutdown blocker for PluginProvider
1474034195029	addons.manager	DEBUG	Provider finished startup: PluginProvider
1474034195030	addons.manager	DEBUG	Completed startup sequence

Build info: version: '2.53.1', revision: 'a36b8b1cd5757287168e54b817830adce9b0158d', time: '2016-06-30 19:26:09'
System info: host: 'NUFLCNU417CBJ1', ip: '10.252.0.43', os.name: 'Windows 7', os.arch: 'amd64', os.version: '6.1', java.version: '1.8.0_65'
Driver info: driver.version: FirefoxDriver
	at org.openqa.selenium.firefox.internal.NewProfileExtensionConnection.start(NewProfileExtensionConnection.java:125)
	at org.openqa.selenium.firefox.FirefoxDriver.startClient(FirefoxDriver.java:271)
	at org.openqa.selenium.remote.RemoteWebDriver.<init>(RemoteWebDriver.java:119)
	at org.openqa.selenium.firefox.FirefoxDriver.<init>(FirefoxDriver.java:216)
	at org.openqa.selenium.firefox.FirefoxDriver.<init>(FirefoxDriver.java:211)
	at org.openqa.selenium.firefox.FirefoxDriver.<init>(FirefoxDriver.java:207)
	at LoginTest.i_open_the_page(LoginTest.java:137)
	at ?.Given I open the page "waf"(src/test/olj.feature:525)
Caused by: org.openqa.selenium.firefox.NotConnectedException: Unable to connect to host 127.0.0.1 on port 7057 after 45000 ms. Firefox console output:
pdateURL":null,"updateKey":null,"optionsURL":null,"optionsType":null,"aboutURL":null,"icons":{},"iconURL":null,"icon64URL":null,"defaultLocale":{"name":"Firefox Hello","description":"Web sharing for Firefox","creator":"Mozilla","homepageURL":null},"visible":true,"active":true,"userDisabled":false,"appDisabled":false,"descriptor":"C:\\NB\\firefox-sdk\\bin\\browser\\features\\loop@mozilla.org.xpi","installDate":1262300400000,"updateDate":1262300400000,"applyBackgroundUpdates":1,"bootstrap":true,"skinnable":false,"size":4239168,"sourceURI":null,"releaseNotesURI":null,"softDisabled":false,"foreignInstall":false,"hasBinaryComponents":false,"strictCompatibility":false,"locales":[],"targetApplications":[{"id":"{ec8030f7-c20a-464f-9b0e-13a3a9e97384}","minVersion":"46.0a1","maxVersion":"47.*"},{"id":"xpcshell@tests.mozilla.org","minVersion":"0","maxVersion":"10"}],"targetPlatforms":[],"multiprocessCompatible":false,"seen":true}
1474034194994	addons.xpi	DEBUG	getModTime: Recursive scan of loop@mozilla.org
1474034194994	addons.xpi	DEBUG	Updating XPIState for {"id":"{972ce4c6-7e08-4474-a285-3208198ce6fd}","syncGUID":"rOgNnyY0sxt6","location":"app-global","version":"47.0.1","type":"theme","internalName":"classic/1.0","updateURL":null,"updateKey":null,"optionsURL":null,"optionsType":null,"aboutURL":null,"icons":{"32":"icon.png","48":"icon.png"},"iconURL":null,"icon64URL":null,"defaultLocale":{"name":"Default","description":"The default theme.","creator":"Mozilla","homepageURL":null,"contributors":["Mozilla Contributors"]},"visible":true,"active":true,"userDisabled":false,"appDisabled":false,"descriptor":"C:\\NB\\firefox-sdk\\bin\\browser\\extensions\\{972ce4c6-7e08-4474-a285-3208198ce6fd}.xpi","installDate":1262300400000,"updateDate":1262300400000,"applyBackgroundUpdates":1,"skinnable":true,"size":22012,"sourceURI":null,"releaseNotesURI":null,"softDisabled":false,"foreignInstall":false,"hasBinaryComponents":false,"strictCompatibility":true,"locales":[],"targetApplications":[{"id":"{ec8030f7-c20a-464f-9b0e-13a3a9e97384}","minVersion":"47.0.1","maxVersion":"47.0.1"}],"targetPlatforms":[],"seen":true}
1474034194994	addons.xpi	DEBUG	getModTime: Recursive scan of {972ce4c6-7e08-4474-a285-3208198ce6fd}
1474034194995	DeferredSave.extensions.json	DEBUG	Save changes
1474034194995	addons.xpi	DEBUG	Updating database with changes to installed add-ons
1474034194995	addons.xpi-utils	DEBUG	Updating add-on states
1474034194997	addons.xpi-utils	DEBUG	Writing add-ons list
1474034195001	addons.xpi	DEBUG	Registering manifest for C:\NB\firefox-sdk\bin\browser\features\e10srollout@mozilla.org.xpi
1474034195001	addons.xpi	DEBUG	Calling bootstrap method startup on e10srollout@mozilla.org version 1.0
1474034195002	addons.xpi	DEBUG	Registering manifest for C:\NB\firefox-sdk\bin\browser\features\firefox@getpocket.com.xpi
1474034195002	addons.xpi	DEBUG	Calling bootstrap method startup on firefox@getpocket.com version 1.0.2
1474034195003	addons.xpi	DEBUG	Registering manifest for C:\NB\firefox-sdk\bin\browser\features\loop@mozilla.org.xpi
1474034195004	addons.xpi	DEBUG	Calling bootstrap method startup on loop@mozilla.org version 1.3.2
1474034195021	addons.manager	DEBUG	Registering shutdown blocker for XPIProvider
1474034195021	addons.manager	DEBUG	Provider finished startup: XPIProvider
1474034195021	addons.manager	DEBUG	Starting provider: LightweightThemeManager
1474034195021	addons.manager	DEBUG	Registering shutdown blocker for LightweightThemeManager
1474034195021	addons.manager	DEBUG	Provider finished startup: LightweightThemeManager
1474034195022	addons.manager	DEBUG	Starting provider: GMPProvider
1474034195029	addons.manager	DEBUG	Registering shutdown blocker for GMPProvider
1474034195029	addons.manager	DEBUG	Provider finished startup: GMPProvider
1474034195029	addons.manager	DEBUG	Starting provider: PluginProvider
1474034195029	addons.manager	DEBUG	Registering shutdown blocker for PluginProvider
1474034195029	addons.manager	DEBUG	Provider finished startup: PluginProvider
1474034195030	addons.manager	DEBUG	Completed startup sequence

	at org.openqa.selenium.firefox.internal.NewProfileExtensionConnection.start(NewProfileExtensionConnection.java:113)
	at org.openqa.selenium.firefox.FirefoxDriver.startClient(FirefoxDriver.java:271)
	at org.openqa.selenium.remote.RemoteWebDriver.<init>(RemoteWebDriver.java:119)
	at org.openqa.selenium.firefox.FirefoxDriver.<init>(FirefoxDriver.java:216)
	at org.openqa.selenium.firefox.FirefoxDriver.<init>(FirefoxDriver.java:211)
	at org.openqa.selenium.firefox.FirefoxDriver.<init>(FirefoxDriver.java:207)
	at LoginTest.i_open_the_page(LoginTest.java:137)
	at sun.reflect.NativeMethodAccessorImpl.invoke0(Native Method)
	at sun.reflect.NativeMethodAccessorImpl.invoke(NativeMethodAccessorImpl.java:62)
	at sun.reflect.DelegatingMethodAccessorImpl.invoke(DelegatingMethodAccessorImpl.java:43)
	at java.lang.reflect.Method.invoke(Method.java:497)
	at cucumber.runtime.Utils$1.call(Utils.java:37)
	at cucumber.runtime.Timeout.timeout(Timeout.java:13)
	at cucumber.runtime.Utils.invoke(Utils.java:31)
	at cucumber.runtime.java.JavaStepDefinition.execute(JavaStepDefinition.java:38)
	at cucumber.runtime.StepDefinitionMatch.runStep(StepDefinitionMatch.java:37)
	at cucumber.runtime.Runtime.runStep(Runtime.java:299)
	at cucumber.runtime.model.StepContainer.runStep(StepContainer.java:44)
	at cucumber.runtime.model.StepContainer.runSteps(StepContainer.java:39)
	at cucumber.runtime.model.CucumberScenario.run(CucumberScenario.java:44)
	at cucumber.runtime.junit.ExecutionUnitRunner.run(ExecutionUnitRunner.java:91)
	at cucumber.runtime.junit.FeatureRunner.runChild(FeatureRunner.java:63)
	at cucumber.runtime.junit.FeatureRunner.runChild(FeatureRunner.java:18)
	at org.junit.runners.ParentRunner$3.run(ParentRunner.java:290)
	at org.junit.runners.ParentRunner$1.schedule(ParentRunner.java:71)
	at org.junit.runners.ParentRunner.runChildren(ParentRunner.java:288)
	at org.junit.runners.ParentRunner.access$000(ParentRunner.java:58)
	at org.junit.runners.ParentRunner$2.evaluate(ParentRunner.java:268)
	at org.junit.runners.ParentRunner.run(ParentRunner.java:363)
	at cucumber.runtime.junit.FeatureRunner.run(FeatureRunner.java:70)
	at cucumber.api.junit.Cucumber.runChild(Cucumber.java:93)
	at cucumber.api.junit.Cucumber.runChild(Cucumber.java:37)
	at org.junit.runners.ParentRunner$3.run(ParentRunner.java:290)
	at org.junit.runners.ParentRunner$1.schedule(ParentRunner.java:71)
	at org.junit.runners.ParentRunner.runChildren(ParentRunner.java:288)
	at org.junit.runners.ParentRunner.access$000(ParentRunner.java:58)
	at org.junit.runners.ParentRunner$2.evaluate(ParentRunner.java:268)
	at org.junit.runners.ParentRunner.run(ParentRunner.java:363)
	at cucumber.api.junit.Cucumber.run(Cucumber.java:98)
	at junit.framework.JUnit4TestAdapter.run(JUnit4TestAdapter.java:38)
	at org.apache.tools.ant.taskdefs.optional.junit.JUnitTestRunner.run(JUnitTestRunner.java:535)
	at org.apache.tools.ant.taskdefs.optional.junit.JUnitTestRunner.launch(JUnitTestRunner.java:1182)
	at org.apache.tools.ant.taskdefs.optional.junit.JUnitTestRunner.main(JUnitTestRunner.java:1033)

]]></system-out>
  <system-err><![CDATA[org.openqa.selenium.firefox.NotConnectedException: Unable to connect to host 127.0.0.1 on port 7055 after 45000 ms. Firefox console output:

	at org.openqa.selenium.firefox.internal.NewProfileExtensionConnection.start(NewProfileExtensionConnection.java:113)
	at org.openqa.selenium.firefox.FirefoxDriver.startClient(FirefoxDriver.java:271)
	at org.openqa.selenium.remote.RemoteWebDriver.<init>(RemoteWebDriver.java:119)
	at org.openqa.selenium.firefox.FirefoxDriver.<init>(FirefoxDriver.java:216)
	at org.openqa.selenium.firefox.FirefoxDriver.<init>(FirefoxDriver.java:211)
	at org.openqa.selenium.firefox.FirefoxDriver.<init>(FirefoxDriver.java:207)
	at LoginTest.i_open_the_page(LoginTest.java:137)
	at sun.reflect.NativeMethodAccessorImpl.invoke0(Native Method)
	at sun.reflect.NativeMethodAccessorImpl.invoke(NativeMethodAccessorImpl.java:62)
	at sun.reflect.DelegatingMethodAccessorImpl.invoke(DelegatingMethodAccessorImpl.java:43)
	at java.lang.reflect.Method.invoke(Method.java:497)
	at cucumber.runtime.Utils$1.call(Utils.java:37)
	at cucumber.runtime.Timeout.timeout(Timeout.java:13)
	at cucumber.runtime.Utils.invoke(Utils.java:31)
	at cucumber.runtime.java.JavaStepDefinition.execute(JavaStepDefinition.java:38)
	at cucumber.runtime.StepDefinitionMatch.runStep(StepDefinitionMatch.java:37)
	at cucumber.runtime.Runtime.runStep(Runtime.java:299)
	at cucumber.runtime.model.StepContainer.runStep(StepContainer.java:44)
	at cucumber.runtime.model.StepContainer.runSteps(StepContainer.java:39)
	at cucumber.runtime.model.CucumberScenario.run(CucumberScenario.java:44)
	at cucumber.runtime.junit.ExecutionUnitRunner.run(ExecutionUnitRunner.java:91)
	at cucumber.runtime.junit.FeatureRunner.runChild(FeatureRunner.java:63)
	at cucumber.runtime.junit.FeatureRunner.runChild(FeatureRunner.java:18)
	at org.junit.runners.ParentRunner$3.run(ParentRunner.java:290)
	at org.junit.runners.ParentRunner$1.schedule(ParentRunner.java:71)
	at org.junit.runners.ParentRunner.runChildren(ParentRunner.java:288)
	at org.junit.runners.ParentRunner.access$000(ParentRunner.java:58)
	at org.junit.runners.ParentRunner$2.evaluate(ParentRunner.java:268)
	at org.junit.runners.ParentRunner.run(ParentRunner.java:363)
	at cucumber.runtime.junit.FeatureRunner.run(FeatureRunner.java:70)
	at cucumber.api.junit.Cucumber.runChild(Cucumber.java:93)
	at cucumber.api.junit.Cucumber.runChild(Cucumber.java:37)
	at org.junit.runners.ParentRunner$3.run(ParentRunner.java:290)
	at org.junit.runners.ParentRunner$1.schedule(ParentRunner.java:71)
	at org.junit.runners.ParentRunner.runChildren(ParentRunner.java:288)
	at org.junit.runners.ParentRunner.access$000(ParentRunner.java:58)
	at org.junit.runners.ParentRunner$2.evaluate(ParentRunner.java:268)
	at org.junit.runners.ParentRunner.run(ParentRunner.java:363)
	at cucumber.api.junit.Cucumber.run(Cucumber.java:98)
	at junit.framework.JUnit4TestAdapter.run(JUnit4TestAdapter.java:38)
	at org.apache.tools.ant.taskdefs.optional.junit.JUnitTestRunner.run(JUnitTestRunner.java:535)
	at org.apache.tools.ant.taskdefs.optional.junit.JUnitTestRunner.launch(JUnitTestRunner.java:1182)
	at org.apache.tools.ant.taskdefs.optional.junit.JUnitTestRunner.main(JUnitTestRunner.java:1033)
org.openqa.selenium.firefox.NotConnectedException: Unable to connect to host 127.0.0.1 on port 7055 after 45000 ms. Firefox console output:
pdating XPIState for {"id":"{972ce4c6-7e08-4474-a285-3208198ce6fd}","syncGUID":"6VspclCdmIGo","location":"app-global","version":"47.0.1","type":"theme","internalName":"classic/1.0","updateURL":null,"updateKey":null,"optionsURL":null,"optionsType":null,"aboutURL":null,"icons":{"32":"icon.png","48":"icon.png"},"iconURL":null,"icon64URL":null,"defaultLocale":{"name":"Default","description":"The default theme.","creator":"Mozilla","homepageURL":null,"contributors":["Mozilla Contributors"]},"visible":true,"active":true,"userDisabled":false,"appDisabled":false,"descriptor":"C:\\NB\\firefox-sdk\\bin\\browser\\extensions\\{972ce4c6-7e08-4474-a285-3208198ce6fd}.xpi","installDate":1262300400000,"updateDate":1262300400000,"applyBackgroundUpdates":1,"skinnable":true,"size":22012,"sourceURI":null,"releaseNotesURI":null,"softDisabled":false,"foreignInstall":false,"hasBinaryComponents":false,"strictCompatibility":true,"locales":[],"targetApplications":[{"id":"{ec8030f7-c20a-464f-9b0e-13a3a9e97384}","minVersion":"47.0.1","maxVersion":"47.0.1"}],"targetPlatforms":[],"seen":true}
1474033787639	addons.xpi	DEBUG	getModTime: Recursive scan of {972ce4c6-7e08-4474-a285-3208198ce6fd}
1474033787640	DeferredSave.extensions.json	DEBUG	Save changes
1474033787640	addons.xpi	DEBUG	Updating database with changes to installed add-ons
1474033787640	addons.xpi-utils	DEBUG	Updating add-on states
1474033787641	addons.xpi-utils	DEBUG	Writing add-ons list
1474033787663	addons.xpi	DEBUG	Registering manifest for C:\NB\firefox-sdk\bin\browser\features\e10srollout@mozilla.org.xpi
1474033787664	addons.xpi	DEBUG	Calling bootstrap method startup on e10srollout@mozilla.org version 1.0
1474033787664	addons.xpi	DEBUG	Registering manifest for C:\NB\firefox-sdk\bin\browser\features\firefox@getpocket.com.xpi
1474033787665	addons.xpi	DEBUG	Calling bootstrap method startup on firefox@getpocket.com version 1.0.2
1474033787665	addons.xpi	DEBUG	Registering manifest for C:\NB\firefox-sdk\bin\browser\features\loop@mozilla.org.xpi
1474033787666	addons.xpi	DEBUG	Calling bootstrap method startup on loop@mozilla.org version 1.3.2
1474033787685	addons.manager	DEBUG	Registering shutdown blocker for XPIProvider
1474033787686	addons.manager	DEBUG	Provider finished startup: XPIProvider
1474033787686	addons.manager	DEBUG	Starting provider: LightweightThemeManager
1474033787686	addons.manager	DEBUG	Registering shutdown blocker for LightweightThemeManager
1474033787686	addons.manager	DEBUG	Provider finished startup: LightweightThemeManager
1474033787686	addons.manager	DEBUG	Starting provider: GMPProvider
1474033787694	addons.manager	DEBUG	Registering shutdown blocker for GMPProvider
1474033787694	addons.manager	DEBUG	Provider finished startup: GMPProvider
1474033787694	addons.manager	DEBUG	Starting provider: PluginProvider
1474033787694	addons.manager	DEBUG	Registering shutdown blocker for PluginProvider
1474033787695	addons.manager	DEBUG	Provider finished startup: PluginProvider
1474033787695	addons.manager	DEBUG	Completed startup sequence
1474033793841	addons.manager	DEBUG	Starting provider: <unnamed-provider>
1474033793841	addons.manager	DEBUG	Registering shutdown blocker for <unnamed-provider>
1474033793842	addons.manager	DEBUG	Provider finished startup: <unnamed-provider>
1474033793843	DeferredSave.extensions.json	DEBUG	Starting write
1474033806247	addons.repository	DEBUG	No addons.json found.
1474033806248	DeferredSave.addons.json	DEBUG	Save changes
1474033806290	DeferredSave.addons.json	DEBUG	Starting timer
1474033807033	addons.manager	DEBUG	Starting provider: PreviousExperimentProvider
1474033807033	addons.manager	DEBUG	Registering shutdown blocker for PreviousExperimentProvider
1474033807034	addons.manager	DEBUG	Provider finished startup: PreviousExperimentProvider
1474033807041	DeferredSave.extensions.json	DEBUG	Write succeeded
1474033807042	addons.xpi-utils	DEBUG	XPI Database saved, setting schema version preference to 17
1474033807043	DeferredSave.addons.json	DEBUG	Starting write
1474033808023	DeferredSave.addons.json	DEBUG	Write succeeded

	at org.openqa.selenium.firefox.internal.NewProfileExtensionConnection.start(NewProfileExtensionConnection.java:113)
	at org.openqa.selenium.firefox.FirefoxDriver.startClient(FirefoxDriver.java:271)
	at org.openqa.selenium.remote.RemoteWebDriver.<init>(RemoteWebDriver.java:119)
	at org.openqa.selenium.firefox.FirefoxDriver.<init>(FirefoxDriver.java:216)
	at org.openqa.selenium.firefox.FirefoxDriver.<init>(FirefoxDriver.java:211)
	at org.openqa.selenium.firefox.FirefoxDriver.<init>(FirefoxDriver.java:207)
	at LoginTest.i_open_the_page(LoginTest.java:137)
	at sun.reflect.NativeMethodAccessorImpl.invoke0(Native Method)
	at sun.reflect.NativeMethodAccessorImpl.invoke(NativeMethodAccessorImpl.java:62)
	at sun.reflect.DelegatingMethodAccessorImpl.invoke(DelegatingMethodAccessorImpl.java:43)
	at java.lang.reflect.Method.invoke(Method.java:497)
	at cucumber.runtime.Utils$1.call(Utils.java:37)
	at cucumber.runtime.Timeout.timeout(Timeout.java:13)
	at cucumber.runtime.Utils.invoke(Utils.java:31)
	at cucumber.runtime.java.JavaStepDefinition.execute(JavaStepDefinition.java:38)
	at cucumber.runtime.StepDefinitionMatch.runStep(StepDefinitionMatch.java:37)
	at cucumber.runtime.Runtime.runStep(Runtime.java:299)
	at cucumber.runtime.model.StepContainer.runStep(StepContainer.java:44)
	at cucumber.runtime.model.StepContainer.runSteps(StepContainer.java:39)
	at cucumber.runtime.model.CucumberScenario.run(CucumberScenario.java:44)
	at cucumber.runtime.junit.ExecutionUnitRunner.run(ExecutionUnitRunner.java:91)
	at cucumber.runtime.junit.FeatureRunner.runChild(FeatureRunner.java:63)
	at cucumber.runtime.junit.FeatureRunner.runChild(FeatureRunner.java:18)
	at org.junit.runners.ParentRunner$3.run(ParentRunner.java:290)
	at org.junit.runners.ParentRunner$1.schedule(ParentRunner.java:71)
	at org.junit.runners.ParentRunner.runChildren(ParentRunner.java:288)
	at org.junit.runners.ParentRunner.access$000(ParentRunner.java:58)
	at org.junit.runners.ParentRunner$2.evaluate(ParentRunner.java:268)
	at org.junit.runners.ParentRunner.run(ParentRunner.java:363)
	at cucumber.runtime.junit.FeatureRunner.run(FeatureRunner.java:70)
	at cucumber.api.junit.Cucumber.runChild(Cucumber.java:93)
	at cucumber.api.junit.Cucumber.runChild(Cucumber.java:37)
	at org.junit.runners.ParentRunner$3.run(ParentRunner.java:290)
	at org.junit.runners.ParentRunner$1.schedule(ParentRunner.java:71)
	at org.junit.runners.ParentRunner.runChildren(ParentRunner.java:288)
	at org.junit.runners.ParentRunner.access$000(ParentRunner.java:58)
	at org.junit.runners.ParentRunner$2.evaluate(ParentRunner.java:268)
	at org.junit.runners.ParentRunner.run(ParentRunner.java:363)
	at cucumber.api.junit.Cucumber.run(Cucumber.java:98)
	at junit.framework.JUnit4TestAdapter.run(JUnit4TestAdapter.java:38)
	at org.apache.tools.ant.taskdefs.optional.junit.JUnitTestRunner.run(JUnitTestRunner.java:535)
	at org.apache.tools.ant.taskdefs.optional.junit.JUnitTestRunner.launch(JUnitTestRunner.java:1182)
	at org.apache.tools.ant.taskdefs.optional.junit.JUnitTestRunner.main(JUnitTestRunner.java:1033)
org.openqa.selenium.firefox.NotConnectedException: Unable to connect to host 127.0.0.1 on port 7057 after 45000 ms. Firefox console output:
pdateURL":null,"updateKey":null,"optionsURL":null,"optionsType":null,"aboutURL":null,"icons":{},"iconURL":null,"icon64URL":null,"defaultLocale":{"name":"Firefox Hello","description":"Web sharing for Firefox","creator":"Mozilla","homepageURL":null},"visible":true,"active":true,"userDisabled":false,"appDisabled":false,"descriptor":"C:\\NB\\firefox-sdk\\bin\\browser\\features\\loop@mozilla.org.xpi","installDate":1262300400000,"updateDate":1262300400000,"applyBackgroundUpdates":1,"bootstrap":true,"skinnable":false,"size":4239168,"sourceURI":null,"releaseNotesURI":null,"softDisabled":false,"foreignInstall":false,"hasBinaryComponents":false,"strictCompatibility":false,"locales":[],"targetApplications":[{"id":"{ec8030f7-c20a-464f-9b0e-13a3a9e97384}","minVersion":"46.0a1","maxVersion":"47.*"},{"id":"xpcshell@tests.mozilla.org","minVersion":"0","maxVersion":"10"}],"targetPlatforms":[],"multiprocessCompatible":false,"seen":true}
1474034194994	addons.xpi	DEBUG	getModTime: Recursive scan of loop@mozilla.org
1474034194994	addons.xpi	DEBUG	Updating XPIState for {"id":"{972ce4c6-7e08-4474-a285-3208198ce6fd}","syncGUID":"rOgNnyY0sxt6","location":"app-global","version":"47.0.1","type":"theme","internalName":"classic/1.0","updateURL":null,"updateKey":null,"optionsURL":null,"optionsType":null,"aboutURL":null,"icons":{"32":"icon.png","48":"icon.png"},"iconURL":null,"icon64URL":null,"defaultLocale":{"name":"Default","description":"The default theme.","creator":"Mozilla","homepageURL":null,"contributors":["Mozilla Contributors"]},"visible":true,"active":true,"userDisabled":false,"appDisabled":false,"descriptor":"C:\\NB\\firefox-sdk\\bin\\browser\\extensions\\{972ce4c6-7e08-4474-a285-3208198ce6fd}.xpi","installDate":1262300400000,"updateDate":1262300400000,"applyBackgroundUpdates":1,"skinnable":true,"size":22012,"sourceURI":null,"releaseNotesURI":null,"softDisabled":false,"foreignInstall":false,"hasBinaryComponents":false,"strictCompatibility":true,"locales":[],"targetApplications":[{"id":"{ec8030f7-c20a-464f-9b0e-13a3a9e97384}","minVersion":"47.0.1","maxVersion":"47.0.1"}],"targetPlatforms":[],"seen":true}
1474034194994	addons.xpi	DEBUG	getModTime: Recursive scan of {972ce4c6-7e08-4474-a285-3208198ce6fd}
1474034194995	DeferredSave.extensions.json	DEBUG	Save changes
1474034194995	addons.xpi	DEBUG	Updating database with changes to installed add-ons
1474034194995	addons.xpi-utils	DEBUG	Updating add-on states
1474034194997	addons.xpi-utils	DEBUG	Writing add-ons list
1474034195001	addons.xpi	DEBUG	Registering manifest for C:\NB\firefox-sdk\bin\browser\features\e10srollout@mozilla.org.xpi
1474034195001	addons.xpi	DEBUG	Calling bootstrap method startup on e10srollout@mozilla.org version 1.0
1474034195002	addons.xpi	DEBUG	Registering manifest for C:\NB\firefox-sdk\bin\browser\features\firefox@getpocket.com.xpi
1474034195002	addons.xpi	DEBUG	Calling bootstrap method startup on firefox@getpocket.com version 1.0.2
1474034195003	addons.xpi	DEBUG	Registering manifest for C:\NB\firefox-sdk\bin\browser\features\loop@mozilla.org.xpi
1474034195004	addons.xpi	DEBUG	Calling bootstrap method startup on loop@mozilla.org version 1.3.2
1474034195021	addons.manager	DEBUG	Registering shutdown blocker for XPIProvider
1474034195021	addons.manager	DEBUG	Provider finished startup: XPIProvider
1474034195021	addons.manager	DEBUG	Starting provider: LightweightThemeManager
1474034195021	addons.manager	DEBUG	Registering shutdown blocker for LightweightThemeManager
1474034195021	addons.manager	DEBUG	Provider finished startup: LightweightThemeManager
1474034195022	addons.manager	DEBUG	Starting provider: GMPProvider
1474034195029	addons.manager	DEBUG	Registering shutdown blocker for GMPProvider
1474034195029	addons.manager	DEBUG	Provider finished startup: GMPProvider
1474034195029	addons.manager	DEBUG	Starting provider: PluginProvider
1474034195029	addons.manager	DEBUG	Registering shutdown blocker for PluginProvider
1474034195029	addons.manager	DEBUG	Provider finished startup: PluginProvider
1474034195030	addons.manager	DEBUG	Completed startup sequence

	at org.openqa.selenium.firefox.internal.NewProfileExtensionConnection.start(NewProfileExtensionConnection.java:113)
	at org.openqa.selenium.firefox.FirefoxDriver.startClient(FirefoxDriver.java:271)
	at org.openqa.selenium.remote.RemoteWebDriver.<init>(RemoteWebDriver.java:119)
	at org.openqa.selenium.firefox.FirefoxDriver.<init>(FirefoxDriver.java:216)
	at org.openqa.selenium.firefox.FirefoxDriver.<init>(FirefoxDriver.java:211)
	at org.openqa.selenium.firefox.FirefoxDriver.<init>(FirefoxDriver.java:207)
	at LoginTest.i_open_the_page(LoginTest.java:137)
	at sun.reflect.NativeMethodAccessorImpl.invoke0(Native Method)
	at sun.reflect.NativeMethodAccessorImpl.invoke(NativeMethodAccessorImpl.java:62)
	at sun.reflect.DelegatingMethodAccessorImpl.invoke(DelegatingMethodAccessorImpl.java:43)
	at java.lang.reflect.Method.invoke(Method.java:497)
	at cucumber.runtime.Utils$1.call(Utils.java:37)
	at cucumber.runtime.Timeout.timeout(Timeout.java:13)
	at cucumber.runtime.Utils.invoke(Utils.java:31)
	at cucumber.runtime.java.JavaStepDefinition.execute(JavaStepDefinition.java:38)
	at cucumber.runtime.StepDefinitionMatch.runStep(StepDefinitionMatch.java:37)
	at cucumber.runtime.Runtime.runStep(Runtime.java:299)
	at cucumber.runtime.model.StepContainer.runStep(StepContainer.java:44)
	at cucumber.runtime.model.StepContainer.runSteps(StepContainer.java:39)
	at cucumber.runtime.model.CucumberScenario.run(CucumberScenario.java:44)
	at cucumber.runtime.junit.ExecutionUnitRunner.run(ExecutionUnitRunner.java:91)
	at cucumber.runtime.junit.FeatureRunner.runChild(FeatureRunner.java:63)
	at cucumber.runtime.junit.FeatureRunner.runChild(FeatureRunner.java:18)
	at org.junit.runners.ParentRunner$3.run(ParentRunner.java:290)
	at org.junit.runners.ParentRunner$1.schedule(ParentRunner.java:71)
	at org.junit.runners.ParentRunner.runChildren(ParentRunner.java:288)
	at org.junit.runners.ParentRunner.access$000(ParentRunner.java:58)
	at org.junit.runners.ParentRunner$2.evaluate(ParentRunner.java:268)
	at org.junit.runners.ParentRunner.run(ParentRunner.java:363)
	at cucumber.runtime.junit.FeatureRunner.run(FeatureRunner.java:70)
	at cucumber.api.junit.Cucumber.runChild(Cucumber.java:93)
	at cucumber.api.junit.Cucumber.runChild(Cucumber.java:37)
	at org.junit.runners.ParentRunner$3.run(ParentRunner.java:290)
	at org.junit.runners.ParentRunner$1.schedule(ParentRunner.java:71)
	at org.junit.runners.ParentRunner.runChildren(ParentRunner.java:288)
	at org.junit.runners.ParentRunner.access$000(ParentRunner.java:58)
	at org.junit.runners.ParentRunner$2.evaluate(ParentRunner.java:268)
	at org.junit.runners.ParentRunner.run(ParentRunner.java:363)
	at cucumber.api.junit.Cucumber.run(Cucumber.java:98)
	at junit.framework.JUnit4TestAdapter.run(JUnit4TestAdapter.java:38)
	at org.apache.tools.ant.taskdefs.optional.junit.JUnitTestRunner.run(JUnitTestRunner.java:535)
	at org.apache.tools.ant.taskdefs.optional.junit.JUnitTestRunner.launch(JUnitTestRunner.java:1182)
	at org.apache.tools.ant.taskdefs.optional.junit.JUnitTestRunner.main(JUnitTestRunner.java:1033)
]]></system-err>
</testsuite>
